TN:
SF:src/config/email.ts
FN:17,sendEmail
FNF:1
FNH:0
FNDA:0,sendEmail
DA:1,1
DA:2,1
DA:3,1
DA:4,1
DA:5,1
DA:6,1
DA:7,1
DA:8,1
DA:9,1
DA:10,1
DA:11,1
DA:12,1
DA:13,1
DA:14,1
DA:15,1
DA:16,1
DA:17,1
DA:18,0
DA:19,0
DA:20,0
DA:21,0
DA:22,0
DA:23,0
DA:24,0
DA:25,0
LF:25
LH:17
BRF:0
BRH:0
end_of_record
TN:
SF:src/config/khalti.ts
FN:7,getKhaltiConfig
FN:15,initiateKhaltiPayment
FN:56,verifyKhaltiPayment
FNF:3
FNH:0
FNDA:0,getKhaltiConfig
FNDA:0,initiateKhaltiPayment
FNDA:0,verifyKhaltiPayment
DA:1,1
DA:2,1
DA:3,1
DA:4,1
DA:5,1
DA:6,1
DA:7,1
DA:8,0
DA:9,0
DA:10,0
DA:11,0
DA:12,0
DA:13,0
DA:14,1
DA:15,1
DA:16,0
DA:17,0
DA:18,0
DA:19,0
DA:20,0
DA:21,0
DA:22,0
DA:23,0
DA:24,0
DA:25,0
DA:26,0
DA:27,0
DA:28,0
DA:29,0
DA:30,0
DA:31,0
DA:32,0
DA:33,0
DA:34,0
DA:35,0
DA:36,0
DA:37,0
DA:38,0
DA:39,0
DA:40,0
DA:41,0
DA:42,0
DA:43,0
DA:44,0
DA:45,0
DA:46,0
DA:47,0
DA:48,0
DA:49,0
DA:50,0
DA:51,0
DA:52,0
DA:53,0
DA:54,0
DA:55,1
DA:56,1
DA:57,0
DA:58,0
DA:59,0
DA:60,0
DA:61,0
DA:62,0
DA:63,0
DA:64,0
DA:65,0
DA:66,0
DA:67,0
DA:68,0
DA:69,0
DA:70,0
DA:71,0
DA:72,0
DA:73,0
DA:74,0
DA:75,0
DA:76,0
DA:77,0
DA:78,0
DA:79,0
DA:80,0
DA:81,0
LF:81
LH:11
BRF:0
BRH:0
end_of_record
TN:
SF:src/controllers/business.controller.ts
FN:10,BusinessController
FN:13,BusinessController.register
FN:33,BusinessController.login
FN:66,BusinessController.uploadDocument
FN:94,BusinessController.approve
FN:124,BusinessController.getAll
FN:137,BusinessController.getProfile
FN:148,BusinessController.editProfile
FNF:8
FNH:8
FNDA:28,BusinessController
FNDA:9,BusinessController.register
FNDA:4,BusinessController.login
FNDA:5,BusinessController.uploadDocument
FNDA:2,BusinessController.approve
FNDA:2,BusinessController.getAll
FNDA:2,BusinessController.getProfile
FNDA:2,BusinessController.editProfile
DA:1,1
DA:2,1
DA:3,1
DA:4,1
DA:5,1
DA:6,1
DA:7,1
DA:8,1
DA:9,1
DA:10,28
DA:11,28
DA:12,28
DA:13,28
DA:14,9
DA:15,9
DA:16,9
DA:17,3
DA:18,3
DA:19,6
DA:20,9
DA:21,9
DA:22,9
DA:23,9
DA:24,9
DA:25,9
DA:26,4
DA:27,4
DA:28,7
DA:29,2
DA:30,2
DA:31,28
DA:32,28
DA:33,28
DA:34,4
DA:35,4
DA:36,4
DA:37,0
DA:38,0
DA:39,4
DA:40,4
DA:41,4
DA:42,4
DA:43,4
DA:44,1
DA:45,1
DA:46,1
DA:47,1
DA:48,1
DA:49,2
DA:50,2
DA:51,2
DA:52,2
DA:53,2
DA:54,2
DA:55,2
DA:56,2
DA:57,2
DA:58,2
DA:59,2
DA:60,2
DA:61,4
DA:62,1
DA:63,1
DA:64,28
DA:65,28
DA:66,28
DA:67,5
DA:68,5
DA:69,5
DA:70,1
DA:71,1
DA:72,1
DA:73,1
DA:74,5
DA:75,2
DA:76,2
DA:77,2
DA:78,2
DA:79,2
DA:80,2
DA:81,2
DA:82,2
DA:83,2
DA:84,2
DA:85,2
DA:86,2
DA:87,2
DA:88,2
DA:89,5
DA:90,0
DA:91,0
DA:92,28
DA:93,28
DA:94,28
DA:95,2
DA:96,2
DA:97,2
DA:98,2
DA:99,2
DA:100,0
DA:101,0
DA:102,2
DA:103,2
DA:104,2
DA:105,2
DA:106,2
DA:107,2
DA:108,2
DA:109,2
DA:110,2
DA:111,2
DA:112,2
DA:113,2
DA:114,2
DA:115,1
DA:116,2
DA:117,2
DA:118,2
DA:119,2
DA:120,0
DA:121,0
DA:122,28
DA:123,28
DA:124,28
DA:125,2
DA:126,2
DA:127,2
DA:128,2
DA:129,2
DA:130,2
DA:131,2
DA:132,2
DA:133,0
DA:134,0
DA:135,28
DA:136,28
DA:137,28
DA:138,2
DA:139,2
DA:140,2
DA:141,2
DA:142,1
DA:143,1
DA:144,1
DA:145,1
DA:146,28
DA:147,28
DA:148,28
DA:149,2
DA:150,2
DA:151,2
DA:152,2
DA:153,2
DA:154,2
DA:155,2
DA:156,2
DA:157,2
DA:158,1
DA:159,1
DA:160,1
DA:161,1
DA:162,1
DA:163,28
DA:164,28
LF:164
LH:154
BRDA:10,0,0,28
BRDA:13,1,0,9
BRDA:16,2,0,3
BRDA:19,3,0,6
BRDA:20,4,0,2
BRDA:20,5,0,4
BRDA:26,6,0,7
BRDA:26,7,0,4
BRDA:28,8,0,2
BRDA:33,9,0,4
BRDA:36,10,0,0
BRDA:41,11,0,3
BRDA:41,12,0,2
BRDA:43,13,0,3
BRDA:43,14,0,1
BRDA:49,15,0,2
BRDA:61,16,0,1
BRDA:66,17,0,5
BRDA:68,18,0,4
BRDA:69,19,0,1
BRDA:74,20,0,4
BRDA:74,21,0,2
BRDA:89,22,0,0
BRDA:94,23,0,2
BRDA:99,24,0,0
BRDA:114,25,0,1
BRDA:119,26,0,0
BRDA:124,27,0,2
BRDA:132,28,0,0
BRDA:137,29,0,2
BRDA:142,30,0,1
BRDA:148,31,0,2
BRDA:158,32,0,1
BRF:33
BRH:28
end_of_record
TN:
SF:src/controllers/cart.controller.ts
FN:7,getCart
FN:17,addToCart
FN:32,updateCartItem
FN:50,removeFromCart
FN:61,clearCart
FN:71,getCartCount
FNF:6
FNH:6
FNDA:2,getCart
FNDA:2,addToCart
FNDA:2,updateCartItem
FNDA:1,removeFromCart
FNDA:1,clearCart
FNDA:1,getCartCount
DA:1,1
DA:2,1
DA:3,1
DA:4,1
DA:5,1
DA:6,1
DA:7,1
DA:8,2
DA:9,2
DA:10,2
DA:11,1
DA:12,1
DA:13,1
DA:14,1
DA:15,2
DA:16,1
DA:17,1
DA:18,2
DA:19,2
DA:20,2
DA:21,2
DA:22,2
DA:23,1
DA:24,1
DA:25,1
DA:26,1
DA:27,1
DA:28,1
DA:29,1
DA:30,2
DA:31,1
DA:32,1
DA:33,2
DA:34,2
DA:35,2
DA:36,2
DA:37,2
DA:38,2
DA:39,2
DA:40,2
DA:41,2
DA:42,2
DA:43,1
DA:44,1
DA:45,1
DA:46,1
DA:47,1
DA:48,2
DA:49,1
DA:50,1
DA:51,1
DA:52,1
DA:53,1
DA:54,1
DA:55,1
DA:56,1
DA:57,0
DA:58,0
DA:59,1
DA:60,1
DA:61,1
DA:62,1
DA:63,1
DA:64,1
DA:65,1
DA:66,1
DA:67,0
DA:68,0
DA:69,1
DA:70,1
DA:71,1
DA:72,1
DA:73,1
DA:74,1
DA:75,1
DA:76,1
DA:77,0
DA:78,0
DA:79,1
LF:79
LH:73
BRDA:7,0,0,2
BRDA:11,1,0,1
BRDA:17,2,0,2
BRDA:23,3,0,1
BRDA:25,4,0,0
BRDA:32,5,0,2
BRDA:43,6,0,1
BRDA:45,7,0,0
BRDA:50,8,0,1
BRDA:56,9,0,0
BRDA:61,10,0,1
BRDA:66,11,0,0
BRDA:71,12,0,1
BRDA:76,13,0,0
BRF:14
BRH:9
end_of_record
TN:
SF:src/controllers/category.controller.ts
FN:6,addCategory
FN:43,getCategories
FN:53,getCategoryById
FN:66,updateCategory
FN:85,deleteCategory
FNF:5
FNH:5
FNDA:5,addCategory
FNDA:3,getCategories
FNDA:2,getCategoryById
FNDA:2,updateCategory
FNDA:2,deleteCategory
DA:1,1
DA:2,1
DA:3,1
DA:4,1
DA:5,1
DA:6,1
DA:7,5
DA:8,5
DA:9,5
DA:10,5
DA:11,1
DA:12,1
DA:13,1
DA:14,1
DA:15,1
DA:16,4
DA:17,4
DA:18,4
DA:19,4
DA:20,4
DA:21,4
DA:22,2
DA:23,2
DA:24,2
DA:25,2
DA:26,2
DA:27,2
DA:28,2
DA:29,2
DA:30,1
DA:31,1
DA:32,1
DA:33,1
DA:34,1
DA:35,1
DA:36,1
DA:37,1
DA:38,1
DA:39,1
DA:40,1
DA:41,5
DA:42,1
DA:43,1
DA:44,3
DA:45,3
DA:46,3
DA:47,3
DA:48,3
DA:49,3
DA:50,3
DA:51,3
DA:52,1
DA:53,1
DA:54,2
DA:55,2
DA:56,2
DA:57,1
DA:58,1
DA:59,1
DA:60,1
DA:61,1
DA:62,1
DA:63,1
DA:64,1
DA:65,1
DA:66,1
DA:67,2
DA:68,2
DA:69,2
DA:70,1
DA:71,1
DA:72,1
DA:73,1
DA:74,1
DA:75,1
DA:76,1
DA:77,1
DA:78,1
DA:79,1
DA:80,1
DA:81,1
DA:82,1
DA:83,1
DA:84,1
DA:85,1
DA:86,2
DA:87,2
DA:88,2
DA:89,1
DA:90,1
DA:91,1
DA:92,1
DA:93,1
DA:94,1
DA:95,1
DA:96,1
DA:97,1
DA:98,1
DA:99,1
DA:100,1
DA:101,1
LF:101
LH:101
BRDA:6,0,0,5
BRDA:10,1,0,1
BRDA:16,2,0,4
BRDA:22,3,0,2
BRDA:29,4,0,1
BRDA:43,5,0,3
BRDA:53,6,0,2
BRDA:56,7,0,1
BRDA:66,8,0,2
BRDA:69,9,0,1
BRDA:85,10,0,2
BRDA:88,11,0,1
BRF:12
BRH:12
end_of_record
TN:
SF:src/controllers/order.controller.ts
FN:11,createOrder
FN:38,getUserOrders
FN:65,getOrderById
FN:127,getBusinessOrders
FN:166,updateOrderStatus
FN:220,updatePaymentStatus
FNF:6
FNH:3
FNDA:3,createOrder
FNDA:0,getUserOrders
FNDA:0,getOrderById
FNDA:0,getBusinessOrders
FNDA:1,updateOrderStatus
FNDA:1,updatePaymentStatus
DA:1,1
DA:2,1
DA:3,1
DA:4,1
DA:5,1
DA:6,1
DA:7,1
DA:8,1
DA:9,1
DA:10,1
DA:11,1
DA:12,3
DA:13,3
DA:14,3
DA:15,3
DA:16,3
DA:17,1
DA:18,1
DA:19,1
DA:20,1
DA:21,1
DA:22,1
DA:23,3
DA:24,2
DA:25,1
DA:26,1
DA:27,1
DA:28,1
DA:29,1
DA:30,1
DA:31,1
DA:32,1
DA:33,2
DA:34,2
DA:35,2
DA:36,3
DA:37,1
DA:38,1
DA:39,0
DA:40,0
DA:41,0
DA:42,0
DA:43,0
DA:44,0
DA:45,0
DA:46,0
DA:47,0
DA:48,0
DA:49,0
DA:50,0
DA:51,0
DA:52,0
DA:53,0
DA:54,0
DA:55,0
DA:56,0
DA:57,0
DA:58,0
DA:59,0
DA:60,0
DA:61,0
DA:62,0
DA:63,0
DA:64,1
DA:65,1
DA:66,0
DA:67,0
DA:68,0
DA:69,0
DA:70,0
DA:71,0
DA:72,0
DA:73,0
DA:74,0
DA:75,0
DA:76,0
DA:77,0
DA:78,0
DA:79,0
DA:80,0
DA:81,0
DA:82,0
DA:83,0
DA:84,0
DA:85,0
DA:86,0
DA:87,0
DA:88,0
DA:89,0
DA:90,0
DA:91,0
DA:92,0
DA:93,0
DA:94,0
DA:95,0
DA:96,0
DA:97,0
DA:98,0
DA:99,0
DA:100,0
DA:101,0
DA:102,0
DA:103,0
DA:104,0
DA:105,0
DA:106,0
DA:107,0
DA:108,0
DA:109,0
DA:110,0
DA:111,0
DA:112,0
DA:113,0
DA:114,0
DA:115,0
DA:116,0
DA:117,0
DA:118,0
DA:119,0
DA:120,0
DA:121,0
DA:122,0
DA:123,0
DA:124,0
DA:125,0
DA:126,1
DA:127,1
DA:128,0
DA:129,0
DA:130,0
DA:131,0
DA:132,0
DA:133,0
DA:134,0
DA:135,0
DA:136,0
DA:137,0
DA:138,0
DA:139,0
DA:140,0
DA:141,0
DA:142,0
DA:143,0
DA:144,0
DA:145,0
DA:146,0
DA:147,0
DA:148,0
DA:149,0
DA:150,0
DA:151,0
DA:152,0
DA:153,0
DA:154,0
DA:155,0
DA:156,0
DA:157,0
DA:158,0
DA:159,0
DA:160,0
DA:161,0
DA:162,0
DA:163,0
DA:164,0
DA:165,1
DA:166,1
DA:167,1
DA:168,1
DA:169,1
DA:170,1
DA:171,1
DA:172,1
DA:173,1
DA:174,1
DA:175,0
DA:176,0
DA:177,0
DA:178,0
DA:179,0
DA:180,1
DA:181,1
DA:182,1
DA:183,1
DA:184,1
DA:185,1
DA:186,1
DA:187,1
DA:188,0
DA:189,0
DA:190,0
DA:191,0
DA:192,0
DA:193,1
DA:194,1
DA:195,1
DA:196,1
DA:197,1
DA:198,1
DA:199,1
DA:200,1
DA:201,1
DA:202,1
DA:203,1
DA:204,1
DA:205,1
DA:206,0
DA:207,0
DA:208,0
DA:209,0
DA:210,0
DA:211,0
DA:212,0
DA:213,0
DA:214,0
DA:215,0
DA:216,0
DA:217,0
DA:218,1
DA:219,1
DA:220,1
DA:221,1
DA:222,1
DA:223,1
DA:224,1
DA:225,1
DA:226,1
DA:227,1
DA:228,1
DA:229,0
DA:230,0
DA:231,0
DA:232,0
DA:233,0
DA:234,1
DA:235,1
DA:236,1
DA:237,1
DA:238,1
DA:239,1
DA:240,1
DA:241,1
DA:242,0
DA:243,0
DA:244,0
DA:245,0
DA:246,0
DA:247,0
DA:248,1
DA:249,1
DA:250,1
DA:251,1
DA:252,1
DA:253,1
DA:254,1
DA:255,1
DA:256,1
DA:257,1
DA:258,1
DA:259,1
DA:260,0
DA:261,0
DA:262,0
DA:263,0
DA:264,0
DA:265,0
DA:266,0
DA:267,0
DA:268,0
DA:269,0
DA:270,0
DA:271,0
DA:272,1
LF:272
LH:105
BRDA:11,0,0,3
BRDA:17,1,0,1
BRDA:23,2,0,2
BRDA:24,3,0,1
BRDA:33,4,0,0
BRDA:166,5,0,1
BRDA:174,6,0,0
BRDA:187,7,0,0
BRDA:205,8,0,0
BRDA:181,9,0,1
BRDA:183,10,0,0
BRDA:220,11,0,1
BRDA:228,12,0,0
BRDA:241,13,0,0
BRDA:259,14,0,0
BRDA:235,15,0,1
BRDA:237,16,0,0
BRF:17
BRH:8
end_of_record
TN:
SF:src/controllers/payment.controller.ts
FN:12,PaymentController
FN:13,PaymentController.initiateKhaltiPayment
FN:47,PaymentController.verifyKhaltiPayment
FN:75,PaymentController.getPaymentByOrderId
FN:100,PaymentController.getUserPayments
FN:138,PaymentController.getAllPayments
FN:177,PaymentController.khaltiWebhook
FNF:7
FNH:7
FNDA:26,PaymentController
FNDA:3,PaymentController.initiateKhaltiPayment
FNDA:1,PaymentController.verifyKhaltiPayment
FNDA:3,PaymentController.getPaymentByOrderId
FNDA:2,PaymentController.getUserPayments
FNDA:2,PaymentController.getAllPayments
FNDA:2,PaymentController.khaltiWebhook
DA:1,1
DA:2,1
DA:3,1
DA:4,1
DA:5,1
DA:6,1
DA:7,1
DA:8,1
DA:9,1
DA:10,1
DA:11,1
DA:12,26
DA:13,26
DA:14,3
DA:15,3
DA:16,3
DA:17,1
DA:18,1
DA:19,1
DA:20,1
DA:21,1
DA:22,1
DA:23,2
DA:24,2
DA:25,2
DA:26,2
DA:27,2
DA:28,2
DA:29,2
DA:30,2
DA:31,2
DA:32,2
DA:33,1
DA:34,1
DA:35,1
DA:36,1
DA:37,1
DA:38,1
DA:39,1
DA:40,1
DA:41,1
DA:42,1
DA:43,1
DA:44,1
DA:45,26
DA:46,26
DA:47,26
DA:48,1
DA:49,1
DA:50,1
DA:51,0
DA:52,0
DA:53,0
DA:54,0
DA:55,0
DA:56,0
DA:57,1
DA:58,1
DA:59,1
DA:60,1
DA:61,1
DA:62,1
DA:63,1
DA:64,1
DA:65,1
DA:66,1
DA:67,1
DA:68,0
DA:69,0
DA:70,0
DA:71,0
DA:72,0
DA:73,26
DA:74,26
DA:75,26
DA:76,3
DA:77,3
DA:78,3
DA:79,3
DA:80,1
DA:81,1
DA:82,1
DA:83,1
DA:84,1
DA:85,2
DA:86,2
DA:87,1
DA:88,1
DA:89,1
DA:90,1
DA:91,1
DA:92,1
DA:93,1
DA:94,1
DA:95,1
DA:96,1
DA:97,1
DA:98,26
DA:99,26
DA:100,26
DA:101,2
DA:102,2
DA:103,2
DA:104,2
DA:105,2
DA:106,2
DA:107,2
DA:108,0
DA:109,0
DA:110,0
DA:111,0
DA:112,0
DA:113,2
DA:114,2
DA:115,2
DA:116,2
DA:117,2
DA:118,2
DA:119,2
DA:120,2
DA:121,2
DA:122,2
DA:123,2
DA:124,2
DA:125,2
DA:126,2
DA:127,2
DA:128,2
DA:129,2
DA:130,2
DA:131,0
DA:132,0
DA:133,0
DA:134,0
DA:135,0
DA:136,26
DA:137,26
DA:138,26
DA:139,2
DA:140,2
DA:141,2
DA:142,1
DA:143,1
DA:144,1
DA:145,1
DA:146,1
DA:147,1
DA:148,1
DA:149,1
DA:150,1
DA:151,2
DA:152,0
DA:153,0
DA:154,0
DA:155,0
DA:156,0
DA:157,1
DA:158,1
DA:159,1
DA:160,1
DA:161,1
DA:162,1
DA:163,1
DA:164,1
DA:165,1
DA:166,1
DA:167,1
DA:168,1
DA:169,2
DA:170,0
DA:171,0
DA:172,0
DA:173,0
DA:174,0
DA:175,26
DA:176,26
DA:177,26
DA:178,2
DA:179,2
DA:180,2
DA:181,1
DA:182,1
DA:183,1
DA:184,1
DA:185,1
DA:186,1
DA:187,1
DA:188,1
DA:189,1
DA:190,1
DA:191,1
DA:192,1
DA:193,1
DA:194,1
DA:195,1
DA:196,1
DA:197,1
DA:198,1
DA:199,1
DA:200,2
DA:201,0
DA:202,0
DA:203,0
DA:204,0
DA:205,0
DA:206,26
DA:207,26
LF:207
LH:171
BRDA:12,0,0,26
BRDA:13,1,0,3
BRDA:16,2,0,1
BRDA:23,3,0,2
BRDA:33,4,0,1
BRDA:42,5,0,0
BRDA:47,6,0,1
BRDA:50,7,0,0
BRDA:67,8,0,0
BRDA:75,9,0,3
BRDA:79,10,0,1
BRDA:85,11,0,2
BRDA:87,12,0,1
BRDA:95,13,0,0
BRDA:100,14,0,2
BRDA:107,15,0,0
BRDA:130,16,0,0
BRDA:138,17,0,2
BRDA:141,18,0,1
BRDA:151,19,0,0
BRDA:157,20,0,1
BRDA:169,21,0,0
BRDA:177,22,0,2
BRDA:180,23,0,1
BRDA:200,24,0,0
BRF:25
BRH:16
end_of_record
TN:
SF:src/controllers/product.controller.ts
FN:6,addProduct
FN:37,getBusinessProducts
FN:42,getProductById
FN:53,getProductsByCategory
FN:72,updateProduct
FN:92,deleteProduct
FNF:6
FNH:6
FNDA:5,addProduct
FNDA:2,getBusinessProducts
FNDA:5,getProductById
FNDA:2,getProductsByCategory
FNDA:3,updateProduct
FNDA:4,deleteProduct
DA:1,1
DA:2,1
DA:3,1
DA:4,1
DA:5,1
DA:6,1
DA:7,5
DA:8,5
DA:9,5
DA:10,5
DA:11,5
DA:12,2
DA:13,2
DA:14,2
DA:15,2
DA:16,2
DA:17,3
DA:18,3
DA:19,3
DA:20,3
DA:21,5
DA:22,5
DA:23,2
DA:24,2
DA:25,2
DA:26,2
DA:27,2
DA:28,2
DA:29,3
DA:30,1
DA:31,1
DA:32,1
DA:33,1
DA:34,1
DA:35,5
DA:36,1
DA:37,1
DA:38,2
DA:39,2
DA:40,2
DA:41,1
DA:42,1
DA:43,5
DA:44,5
DA:45,5
DA:46,2
DA:47,2
DA:48,3
DA:49,3
DA:50,3
DA:51,1
DA:52,1
DA:53,1
DA:54,2
DA:55,2
DA:56,2
DA:57,2
DA:58,1
DA:59,1
DA:60,1
DA:61,1
DA:62,1
DA:63,1
DA:64,1
DA:65,1
DA:66,1
DA:67,1
DA:68,1
DA:69,1
DA:70,2
DA:71,1
DA:72,1
DA:73,3
DA:74,3
DA:75,3
DA:76,0
DA:77,0
DA:78,3
DA:79,3
DA:80,1
DA:81,1
DA:82,2
DA:83,2
DA:84,2
DA:85,2
DA:86,3
DA:87,3
DA:88,2
DA:89,2
DA:90,2
DA:91,1
DA:92,1
DA:93,4
DA:94,4
DA:95,4
DA:96,1
DA:97,1
DA:98,3
DA:99,3
DA:100,1
DA:101,1
DA:102,2
DA:103,2
DA:104,2
DA:105,2
LF:105
LH:103
BRDA:6,0,0,5
BRDA:11,1,0,4
BRDA:11,2,0,3
BRDA:11,3,0,3
BRDA:11,4,0,4
BRDA:11,5,0,2
BRDA:17,6,0,3
BRDA:21,7,0,1
BRDA:23,8,0,3
BRDA:23,9,0,2
BRDA:29,10,0,1
BRDA:33,11,0,0
BRDA:37,12,0,2
BRDA:42,13,0,5
BRDA:45,14,0,3
BRDA:45,15,0,2
BRDA:53,16,0,2
BRDA:58,17,0,1
BRDA:67,18,0,0
BRDA:72,19,0,3
BRDA:75,20,0,0
BRDA:79,21,0,2
BRDA:79,22,0,1
BRDA:86,23,0,1
BRDA:88,24,0,2
BRDA:92,25,0,4
BRDA:95,26,0,3
BRDA:95,27,0,1
BRDA:99,28,0,1
BRDA:102,29,0,2
BRF:30
BRH:27
end_of_record
TN:
SF:src/controllers/tax.controller.ts
FN:7,TaxController
FN:8,TaxController.getBusinessTaxLiabilities
FN:48,TaxController.payTaxes
FNF:3
FNH:3
FNDA:10,TaxController
FNDA:5,TaxController.getBusinessTaxLiabilities
FNDA:5,TaxController.payTaxes
DA:1,1
DA:2,1
DA:3,1
DA:4,1
DA:5,1
DA:6,1
DA:7,10
DA:8,10
DA:9,5
DA:10,5
DA:11,5
DA:12,2
DA:13,2
DA:14,2
DA:15,2
DA:16,2
DA:17,3
DA:18,3
DA:19,3
DA:20,3
DA:21,3
DA:22,3
DA:23,3
DA:24,2
DA:25,2
DA:26,2
DA:27,2
DA:28,2
DA:29,2
DA:30,2
DA:31,2
DA:32,2
DA:33,2
DA:34,2
DA:35,2
DA:36,2
DA:37,2
DA:38,2
DA:39,2
DA:40,5
DA:41,1
DA:42,1
DA:43,1
DA:44,1
DA:45,1
DA:46,10
DA:47,10
DA:48,10
DA:49,5
DA:50,5
DA:51,5
DA:52,5
DA:53,5
DA:54,5
DA:55,5
DA:56,5
DA:57,1
DA:58,1
DA:59,1
DA:60,1
DA:61,1
DA:62,4
DA:63,4
DA:64,4
DA:65,4
DA:66,4
DA:67,4
DA:68,2
DA:69,2
DA:70,2
DA:71,2
DA:72,2
DA:73,2
DA:74,2
DA:75,2
DA:76,2
DA:77,2
DA:78,2
DA:79,2
DA:80,2
DA:81,2
DA:82,2
DA:83,2
DA:84,2
DA:85,10
DA:86,10
LF:86
LH:86
BRDA:7,0,0,10
BRDA:8,1,0,5
BRDA:10,2,0,4
BRDA:11,3,0,4
BRDA:11,4,0,2
BRDA:17,5,0,3
BRDA:24,6,0,2
BRDA:40,7,0,1
BRDA:43,8,0,0
BRDA:48,9,0,5
BRDA:56,10,0,4
BRDA:56,11,0,1
BRDA:62,12,0,4
BRDA:68,13,0,2
BRDA:82,14,0,0
BRF:15
BRH:13
end_of_record
TN:
SF:src/controllers/user.controller.ts
FN:16,UserController
FN:17,UserController.register
FN:56,UserController.loginUser
FN:97,UserController.getMyProfile
FN:107,UserController.editMyProfile
FN:134,UserController.getUserProfile
FN:143,UserController.editUserProfile
FN:166,UserController.deleteUserAccount
FN:175,UserController.getAllUsers
FN:186,UserController.sendResetPasswordEmail
FN:203,UserController.resetPassword
FN:220,UserController.changePassword
FNF:12
FNH:7
FNDA:22,UserController
FNDA:5,UserController.register
FNDA:6,UserController.loginUser
FNDA:2,UserController.getMyProfile
FNDA:3,UserController.editMyProfile
FNDA:0,UserController.getUserProfile
FNDA:0,UserController.editUserProfile
FNDA:0,UserController.deleteUserAccount
FNDA:1,UserController.getAllUsers
FNDA:0,UserController.sendResetPasswordEmail
FNDA:0,UserController.resetPassword
FNDA:2,UserController.changePassword
DA:1,1
DA:2,1
DA:3,1
DA:4,1
DA:5,1
DA:6,1
DA:7,1
DA:8,1
DA:9,1
DA:10,1
DA:11,1
DA:12,1
DA:13,1
DA:14,1
DA:15,1
DA:16,22
DA:17,22
DA:18,5
DA:19,5
DA:20,5
DA:21,1
DA:22,1
DA:23,1
DA:24,4
DA:25,4
DA:26,4
DA:27,5
DA:28,5
DA:29,5
DA:30,5
DA:31,5
DA:32,5
DA:33,5
DA:34,5
DA:35,5
DA:36,5
DA:37,5
DA:38,5
DA:39,5
DA:40,5
DA:41,5
DA:42,5
DA:43,5
DA:44,5
DA:45,2
DA:46,2
DA:47,2
DA:48,2
DA:49,2
DA:50,2
DA:51,2
DA:52,2
DA:53,2
DA:54,22
DA:55,22
DA:56,22
DA:57,6
DA:58,6
DA:59,6
DA:60,1
DA:61,1
DA:62,5
DA:63,5
DA:64,5
DA:65,5
DA:66,5
DA:67,5
DA:68,5
DA:69,6
DA:70,2
DA:71,2
DA:72,2
DA:73,2
DA:74,3
DA:75,3
DA:76,3
DA:77,3
DA:78,3
DA:79,3
DA:80,3
DA:81,3
DA:82,3
DA:83,3
DA:84,3
DA:85,3
DA:86,3
DA:87,3
DA:88,3
DA:89,3
DA:90,3
DA:91,3
DA:92,6
DA:93,0
DA:94,0
DA:95,22
DA:96,22
DA:97,22
DA:98,2
DA:99,2
DA:100,2
DA:101,2
DA:102,2
DA:103,0
DA:104,0
DA:105,22
DA:106,22
DA:107,22
DA:108,3
DA:109,3
DA:110,3
DA:111,3
DA:112,3
DA:113,1
DA:114,1
DA:115,2
DA:116,2
DA:117,2
DA:118,3
DA:119,1
DA:120,1
DA:121,2
DA:122,2
DA:123,2
DA:124,2
DA:125,2
DA:126,2
DA:127,2
DA:128,2
DA:129,3
DA:130,0
DA:131,0
DA:132,22
DA:133,22
DA:134,22
DA:135,0
DA:136,0
DA:137,0
DA:138,0
DA:139,0
DA:140,0
DA:141,22
DA:142,22
DA:143,22
DA:144,0
DA:145,0
DA:146,0
DA:147,0
DA:148,0
DA:149,0
DA:150,0
DA:151,0
DA:152,0
DA:153,0
DA:154,0
DA:155,0
DA:156,0
DA:157,0
DA:158,0
DA:159,0
DA:160,0
DA:161,0
DA:162,0
DA:163,0
DA:164,22
DA:165,22
DA:166,22
DA:167,0
DA:168,0
DA:169,0
DA:170,0
DA:171,0
DA:172,0
DA:173,22
DA:174,22
DA:175,22
DA:176,1
DA:177,1
DA:178,1
DA:179,1
DA:180,1
DA:181,1
DA:182,0
DA:183,0
DA:184,22
DA:185,22
DA:186,22
DA:187,0
DA:188,0
DA:189,0
DA:190,0
DA:191,0
DA:192,0
DA:193,0
DA:194,0
DA:195,0
DA:196,0
DA:197,0
DA:198,0
DA:199,0
DA:200,0
DA:201,22
DA:202,22
DA:203,22
DA:204,0
DA:205,0
DA:206,0
DA:207,0
DA:208,0
DA:209,0
DA:210,0
DA:211,0
DA:212,0
DA:213,0
DA:214,0
DA:215,0
DA:216,0
DA:217,0
DA:218,22
DA:219,22
DA:220,22
DA:221,2
DA:222,2
DA:223,2
DA:224,0
DA:225,0
DA:226,2
DA:227,2
DA:228,2
DA:229,2
DA:230,2
DA:231,1
DA:232,1
DA:233,1
DA:234,1
DA:235,1
DA:236,1
DA:237,1
DA:238,1
DA:239,1
DA:240,1
DA:241,1
DA:242,2
DA:243,0
DA:244,0
DA:245,0
DA:246,0
DA:247,0
DA:248,22
DA:249,22
LF:249
LH:174
BRDA:16,0,0,22
BRDA:17,1,0,5
BRDA:20,2,0,1
BRDA:21,3,0,0
BRDA:24,4,0,4
BRDA:27,5,0,0
BRDA:27,6,0,4
BRDA:30,7,0,1
BRDA:31,8,0,3
BRDA:39,9,0,4
BRDA:45,10,0,2
BRDA:51,11,0,0
BRDA:56,12,0,6
BRDA:59,13,0,1
BRDA:62,14,0,5
BRDA:69,15,0,3
BRDA:69,16,0,2
BRDA:92,17,0,0
BRDA:97,18,0,2
BRDA:102,19,0,0
BRDA:107,20,0,3
BRDA:112,21,0,2
BRDA:112,22,0,1
BRDA:118,23,0,1
BRDA:121,24,0,2
BRDA:129,25,0,0
BRDA:175,26,0,1
BRDA:177,27,0,0
BRDA:178,28,0,0
BRDA:181,29,0,0
BRDA:220,30,0,2
BRDA:223,31,0,0
BRDA:228,32,0,1
BRDA:230,33,0,1
BRDA:242,34,0,0
BRF:35
BRH:24
end_of_record
TN:
SF:src/controllers/wallet.controller.ts
FN:8,WalletController
FN:9,WalletController.getWalletBalance
FN:25,WalletController.getTransactions
FN:53,WalletController.getBusinessWalletBalance
FN:75,WalletController.getBusinessTransactions
FNF:5
FNH:5
FNDA:20,WalletController
FNDA:2,WalletController.getWalletBalance
FNDA:2,WalletController.getTransactions
FNDA:2,WalletController.getBusinessWalletBalance
FNDA:1,WalletController.getBusinessTransactions
DA:1,1
DA:2,1
DA:3,1
DA:4,1
DA:5,1
DA:6,1
DA:7,1
DA:8,20
DA:9,20
DA:10,2
DA:11,2
DA:12,2
DA:13,1
DA:14,1
DA:15,1
DA:16,1
DA:17,1
DA:18,1
DA:19,1
DA:20,1
DA:21,1
DA:22,1
DA:23,20
DA:24,20
DA:25,20
DA:26,2
DA:27,2
DA:28,2
DA:29,2
DA:30,1
DA:31,1
DA:32,1
DA:33,1
DA:34,1
DA:35,1
DA:36,1
DA:37,1
DA:38,1
DA:39,1
DA:40,1
DA:41,1
DA:42,1
DA:43,1
DA:44,1
DA:45,2
DA:46,0
DA:47,0
DA:48,0
DA:49,0
DA:50,0
DA:51,20
DA:52,20
DA:53,20
DA:54,2
DA:55,2
DA:56,2
DA:57,1
DA:58,1
DA:59,1
DA:60,1
DA:61,1
DA:62,1
DA:63,1
DA:64,1
DA:65,1
DA:66,1
DA:67,2
DA:68,0
DA:69,0
DA:70,0
DA:71,0
DA:72,0
DA:73,20
DA:74,20
DA:75,20
DA:76,1
DA:77,1
DA:78,1
DA:79,0
DA:80,0
DA:81,0
DA:82,0
DA:83,0
DA:84,1
DA:85,1
DA:86,0
DA:87,0
DA:88,0
DA:89,0
DA:90,0
DA:91,1
DA:92,1
DA:93,1
DA:94,1
DA:95,1
DA:96,1
DA:97,1
DA:98,1
DA:99,1
DA:100,1
DA:101,1
DA:102,1
DA:103,1
DA:104,1
DA:105,1
DA:106,0
DA:107,0
DA:108,0
DA:109,0
DA:110,0
DA:111,20
DA:112,20
LF:112
LH:87
BRDA:8,0,0,20
BRDA:9,1,0,2
BRDA:13,2,0,1
BRDA:18,3,0,0
BRDA:20,4,0,0
BRDA:25,5,0,2
BRDA:29,6,0,1
BRDA:45,7,0,0
BRDA:53,8,0,2
BRDA:56,9,0,1
BRDA:67,10,0,0
BRDA:75,11,0,1
BRDA:78,12,0,0
BRDA:85,13,0,0
BRDA:105,14,0,0
BRF:15
BRH:8
end_of_record
TN:
SF:src/database/db.ts
FN:3,connectDB
FNF:1
FNH:1
FNDA:3,connectDB
DA:1,1
DA:2,1
DA:3,1
DA:4,3
DA:5,3
DA:6,3
DA:7,1
DA:8,1
DA:9,3
DA:10,2
DA:11,2
DA:12,1
DA:13,1
DA:14,1
DA:15,1
DA:16,1
DA:17,2
DA:18,3
DA:19,1
DA:20,1
LF:20
LH:20
BRDA:3,0,0,3
BRDA:6,1,0,1
BRDA:9,2,0,2
BRDA:12,3,0,1
BRF:4
BRH:4
end_of_record
TN:
SF:src/dtos/business.dto.ts
FNF:0
FNH:0
DA:1,1
DA:2,1
DA:3,1
DA:4,1
DA:5,1
DA:6,1
DA:7,1
DA:8,1
DA:9,1
DA:10,1
DA:11,1
DA:12,1
DA:13,1
DA:14,1
DA:15,1
DA:16,1
DA:17,1
DA:18,1
DA:19,1
DA:20,1
DA:21,1
DA:22,1
DA:23,1
DA:24,1
DA:25,1
DA:26,1
DA:27,1
DA:28,1
DA:29,1
DA:30,1
DA:31,1
DA:32,1
DA:33,1
DA:34,1
DA:35,1
DA:36,1
DA:37,1
LF:37
LH:37
BRF:0
BRH:0
end_of_record
TN:
SF:src/dtos/cart.dto.ts
FNF:0
FNH:0
DA:1,1
DA:2,1
DA:3,1
DA:4,1
DA:5,1
DA:6,1
DA:7,1
DA:8,1
DA:9,1
DA:10,1
DA:11,1
DA:12,1
DA:13,1
DA:14,1
LF:14
LH:14
BRF:0
BRH:0
end_of_record
TN:
SF:src/dtos/category.dto.ts
FN:1,(empty-report)
FNF:1
FNH:0
FNDA:0,(empty-report)
DA:1,0
DA:2,0
DA:3,0
DA:4,0
DA:5,0
DA:6,0
DA:7,0
DA:8,0
DA:9,0
DA:10,0
DA:11,0
DA:12,0
DA:13,0
DA:14,0
LF:14
LH:0
BRF:0
BRH:0
end_of_record
TN:
SF:src/dtos/order.dto.ts
FNF:0
FNH:0
DA:1,1
DA:2,1
DA:3,1
DA:4,1
DA:5,1
DA:6,1
DA:7,1
DA:8,1
DA:9,1
DA:10,1
DA:11,1
DA:12,1
DA:13,1
DA:14,1
DA:15,1
DA:16,1
DA:17,1
DA:18,1
DA:19,1
DA:20,1
DA:21,1
DA:22,1
DA:23,1
DA:24,1
DA:25,1
DA:26,1
DA:27,1
DA:28,1
DA:29,1
DA:30,1
LF:30
LH:30
BRF:0
BRH:0
end_of_record
TN:
SF:src/dtos/payment.dto.ts
FNF:0
FNH:0
DA:1,1
DA:2,1
DA:3,1
DA:4,1
DA:5,1
DA:6,1
DA:7,1
DA:8,1
DA:9,1
DA:10,1
DA:11,1
DA:12,1
DA:13,1
DA:14,1
DA:15,1
DA:16,1
DA:17,1
DA:18,1
DA:19,1
DA:20,1
DA:21,1
DA:22,1
DA:23,1
DA:24,1
DA:25,1
DA:26,1
DA:27,1
DA:28,1
DA:29,1
DA:30,1
DA:31,1
DA:32,1
DA:33,1
DA:34,1
DA:35,1
DA:36,1
DA:37,1
DA:38,1
DA:39,1
DA:40,1
DA:41,1
DA:42,1
DA:43,1
DA:44,1
DA:45,1
DA:46,1
DA:47,1
DA:48,1
DA:49,1
DA:50,1
DA:51,1
DA:52,1
DA:53,1
DA:54,1
DA:55,1
DA:56,1
DA:57,1
DA:58,1
DA:59,1
DA:60,1
DA:61,1
DA:62,1
DA:63,1
DA:64,1
DA:65,1
DA:66,1
DA:67,1
DA:68,1
DA:69,1
DA:70,1
DA:71,1
DA:72,1
DA:73,1
DA:74,1
DA:75,1
LF:75
LH:75
BRF:0
BRH:0
end_of_record
TN:
SF:src/dtos/product.dto.ts
FN:1,(empty-report)
FNF:1
FNH:0
FNDA:0,(empty-report)
DA:1,0
DA:2,0
DA:3,0
DA:4,0
DA:5,0
DA:6,0
DA:7,0
DA:8,0
DA:9,0
DA:10,0
DA:11,0
DA:12,0
DA:13,0
DA:14,0
DA:15,0
DA:16,0
DA:17,0
DA:18,0
DA:19,0
DA:20,0
DA:21,0
DA:22,0
LF:22
LH:0
BRF:0
BRH:0
end_of_record
TN:
SF:src/dtos/user.dto.ts
FN:41,exports.ChangePasswordDTO.zod_1.z.object.refine.message
FNF:1
FNH:0
FNDA:0,exports.ChangePasswordDTO.zod_1.z.object.refine.message
DA:1,1
DA:2,1
DA:3,1
DA:4,1
DA:5,1
DA:6,1
DA:7,1
DA:8,1
DA:9,1
DA:10,1
DA:11,1
DA:12,1
DA:13,1
DA:14,1
DA:15,1
DA:16,1
DA:17,1
DA:18,1
DA:19,1
DA:20,1
DA:21,1
DA:22,1
DA:23,1
DA:24,1
DA:25,1
DA:26,1
DA:27,1
DA:28,1
DA:29,1
DA:30,1
DA:31,1
DA:32,1
DA:33,1
DA:34,1
DA:35,1
DA:36,1
DA:37,1
DA:38,1
DA:39,1
DA:40,1
DA:41,1
DA:42,1
DA:43,1
DA:44,1
DA:45,1
DA:46,1
LF:46
LH:46
BRF:0
BRH:0
end_of_record
TN:
SF:src/dtos/wallet.dto.ts
FNF:0
FNH:0
DA:1,1
DA:2,1
DA:3,1
DA:4,1
DA:5,1
DA:6,1
DA:7,1
DA:8,1
DA:9,1
DA:10,1
DA:11,1
DA:12,1
DA:13,1
DA:14,1
DA:15,1
DA:16,1
DA:17,1
DA:18,1
DA:19,1
DA:20,1
DA:21,1
DA:22,1
DA:23,1
DA:24,1
DA:25,1
DA:26,1
DA:27,1
DA:28,1
DA:29,1
DA:30,1
DA:31,1
DA:32,1
DA:33,1
DA:34,1
DA:35,1
DA:36,1
DA:37,1
DA:38,1
DA:39,1
DA:40,1
DA:41,1
DA:42,1
DA:43,1
DA:44,1
DA:45,1
DA:46,1
DA:47,1
DA:48,1
DA:49,1
DA:50,1
DA:51,1
DA:52,1
DA:53,1
DA:54,1
DA:55,1
DA:56,1
DA:57,1
DA:58,1
DA:59,1
DA:60,1
DA:61,1
DA:62,1
DA:63,1
DA:64,1
DA:65,1
DA:66,1
DA:67,1
DA:68,1
DA:69,1
DA:70,1
DA:71,1
DA:72,1
DA:73,1
DA:74,1
DA:75,1
DA:76,1
DA:77,1
DA:78,1
DA:79,1
DA:80,1
DA:81,1
DA:82,1
DA:83,1
DA:84,1
DA:85,1
DA:86,1
DA:87,1
DA:88,1
DA:89,1
DA:90,1
DA:91,1
LF:91
LH:91
BRF:0
BRH:0
end_of_record
TN:
SF:src/error/http-error.ts
FN:3,HttpError
FNF:1
FNH:1
FNDA:7,HttpError
DA:1,1
DA:2,1
DA:3,1
DA:4,7
DA:5,7
DA:6,7
DA:7,1
LF:7
LH:7
BRDA:3,0,0,7
BRF:1
BRH:1
end_of_record
TN:
SF:src/middleware/authGuard.ts
FN:29,authGuard
FN:59,authGuardAdmin
FN:102,authGuardBusiness
FNF:3
FNH:3
FNDA:20,authGuard
FNDA:9,authGuardAdmin
FNDA:9,authGuardBusiness
DA:1,1
DA:2,1
DA:3,1
DA:4,1
DA:5,1
DA:6,1
DA:7,1
DA:8,1
DA:9,1
DA:10,1
DA:11,1
DA:12,1
DA:13,1
DA:14,1
DA:15,1
DA:16,1
DA:17,1
DA:18,1
DA:19,1
DA:20,1
DA:21,1
DA:22,1
DA:23,1
DA:24,1
DA:25,1
DA:26,1
DA:27,1
DA:28,1
DA:29,1
DA:30,20
DA:31,20
DA:32,20
DA:33,2
DA:34,2
DA:35,18
DA:36,18
DA:37,18
DA:38,20
DA:39,17
DA:40,17
DA:41,17
DA:42,17
DA:43,17
DA:44,17
DA:45,17
DA:46,17
DA:47,17
DA:48,17
DA:49,17
DA:50,17
DA:51,20
DA:52,20
DA:53,20
DA:54,20
DA:55,2
DA:56,2
DA:57,20
DA:58,1
DA:59,1
DA:60,9
DA:61,9
DA:62,9
DA:63,9
DA:64,9
DA:65,9
DA:66,9
DA:67,1
DA:68,1
DA:69,1
DA:70,1
DA:71,8
DA:72,8
DA:73,9
DA:74,1
DA:75,1
DA:76,7
DA:77,7
DA:78,7
DA:79,7
DA:80,7
DA:81,7
DA:82,7
DA:83,7
DA:84,7
DA:85,7
DA:86,7
DA:87,7
DA:88,9
DA:89,9
DA:90,9
DA:91,9
DA:92,2
DA:93,2
DA:94,2
DA:95,2
DA:96,4
DA:97,8
DA:98,1
DA:99,1
DA:100,9
DA:101,1
DA:102,1
DA:103,9
DA:104,9
DA:105,9
DA:106,9
DA:107,9
DA:108,9
DA:109,1
DA:110,1
DA:111,8
DA:112,8
DA:113,9
DA:114,1
DA:115,1
DA:116,1
DA:117,7
DA:118,7
DA:119,7
LF:119
LH:119
BRDA:29,0,0,20
BRDA:32,1,0,2
BRDA:35,2,0,18
BRDA:38,3,0,1
BRDA:39,4,0,17
BRDA:51,5,0,1
BRDA:54,6,0,2
BRDA:59,7,0,9
BRDA:66,8,0,1
BRDA:71,9,0,8
BRDA:73,10,0,1
BRDA:76,11,0,7
BRDA:88,12,0,1
BRDA:91,13,0,2
BRDA:91,14,0,2
BRDA:96,15,0,8
BRDA:96,16,0,4
BRDA:97,17,0,1
BRDA:102,18,0,9
BRDA:108,19,0,1
BRDA:111,20,0,8
BRDA:113,21,0,7
BRDA:113,22,0,1
BRF:23
BRH:23
end_of_record
TN:
SF:src/model/business.model.ts
FNF:0
FNH:0
DA:1,1
DA:2,1
DA:3,1
DA:4,1
DA:5,1
DA:6,1
DA:7,1
DA:8,1
DA:9,1
DA:10,1
DA:11,1
DA:12,1
DA:13,1
DA:14,1
DA:15,1
DA:16,1
DA:17,1
DA:18,1
DA:19,1
DA:20,1
DA:21,1
DA:22,1
DA:23,1
DA:24,1
DA:25,1
DA:26,1
DA:27,1
DA:28,1
DA:29,1
DA:30,1
DA:31,1
DA:32,1
DA:33,1
DA:34,1
DA:35,1
DA:36,1
DA:37,1
DA:38,1
DA:39,1
LF:39
LH:39
BRF:0
BRH:0
end_of_record
TN:
SF:src/model/cart.model.ts
FNF:0
FNH:0
DA:1,1
DA:2,1
DA:3,1
DA:4,1
DA:5,1
DA:6,1
DA:7,1
DA:8,1
DA:9,1
DA:10,1
DA:11,1
DA:12,1
DA:13,1
DA:14,1
DA:15,1
DA:16,1
DA:17,1
DA:18,1
DA:19,1
DA:20,1
DA:21,1
DA:22,1
DA:23,1
DA:24,1
DA:25,1
DA:26,1
DA:27,1
DA:28,1
DA:29,1
DA:30,1
DA:31,1
DA:32,1
DA:33,1
DA:34,1
DA:35,1
DA:36,1
DA:37,1
DA:38,1
DA:39,1
DA:40,1
DA:41,1
DA:42,1
DA:43,1
DA:44,1
DA:45,1
DA:46,1
DA:47,1
DA:48,1
DA:49,1
DA:50,1
DA:51,1
DA:52,1
DA:53,1
DA:54,1
DA:55,1
DA:56,1
DA:57,1
DA:58,1
DA:59,1
DA:60,1
DA:61,1
DA:62,1
DA:63,1
DA:64,1
DA:65,1
DA:66,1
DA:67,1
DA:68,1
DA:69,1
DA:70,1
DA:71,1
DA:72,1
DA:73,1
DA:74,1
DA:75,1
DA:76,1
DA:77,0
DA:78,0
DA:79,0
DA:80,0
DA:81,0
DA:82,0
DA:83,0
DA:84,1
DA:85,1
DA:86,1
LF:86
LH:79
BRF:0
BRH:0
end_of_record
TN:
SF:src/model/category.model.ts
FNF:0
FNH:0
DA:1,1
DA:2,1
DA:3,1
DA:4,1
DA:5,1
DA:6,1
DA:7,1
DA:8,1
DA:9,1
DA:10,1
DA:11,1
DA:12,1
DA:13,1
DA:14,1
DA:15,1
DA:16,1
DA:17,1
DA:18,1
DA:19,1
DA:20,1
DA:21,1
DA:22,1
DA:23,1
DA:24,1
DA:25,1
DA:26,1
LF:26
LH:26
BRF:0
BRH:0
end_of_record
TN:
SF:src/model/order.model.ts
FNF:0
FNH:0
DA:1,1
DA:2,1
DA:3,1
DA:4,1
DA:5,1
DA:6,1
DA:7,1
DA:8,1
DA:9,1
DA:10,1
DA:11,1
DA:12,1
DA:13,1
DA:14,1
DA:15,1
DA:16,1
DA:17,1
DA:18,1
DA:19,1
DA:20,1
DA:21,1
DA:22,1
DA:23,1
DA:24,1
DA:25,1
DA:26,1
DA:27,1
DA:28,1
DA:29,1
DA:30,1
DA:31,1
DA:32,1
DA:33,1
DA:34,1
DA:35,1
DA:36,1
DA:37,1
DA:38,1
DA:39,1
DA:40,1
DA:41,1
DA:42,1
DA:43,1
DA:44,1
DA:45,1
DA:46,1
DA:47,1
DA:48,1
DA:49,1
DA:50,1
DA:51,1
DA:52,1
DA:53,1
DA:54,1
DA:55,1
DA:56,1
DA:57,1
DA:58,1
DA:59,1
DA:60,1
DA:61,1
DA:62,1
DA:63,1
DA:64,1
DA:65,1
DA:66,1
DA:67,1
DA:68,1
DA:69,1
DA:70,1
DA:71,1
DA:72,1
DA:73,1
DA:74,1
DA:75,1
DA:76,1
DA:77,1
DA:78,1
DA:79,1
DA:80,1
DA:81,1
DA:82,1
DA:83,1
DA:84,1
DA:85,1
DA:86,1
DA:87,1
DA:88,1
DA:89,1
LF:89
LH:89
BRF:0
BRH:0
end_of_record
TN:
SF:src/model/payment.model.ts
FNF:0
FNH:0
DA:1,1
DA:2,1
DA:3,1
DA:4,1
DA:5,1
DA:6,1
DA:7,1
DA:8,1
DA:9,1
DA:10,1
DA:11,1
DA:12,1
DA:13,1
DA:14,1
DA:15,1
DA:16,1
DA:17,1
DA:18,1
DA:19,1
DA:20,1
DA:21,1
DA:22,1
DA:23,1
DA:24,1
DA:25,1
DA:26,1
DA:27,1
DA:28,1
DA:29,1
DA:30,1
DA:31,1
DA:32,1
DA:33,1
DA:34,1
DA:35,1
DA:36,1
DA:37,1
DA:38,1
DA:39,1
DA:40,1
DA:41,1
DA:42,1
DA:43,1
DA:44,1
DA:45,1
DA:46,1
DA:47,1
DA:48,1
DA:49,1
DA:50,1
DA:51,1
DA:52,1
DA:53,1
DA:54,1
DA:55,1
DA:56,1
DA:57,1
DA:58,1
DA:59,1
DA:60,1
DA:61,1
DA:62,1
DA:63,1
LF:63
LH:63
BRF:0
BRH:0
end_of_record
TN:
SF:src/model/product.model.ts
FNF:0
FNH:0
DA:1,1
DA:2,1
DA:3,1
DA:4,1
DA:5,1
DA:6,1
DA:7,1
DA:8,1
DA:9,1
DA:10,1
DA:11,1
DA:12,1
DA:13,1
DA:14,1
DA:15,1
DA:16,1
DA:17,1
DA:18,1
DA:19,1
DA:20,1
DA:21,1
DA:22,1
DA:23,1
DA:24,1
DA:25,1
DA:26,1
DA:27,1
DA:28,1
DA:29,1
DA:30,1
DA:31,1
DA:32,1
DA:33,1
DA:34,1
DA:35,1
DA:36,1
DA:37,1
DA:38,1
DA:39,1
LF:39
LH:39
BRF:0
BRH:0
end_of_record
TN:
SF:src/model/tax.model.ts
FNF:0
FNH:0
DA:1,1
DA:2,1
DA:3,1
DA:4,1
DA:5,1
DA:6,1
DA:7,1
DA:8,1
DA:9,1
DA:10,1
DA:11,1
DA:12,1
DA:13,1
DA:14,1
DA:15,1
DA:16,1
DA:17,1
DA:18,1
DA:19,1
DA:20,1
DA:21,1
DA:22,1
DA:23,1
DA:24,1
DA:25,1
DA:26,1
DA:27,1
DA:28,1
DA:29,1
DA:30,1
DA:31,1
DA:32,1
DA:33,1
DA:34,1
DA:35,1
DA:36,1
DA:37,1
DA:38,1
DA:39,1
DA:40,1
DA:41,1
DA:42,1
DA:43,1
DA:44,1
DA:45,1
DA:46,1
DA:47,1
DA:48,1
DA:49,1
DA:50,1
DA:51,1
DA:52,1
DA:53,1
DA:54,1
DA:55,1
DA:56,1
DA:57,1
LF:57
LH:57
BRF:0
BRH:0
end_of_record
TN:
SF:src/model/user.model.ts
FNF:0
FNH:0
DA:1,1
DA:2,1
DA:3,1
DA:4,1
DA:5,1
DA:6,1
DA:7,1
DA:8,1
DA:9,1
DA:10,1
DA:11,1
DA:12,1
DA:13,1
DA:14,1
DA:15,1
DA:16,1
DA:17,1
DA:18,1
DA:19,1
DA:20,1
DA:21,1
DA:22,1
DA:23,1
DA:24,1
DA:25,1
DA:26,1
DA:27,1
DA:28,1
LF:28
LH:28
BRF:0
BRH:0
end_of_record
TN:
SF:src/model/wallet.model.ts
FNF:0
FNH:0
DA:1,1
DA:2,1
DA:3,1
DA:4,1
DA:5,1
DA:6,1
DA:7,1
DA:8,1
DA:9,1
DA:10,1
DA:11,1
DA:12,1
DA:13,1
DA:14,1
DA:15,1
DA:16,1
DA:17,1
DA:18,1
DA:19,1
DA:20,1
DA:21,1
DA:22,1
DA:23,1
DA:24,1
DA:25,1
DA:26,1
DA:27,1
DA:28,1
DA:29,1
DA:30,1
DA:31,1
DA:32,1
DA:33,1
DA:34,1
DA:35,1
DA:36,1
DA:37,1
DA:38,1
DA:39,1
DA:40,1
DA:41,1
DA:42,1
DA:43,1
DA:44,1
DA:45,1
DA:46,1
DA:47,1
DA:48,1
DA:49,1
DA:50,1
DA:51,1
DA:52,1
DA:53,1
DA:54,1
DA:55,1
DA:56,1
DA:57,1
DA:58,1
DA:59,1
DA:60,1
DA:61,1
DA:62,1
DA:63,1
DA:64,1
LF:64
LH:64
BRF:0
BRH:0
end_of_record
TN:
SF:src/multer/business.multer.ts
FN:11,destination
FN:14,filename
FN:20,fileFilter
FNF:3
FNH:3
FNDA:1,destination
FNDA:1,filename
FNDA:1,fileFilter
DA:1,1
DA:2,1
DA:3,1
DA:4,1
DA:5,1
DA:6,1
DA:7,0
DA:8,0
DA:9,1
DA:10,1
DA:11,1
DA:12,1
DA:13,1
DA:14,1
DA:15,1
DA:16,1
DA:17,1
DA:18,1
DA:19,1
DA:20,1
DA:21,1
DA:22,1
DA:23,1
DA:24,1
DA:25,1
DA:26,1
DA:27,1
DA:28,1
DA:29,1
DA:30,1
DA:31,1
DA:32,0
DA:33,1
DA:34,1
DA:35,1
DA:36,1
DA:37,1
DA:38,1
LF:38
LH:35
BRDA:6,0,0,0
BRDA:11,1,0,1
BRDA:14,2,0,1
BRDA:20,3,0,1
BRDA:32,4,0,0
BRF:5
BRH:3
end_of_record
TN:
SF:src/multer/business.profile.multer.ts
FN:11,destination
FN:14,filename
FN:20,fileFilter
FNF:3
FNH:3
FNDA:1,destination
FNDA:1,filename
FNDA:1,fileFilter
DA:1,1
DA:2,1
DA:3,1
DA:4,1
DA:5,1
DA:6,1
DA:7,0
DA:8,0
DA:9,1
DA:10,1
DA:11,1
DA:12,1
DA:13,1
DA:14,1
DA:15,1
DA:16,1
DA:17,1
DA:18,1
DA:19,1
DA:20,1
DA:21,1
DA:22,1
DA:23,1
DA:24,1
DA:25,1
DA:26,1
DA:27,1
DA:28,1
DA:29,1
DA:30,1
DA:31,1
DA:32,0
DA:33,1
DA:34,1
DA:35,1
DA:36,1
DA:37,1
DA:38,1
LF:38
LH:35
BRDA:6,0,0,0
BRDA:11,1,0,1
BRDA:14,2,0,1
BRDA:20,3,0,1
BRDA:32,4,0,0
BRF:5
BRH:3
end_of_record
TN:
SF:src/multer/product.multer.ts
FN:11,destination
FN:14,filename
FN:20,fileFilter
FNF:3
FNH:0
FNDA:0,destination
FNDA:0,filename
FNDA:0,fileFilter
DA:1,1
DA:2,1
DA:3,1
DA:4,1
DA:5,1
DA:6,1
DA:7,0
DA:8,0
DA:9,1
DA:10,1
DA:11,1
DA:12,0
DA:13,1
DA:14,1
DA:15,0
DA:16,1
DA:17,1
DA:18,1
DA:19,1
DA:20,1
DA:21,0
DA:22,0
DA:23,0
DA:24,0
DA:25,0
DA:26,0
DA:27,0
DA:28,0
DA:29,0
DA:30,0
DA:31,0
DA:32,0
DA:33,0
DA:34,1
DA:35,1
DA:36,1
DA:37,1
DA:38,1
LF:38
LH:21
BRDA:6,0,0,0
BRF:1
BRH:0
end_of_record
TN:
SF:src/multer/user.multer.ts
FN:11,destination
FN:14,filename
FN:20,fileFilter
FNF:3
FNH:0
FNDA:0,destination
FNDA:0,filename
FNDA:0,fileFilter
DA:1,1
DA:2,1
DA:3,1
DA:4,1
DA:5,1
DA:6,1
DA:7,0
DA:8,0
DA:9,1
DA:10,1
DA:11,1
DA:12,0
DA:13,1
DA:14,1
DA:15,0
DA:16,1
DA:17,1
DA:18,1
DA:19,1
DA:20,1
DA:21,0
DA:22,0
DA:23,0
DA:24,0
DA:25,0
DA:26,0
DA:27,0
DA:28,0
DA:29,0
DA:30,0
DA:31,0
DA:32,0
DA:33,0
DA:34,0
DA:35,0
DA:36,0
DA:37,0
DA:38,0
DA:39,0
DA:40,0
DA:41,0
DA:42,0
DA:43,0
DA:44,0
DA:45,0
DA:46,0
DA:47,0
DA:48,0
DA:49,1
DA:50,1
DA:51,1
DA:52,1
DA:53,1
LF:53
LH:21
BRDA:6,0,0,0
BRF:1
BRH:0
end_of_record
TN:
SF:src/repositories/business.repository.ts
FN:20,getAllBusinesses
FN:24,getBusinessById
FN:28,getBusinessByEmail
FN:32,findByEmail
FN:36,createBusiness
FN:41,updateBusiness
FN:52,deleteBusiness
FN:56,save
FNF:8
FNH:5
FNDA:1,getAllBusinesses
FNDA:1,getBusinessById
FNDA:0,getBusinessByEmail
FNDA:6,findByEmail
FNDA:3,createBusiness
FNDA:0,updateBusiness
FNDA:0,deleteBusiness
FNDA:1,save
DA:1,1
DA:2,1
DA:3,1
DA:4,1
DA:5,1
DA:6,1
DA:7,1
DA:8,1
DA:9,1
DA:10,1
DA:11,1
DA:12,1
DA:13,1
DA:14,1
DA:15,1
DA:16,1
DA:17,1
DA:18,1
DA:19,1
DA:20,1
DA:21,1
DA:22,1
DA:23,1
DA:24,1
DA:25,1
DA:26,1
DA:27,1
DA:28,1
DA:29,0
DA:30,0
DA:31,1
DA:32,1
DA:33,6
DA:34,6
DA:35,1
DA:36,1
DA:37,3
DA:38,3
DA:39,3
DA:40,1
DA:41,1
DA:42,0
DA:43,0
DA:44,0
DA:45,0
DA:46,0
DA:47,0
DA:48,0
DA:49,0
DA:50,0
DA:51,1
DA:52,1
DA:53,0
DA:54,0
DA:55,1
DA:56,1
DA:57,1
DA:58,1
DA:59,1
LF:59
LH:46
BRDA:20,0,0,1
BRDA:24,1,0,1
BRDA:32,2,0,6
BRDA:36,3,0,3
BRDA:56,4,0,1
BRF:5
BRH:5
end_of_record
TN:
SF:src/repositories/cart.repository.ts
FN:4,findByUser
FN:16,create
FN:25,updateItemQuantity
FN:48,removeItem
FN:59,clearCart
FNF:5
FNH:0
FNDA:0,findByUser
FNDA:0,create
FNDA:0,updateItemQuantity
FNDA:0,removeItem
FNDA:0,clearCart
DA:1,1
DA:2,1
DA:3,1
DA:4,1
DA:5,0
DA:6,0
DA:7,0
DA:8,0
DA:9,0
DA:10,0
DA:11,0
DA:12,0
DA:13,0
DA:14,0
DA:15,1
DA:16,1
DA:17,0
DA:18,0
DA:19,0
DA:20,0
DA:21,0
DA:22,0
DA:23,0
DA:24,1
DA:25,1
DA:26,0
DA:27,0
DA:28,0
DA:29,0
DA:30,0
DA:31,0
DA:32,0
DA:33,0
DA:34,0
DA:35,0
DA:36,0
DA:37,0
DA:38,0
DA:39,0
DA:40,0
DA:41,0
DA:42,0
DA:43,0
DA:44,0
DA:45,0
DA:46,0
DA:47,1
DA:48,1
DA:49,0
DA:50,0
DA:51,0
DA:52,0
DA:53,0
DA:54,0
DA:55,0
DA:56,0
DA:57,0
DA:58,1
DA:59,1
DA:60,0
DA:61,0
DA:62,0
DA:63,1
LF:63
LH:13
BRF:0
BRH:0
end_of_record
TN:
SF:src/repositories/category.repository.ts
FN:6,create
FN:14,findById
FN:18,findAll
FN:22,update
FN:26,delete
FNF:5
FNH:2
FNDA:1,create
FNDA:0,findById
FNDA:1,findAll
FNDA:0,update
FNDA:0,delete
DA:1,1
DA:2,1
DA:3,1
DA:4,1
DA:5,1
DA:6,1
DA:7,1
DA:8,1
DA:9,1
DA:10,1
DA:11,1
DA:12,1
DA:13,1
DA:14,1
DA:15,0
DA:16,0
DA:17,1
DA:18,1
DA:19,1
DA:20,1
DA:21,1
DA:22,1
DA:23,0
DA:24,0
DA:25,1
DA:26,1
DA:27,0
DA:28,0
DA:29,1
LF:29
LH:23
BRDA:6,0,0,1
BRDA:18,1,0,1
BRF:2
BRH:2
end_of_record
TN:
SF:src/repositories/order.repository.ts
FN:5,create
FN:10,findByUser
FN:25,findById
FN:54,findByBusiness
FN:69,updateStatus
FN:81,updatePaymentStatus
FN:88,countByUser
FN:92,countByBusiness
FNF:8
FNH:0
FNDA:0,create
FNDA:0,findByUser
FNDA:0,findById
FNDA:0,findByBusiness
FNDA:0,updateStatus
FNDA:0,updatePaymentStatus
FNDA:0,countByUser
FNDA:0,countByBusiness
DA:1,1
DA:2,1
DA:3,1
DA:4,1
DA:5,1
DA:6,0
DA:7,0
DA:8,0
DA:9,1
DA:10,1
DA:11,0
DA:12,0
DA:13,0
DA:14,0
DA:15,0
DA:16,0
DA:17,0
DA:18,0
DA:19,0
DA:20,0
DA:21,0
DA:22,0
DA:23,0
DA:24,1
DA:25,1
DA:26,0
DA:27,0
DA:28,0
DA:29,0
DA:30,0
DA:31,0
DA:32,0
DA:33,0
DA:34,0
DA:35,0
DA:36,0
DA:37,0
DA:38,0
DA:39,0
DA:40,0
DA:41,0
DA:42,0
DA:43,0
DA:44,0
DA:45,0
DA:46,0
DA:47,0
DA:48,0
DA:49,0
DA:50,0
DA:51,0
DA:52,0
DA:53,1
DA:54,1
DA:55,0
DA:56,0
DA:57,0
DA:58,0
DA:59,0
DA:60,0
DA:61,0
DA:62,0
DA:63,0
DA:64,0
DA:65,0
DA:66,0
DA:67,0
DA:68,1
DA:69,1
DA:70,0
DA:71,0
DA:72,0
DA:73,0
DA:74,0
DA:75,0
DA:76,0
DA:77,0
DA:78,0
DA:79,0
DA:80,1
DA:81,1
DA:82,0
DA:83,0
DA:84,0
DA:85,0
DA:86,0
DA:87,1
DA:88,1
DA:89,0
DA:90,0
DA:91,1
DA:92,1
DA:93,0
DA:94,0
DA:95,1
LF:95
LH:20
BRF:0
BRH:0
end_of_record
TN:
SF:src/repositories/payment.repository.ts
FN:26,createPayment
FN:31,getPaymentById
FN:35,getPaymentByPidx
FN:39,getPaymentByOrderId
FN:43,getPaymentsByUser
FN:62,getAllPayments
FN:80,updatePayment
FNF:7
FNH:0
FNDA:0,createPayment
FNDA:0,getPaymentById
FNDA:0,getPaymentByPidx
FNDA:0,getPaymentByOrderId
FNDA:0,getPaymentsByUser
FNDA:0,getAllPayments
FNDA:0,updatePayment
DA:1,1
DA:2,1
DA:3,1
DA:4,1
DA:5,1
DA:6,1
DA:7,1
DA:8,1
DA:9,1
DA:10,1
DA:11,1
DA:12,1
DA:13,1
DA:14,1
DA:15,1
DA:16,1
DA:17,1
DA:18,1
DA:19,1
DA:20,1
DA:21,1
DA:22,1
DA:23,1
DA:24,1
DA:25,1
DA:26,1
DA:27,0
DA:28,0
DA:29,0
DA:30,1
DA:31,1
DA:32,0
DA:33,0
DA:34,1
DA:35,1
DA:36,0
DA:37,0
DA:38,1
DA:39,1
DA:40,0
DA:41,0
DA:42,1
DA:43,1
DA:44,0
DA:45,0
DA:46,0
DA:47,0
DA:48,0
DA:49,0
DA:50,0
DA:51,0
DA:52,0
DA:53,0
DA:54,0
DA:55,0
DA:56,0
DA:57,0
DA:58,0
DA:59,0
DA:60,0
DA:61,1
DA:62,1
DA:63,0
DA:64,0
DA:65,0
DA:66,0
DA:67,0
DA:68,0
DA:69,0
DA:70,0
DA:71,0
DA:72,0
DA:73,0
DA:74,0
DA:75,0
DA:76,0
DA:77,0
DA:78,0
DA:79,1
DA:80,1
DA:81,0
DA:82,0
DA:83,0
DA:84,0
DA:85,0
DA:86,0
DA:87,0
DA:88,0
DA:89,0
DA:90,1
LF:90
LH:39
BRF:0
BRH:0
end_of_record
TN:
SF:src/repositories/product.repository.ts
FN:5,create
FN:9,findByBusiness
FN:13,findById
FN:17,findByCategory
FN:23,update
FN:27,delete
FNF:6
FNH:5
FNDA:1,create
FNDA:1,findByBusiness
FNDA:6,findById
FNDA:0,findByCategory
FNDA:1,update
FNDA:1,delete
DA:1,1
DA:2,1
DA:3,1
DA:4,1
DA:5,1
DA:6,1
DA:7,1
DA:8,1
DA:9,1
DA:10,1
DA:11,1
DA:12,1
DA:13,1
DA:14,6
DA:15,6
DA:16,1
DA:17,1
DA:18,0
DA:19,0
DA:20,0
DA:21,0
DA:22,1
DA:23,1
DA:24,1
DA:25,1
DA:26,1
DA:27,1
DA:28,1
DA:29,1
DA:30,1
LF:30
LH:26
BRDA:5,0,0,1
BRDA:9,1,0,1
BRDA:13,2,0,6
BRDA:23,3,0,1
BRDA:27,4,0,1
BRF:5
BRH:5
end_of_record
TN:
SF:src/repositories/tax.repository.ts
FN:5,create
FN:10,createWithSession
FN:30,findByBusiness
FN:41,findByOrder
FN:45,getTotalAccruedByBusiness
FN:58,markAsPaid
FNF:6
FNH:0
FNDA:0,create
FNDA:0,createWithSession
FNDA:0,findByBusiness
FNDA:0,findByOrder
FNDA:0,getTotalAccruedByBusiness
FNDA:0,markAsPaid
DA:1,1
DA:2,1
DA:3,1
DA:4,1
DA:5,1
DA:6,0
DA:7,0
DA:8,0
DA:9,1
DA:10,1
DA:11,0
DA:12,0
DA:13,0
DA:14,0
DA:15,0
DA:16,0
DA:17,0
DA:18,0
DA:19,0
DA:20,0
DA:21,0
DA:22,0
DA:23,0
DA:24,0
DA:25,0
DA:26,0
DA:27,0
DA:28,0
DA:29,1
DA:30,1
DA:31,0
DA:32,0
DA:33,0
DA:34,0
DA:35,0
DA:36,0
DA:37,0
DA:38,0
DA:39,0
DA:40,1
DA:41,1
DA:42,0
DA:43,0
DA:44,1
DA:45,1
DA:46,0
DA:47,0
DA:48,0
DA:49,0
DA:50,0
DA:51,0
DA:52,0
DA:53,0
DA:54,0
DA:55,0
DA:56,0
DA:57,1
DA:58,1
DA:59,0
DA:60,0
DA:61,0
DA:62,0
DA:63,0
DA:64,0
DA:65,0
DA:66,0
DA:67,0
DA:68,0
DA:69,0
DA:70,0
DA:71,0
DA:72,0
DA:73,0
DA:74,0
DA:75,0
DA:76,0
DA:77,0
DA:78,0
DA:79,1
LF:79
LH:16
BRF:0
BRH:0
end_of_record
TN:
SF:src/repositories/transaction.repository.ts
FN:6,createTransaction
FN:36,findByOwner
FN:75,countByOwner
FN:98,findByReference
FN:134,findById
FN:138,updateStatus
FNF:6
FNH:0
FNDA:0,createTransaction
FNDA:0,findByOwner
FNDA:0,countByOwner
FNDA:0,findByReference
FNDA:0,findById
FNDA:0,updateStatus
DA:1,1
DA:2,1
DA:3,1
DA:4,1
DA:5,1
DA:6,1
DA:7,0
DA:8,0
DA:9,0
DA:10,0
DA:11,0
DA:12,0
DA:13,0
DA:14,0
DA:15,0
DA:16,0
DA:17,0
DA:18,0
DA:19,0
DA:20,0
DA:21,0
DA:22,0
DA:23,0
DA:24,0
DA:25,0
DA:26,0
DA:27,0
DA:28,0
DA:29,0
DA:30,0
DA:31,0
DA:32,0
DA:33,0
DA:34,1
DA:35,1
DA:36,1
DA:37,0
DA:38,0
DA:39,0
DA:40,0
DA:41,0
DA:42,0
DA:43,0
DA:44,0
DA:45,0
DA:46,0
DA:47,0
DA:48,0
DA:49,0
DA:50,0
DA:51,0
DA:52,0
DA:53,0
DA:54,0
DA:55,0
DA:56,0
DA:57,0
DA:58,0
DA:59,0
DA:60,0
DA:61,0
DA:62,0
DA:63,0
DA:64,0
DA:65,0
DA:66,0
DA:67,0
DA:68,0
DA:69,0
DA:70,0
DA:71,0
DA:72,0
DA:73,0
DA:74,1
DA:75,1
DA:76,0
DA:77,0
DA:78,0
DA:79,0
DA:80,0
DA:81,0
DA:82,0
DA:83,0
DA:84,0
DA:85,0
DA:86,0
DA:87,0
DA:88,0
DA:89,0
DA:90,0
DA:91,0
DA:92,0
DA:93,0
DA:94,0
DA:95,0
DA:96,0
DA:97,1
DA:98,1
DA:99,0
DA:100,0
DA:101,0
DA:102,0
DA:103,0
DA:104,0
DA:105,0
DA:106,0
DA:107,0
DA:108,0
DA:109,0
DA:110,0
DA:111,0
DA:112,0
DA:113,0
DA:114,0
DA:115,0
DA:116,0
DA:117,0
DA:118,0
DA:119,0
DA:120,0
DA:121,0
DA:122,0
DA:123,0
DA:124,0
DA:125,0
DA:126,0
DA:127,0
DA:128,0
DA:129,0
DA:130,0
DA:131,0
DA:132,0
DA:133,1
DA:134,1
DA:135,0
DA:136,0
DA:137,1
DA:138,1
DA:139,0
DA:140,0
DA:141,0
DA:142,0
DA:143,0
DA:144,0
DA:145,0
DA:146,0
DA:147,0
DA:148,0
DA:149,0
DA:150,0
DA:151,0
DA:152,0
DA:153,0
DA:154,1
LF:154
LH:18
BRF:0
BRH:0
end_of_record
TN:
SF:src/repositories/user.repository.ts
FN:17,getAllUsers
FN:21,getUserById
FN:25,getUserByEmail
FN:29,findByEmail
FN:33,createUser
FN:38,updateUser
FN:45,deleteUser
FNF:7
FNH:4
FNDA:0,getAllUsers
FNDA:2,getUserById
FNDA:0,getUserByEmail
FNDA:6,findByEmail
FNDA:1,createUser
FNDA:1,updateUser
FNDA:0,deleteUser
DA:1,1
DA:2,1
DA:3,1
DA:4,1
DA:5,1
DA:6,1
DA:7,1
DA:8,1
DA:9,1
DA:10,1
DA:11,1
DA:12,1
DA:13,1
DA:14,1
DA:15,1
DA:16,1
DA:17,1
DA:18,0
DA:19,0
DA:20,1
DA:21,1
DA:22,2
DA:23,2
DA:24,1
DA:25,1
DA:26,0
DA:27,0
DA:28,1
DA:29,1
DA:30,6
DA:31,6
DA:32,1
DA:33,1
DA:34,1
DA:35,1
DA:36,1
DA:37,1
DA:38,1
DA:39,1
DA:40,1
DA:41,1
DA:42,1
DA:43,1
DA:44,1
DA:45,1
DA:46,0
DA:47,0
DA:48,1
LF:48
LH:42
BRDA:21,0,0,2
BRDA:29,1,0,6
BRDA:33,2,0,1
BRDA:38,3,0,1
BRF:4
BRH:4
end_of_record
TN:
SF:src/repositories/wallet.repository.ts
FN:5,findByOwner
FN:22,create
FN:38,incrementBalance
FN:64,decrementBalance
FN:90,updateBalance
FNF:5
FNH:0
FNDA:0,findByOwner
FNDA:0,create
FNDA:0,incrementBalance
FNDA:0,decrementBalance
FNDA:0,updateBalance
DA:1,1
DA:2,1
DA:3,1
DA:4,1
DA:5,1
DA:6,0
DA:7,0
DA:8,0
DA:9,0
DA:10,0
DA:11,0
DA:12,0
DA:13,0
DA:14,0
DA:15,0
DA:16,0
DA:17,0
DA:18,0
DA:19,0
DA:20,0
DA:21,1
DA:22,1
DA:23,0
DA:24,0
DA:25,0
DA:26,0
DA:27,0
DA:28,0
DA:29,0
DA:30,0
DA:31,0
DA:32,0
DA:33,0
DA:34,0
DA:35,0
DA:36,0
DA:37,1
DA:38,1
DA:39,0
DA:40,0
DA:41,0
DA:42,0
DA:43,0
DA:44,0
DA:45,0
DA:46,0
DA:47,0
DA:48,0
DA:49,0
DA:50,0
DA:51,0
DA:52,0
DA:53,0
DA:54,0
DA:55,0
DA:56,0
DA:57,0
DA:58,0
DA:59,0
DA:60,0
DA:61,0
DA:62,0
DA:63,1
DA:64,1
DA:65,0
DA:66,0
DA:67,0
DA:68,0
DA:69,0
DA:70,0
DA:71,0
DA:72,0
DA:73,0
DA:74,0
DA:75,0
DA:76,0
DA:77,0
DA:78,0
DA:79,0
DA:80,0
DA:81,0
DA:82,0
DA:83,0
DA:84,0
DA:85,0
DA:86,0
DA:87,0
DA:88,0
DA:89,1
DA:90,1
DA:91,0
DA:92,0
DA:93,0
DA:94,0
DA:95,0
DA:96,0
DA:97,0
DA:98,0
DA:99,0
DA:100,0
DA:101,0
DA:102,0
DA:103,0
DA:104,0
DA:105,0
DA:106,0
DA:107,0
DA:108,0
DA:109,0
DA:110,0
DA:111,0
DA:112,0
DA:113,0
DA:114,1
LF:114
LH:14
BRF:0
BRH:0
end_of_record
TN:
SF:src/routes/business.routes.ts
FNF:0
FNH:0
DA:1,1
DA:2,1
DA:3,1
DA:4,1
DA:5,1
DA:6,1
DA:7,1
DA:8,1
DA:9,1
DA:10,1
DA:11,1
DA:12,1
DA:13,1
DA:14,1
DA:15,1
DA:16,1
DA:17,1
DA:18,1
DA:19,1
DA:20,1
DA:21,1
DA:22,1
DA:23,1
DA:24,1
DA:25,1
DA:26,1
DA:27,1
DA:28,1
DA:29,1
DA:30,1
DA:31,1
DA:32,1
DA:33,1
DA:34,1
DA:35,1
DA:36,1
DA:37,1
DA:38,1
DA:39,1
DA:40,1
DA:41,1
DA:42,1
LF:42
LH:42
BRF:0
BRH:0
end_of_record
TN:
SF:src/routes/cart.routes.ts
FNF:0
FNH:0
DA:1,1
DA:2,1
DA:3,1
DA:4,1
DA:5,1
DA:6,1
DA:7,1
DA:8,1
DA:9,1
DA:10,1
DA:11,1
DA:12,1
DA:13,1
DA:14,1
DA:15,1
DA:16,1
LF:16
LH:16
BRF:0
BRH:0
end_of_record
TN:
SF:src/routes/category.routes.ts
FNF:0
FNH:0
DA:1,1
DA:2,1
DA:3,1
DA:4,1
DA:5,1
DA:6,1
DA:7,1
DA:8,1
DA:9,1
DA:10,1
DA:11,1
DA:12,1
DA:13,1
DA:14,1
DA:15,1
DA:16,1
DA:17,1
DA:18,1
DA:19,1
DA:20,1
DA:21,1
DA:22,1
DA:23,1
DA:24,1
DA:25,1
DA:26,1
DA:27,1
DA:28,1
LF:28
LH:28
BRF:0
BRH:0
end_of_record
TN:
SF:src/routes/order.routes.ts
FNF:0
FNH:0
DA:1,1
DA:2,1
DA:3,1
DA:4,1
DA:5,1
DA:6,1
DA:7,1
DA:8,1
DA:9,1
DA:10,1
DA:11,1
DA:12,1
DA:13,1
DA:14,1
DA:15,1
DA:16,1
DA:17,1
DA:18,1
DA:19,1
DA:20,1
DA:21,1
DA:22,1
DA:23,1
DA:24,1
DA:25,1
DA:26,1
DA:27,1
DA:28,1
DA:29,1
DA:30,1
DA:31,1
DA:32,1
DA:33,1
DA:34,1
LF:34
LH:34
BRF:0
BRH:0
end_of_record
TN:
SF:src/routes/payment.routes.ts
FNF:0
FNH:0
DA:1,1
DA:2,1
DA:3,1
DA:4,1
DA:5,1
DA:6,1
DA:7,1
DA:8,1
DA:9,1
DA:10,1
DA:11,1
DA:12,1
DA:13,1
DA:14,1
DA:15,1
DA:16,1
DA:17,1
DA:18,1
DA:19,1
DA:20,1
DA:21,1
DA:22,1
DA:23,1
DA:24,1
DA:25,1
DA:26,1
LF:26
LH:26
BRF:0
BRH:0
end_of_record
TN:
SF:src/routes/product.routes.ts
FNF:0
FNH:0
DA:1,1
DA:2,1
DA:3,1
DA:4,1
DA:5,1
DA:6,1
DA:7,1
DA:8,1
DA:9,1
DA:10,1
DA:11,1
DA:12,1
DA:13,1
DA:14,1
DA:15,1
DA:16,1
DA:17,1
DA:18,1
DA:19,1
DA:20,1
DA:21,1
DA:22,1
DA:23,1
DA:24,1
DA:25,1
DA:26,1
DA:27,1
DA:28,1
DA:29,1
DA:30,1
DA:31,1
DA:32,1
DA:33,1
DA:34,1
DA:35,1
DA:36,1
DA:37,1
DA:38,1
DA:39,1
DA:40,1
LF:40
LH:40
BRF:0
BRH:0
end_of_record
TN:
SF:src/routes/tax.routes.ts
FN:1,(empty-report)
FNF:1
FNH:0
FNDA:0,(empty-report)
DA:1,0
DA:2,0
DA:3,0
DA:4,0
DA:5,0
DA:6,0
DA:7,0
DA:8,0
DA:9,0
DA:10,0
DA:11,0
LF:11
LH:0
BRF:0
BRH:0
end_of_record
TN:
SF:src/routes/user.route.ts
FNF:0
FNH:0
DA:1,1
DA:2,1
DA:3,1
DA:4,1
DA:5,1
DA:6,1
DA:7,1
DA:8,1
DA:9,1
DA:10,1
DA:11,1
DA:12,1
DA:13,1
DA:14,1
DA:15,1
DA:16,1
DA:17,1
DA:18,1
DA:19,1
DA:20,1
DA:21,1
DA:22,1
DA:23,1
DA:24,1
DA:25,1
DA:26,1
DA:27,1
DA:28,1
DA:29,1
DA:30,1
DA:31,1
DA:32,1
DA:33,1
DA:34,1
DA:35,1
DA:36,1
DA:37,1
DA:38,1
DA:39,1
DA:40,1
DA:41,1
DA:42,1
DA:43,1
DA:44,1
DA:45,1
DA:46,1
DA:47,1
LF:47
LH:47
BRF:0
BRH:0
end_of_record
TN:
SF:src/routes/wallet.routes.ts
FNF:0
FNH:0
DA:1,1
DA:2,1
DA:3,1
DA:4,1
DA:5,1
DA:6,1
DA:7,1
DA:8,1
DA:9,1
DA:10,1
DA:11,1
DA:12,1
DA:13,1
DA:14,1
DA:15,1
DA:16,1
DA:17,1
DA:18,1
DA:19,1
DA:20,1
DA:21,1
DA:22,1
DA:23,1
DA:24,1
DA:25,1
LF:25
LH:25
BRF:0
BRH:0
end_of_record
TN:
SF:src/services/business.service.ts
FN:16,BusinessService
FN:27,BusinessService.register
FN:65,BusinessService.login
FN:86,BusinessService.uploadDocument
FN:99,BusinessService.approveBusiness
FN:119,BusinessService.getAllBusinesses
FN:125,BusinessService.getBusinessRawByEmail
FN:131,BusinessService.getBusinessProfile
FN:137,BusinessService.editBusinessProfile
FN:17,sanitizeBusiness
FN:23,getSanitizedBusiness
FNF:11
FNH:9
FNDA:49,BusinessService
FNDA:8,BusinessService.register
FNDA:12,BusinessService.login
FNDA:5,BusinessService.uploadDocument
FNDA:6,BusinessService.approveBusiness
FNDA:3,BusinessService.getAllBusinesses
FNDA:0,BusinessService.getBusinessRawByEmail
FNDA:4,BusinessService.getBusinessProfile
FNDA:6,BusinessService.editBusinessProfile
FNDA:19,sanitizeBusiness
FNDA:0,getSanitizedBusiness
DA:1,1
DA:2,1
DA:3,1
DA:4,1
DA:5,1
DA:6,1
DA:7,1
DA:8,1
DA:9,1
DA:10,1
DA:11,1
DA:12,1
DA:13,1
DA:14,1
DA:15,1
DA:16,49
DA:17,49
DA:18,19
DA:19,19
DA:20,19
DA:21,19
DA:22,49
DA:23,49
DA:24,0
DA:25,0
DA:26,49
DA:27,49
DA:28,8
DA:29,8
DA:30,8
DA:31,8
DA:32,8
DA:33,8
DA:34,8
DA:35,8
DA:36,8
DA:37,8
DA:38,8
DA:39,5
DA:40,5
DA:41,5
DA:42,5
DA:43,5
DA:44,5
DA:45,5
DA:46,5
DA:47,5
DA:48,5
DA:49,5
DA:50,5
DA:51,5
DA:52,5
DA:53,5
DA:54,5
DA:55,5
DA:56,5
DA:57,5
DA:58,5
DA:59,5
DA:60,5
DA:61,5
DA:62,5
DA:63,49
DA:64,49
DA:65,49
DA:66,12
DA:67,12
DA:68,12
DA:69,12
DA:70,10
DA:71,10
DA:72,12
DA:73,7
DA:74,12
DA:75,12
DA:76,5
DA:77,5
DA:78,12
DA:79,3
DA:80,3
DA:81,3
DA:82,3
DA:83,3
DA:84,49
DA:85,49
DA:86,49
DA:87,5
DA:88,5
DA:89,5
DA:90,5
DA:91,5
DA:92,3
DA:93,3
DA:94,3
DA:95,3
DA:96,3
DA:97,49
DA:98,49
DA:99,49
DA:100,6
DA:101,6
DA:102,6
DA:103,6
DA:104,6
DA:105,4
DA:106,6
DA:107,2
DA:108,2
DA:109,2
DA:110,2
DA:111,2
DA:112,2
DA:113,2
DA:114,2
DA:115,4
DA:116,4
DA:117,49
DA:118,49
DA:119,49
DA:120,3
DA:121,3
DA:122,3
DA:123,49
DA:124,49
DA:125,49
DA:126,0
DA:127,0
DA:128,0
DA:129,49
DA:130,49
DA:131,49
DA:132,4
DA:133,4
DA:134,2
DA:135,49
DA:136,49
DA:137,49
DA:138,6
DA:139,6
DA:140,6
DA:141,6
DA:142,6
DA:143,6
DA:144,6
DA:145,6
DA:146,6
DA:147,6
DA:148,6
DA:149,0
DA:150,0
DA:151,6
DA:152,6
DA:153,6
DA:154,6
DA:155,2
DA:156,2
DA:157,6
DA:158,6
DA:159,6
DA:160,6
DA:161,6
DA:162,6
DA:163,0
DA:164,0
DA:165,6
DA:166,6
DA:167,6
DA:168,2
DA:169,2
DA:170,4
DA:171,4
DA:172,4
DA:173,4
DA:174,4
DA:175,4
DA:176,4
DA:177,4
DA:178,6
DA:179,2
DA:180,2
DA:181,2
DA:182,2
DA:183,2
DA:184,2
DA:185,2
DA:186,49
DA:187,49
LF:187
LH:178
BRDA:16,0,0,49
BRDA:27,1,0,8
BRDA:38,2,0,6
BRDA:38,3,0,3
BRDA:39,4,0,5
BRDA:65,5,0,12
BRDA:69,6,0,2
BRDA:70,7,0,10
BRDA:72,8,0,11
BRDA:72,9,0,3
BRDA:73,10,0,7
BRDA:74,11,0,2
BRDA:75,12,0,2
BRDA:76,13,0,5
BRDA:78,14,0,4
BRDA:78,15,0,2
BRDA:79,16,0,3
BRDA:86,17,0,5
BRDA:91,18,0,3
BRDA:91,19,0,2
BRDA:99,20,0,6
BRDA:104,21,0,2
BRDA:105,22,0,4
BRDA:106,23,0,2
BRDA:113,24,0,0
BRDA:115,25,0,4
BRDA:119,26,0,3
BRDA:122,27,0,7
BRDA:131,28,0,4
BRDA:133,29,0,2
BRDA:137,30,0,6
BRDA:145,31,0,2
BRDA:145,32,0,4
BRDA:148,33,0,0
BRDA:154,34,0,2
BRDA:167,35,0,2
BRDA:170,36,0,4
BRDA:178,37,0,2
BRDA:158,38,0,6
BRDA:162,39,0,0
BRDA:17,40,0,19
BRDA:18,41,0,0
BRF:42
BRH:38
end_of_record
TN:
SF:src/services/cart.service.ts
FN:6,CartService
FN:10,getCart
FN:18,addToCart
FN:56,updateCartItem
FN:94,removeFromCart
FN:105,clearCart
FN:113,getCartCount
FNF:7
FNH:7
FNDA:32,CartService
FNDA:2,getCart
FNDA:5,addToCart
FNDA:6,updateCartItem
FNDA:2,removeFromCart
FNDA:2,clearCart
FNDA:2,getCartCount
DA:1,1
DA:2,1
DA:3,1
DA:4,1
DA:5,1
DA:6,32
DA:7,32
DA:8,32
DA:9,32
DA:10,32
DA:11,2
DA:12,2
DA:13,1
DA:14,1
DA:15,1
DA:16,1
DA:17,32
DA:18,32
DA:19,5
DA:20,5
DA:21,1
DA:22,1
DA:23,4
DA:24,5
DA:25,1
DA:26,1
DA:27,3
DA:28,3
DA:29,5
DA:30,1
DA:31,1
DA:32,3
DA:33,3
DA:34,1
DA:35,1
DA:36,3
DA:37,3
DA:38,5
DA:39,1
DA:40,5
DA:41,2
DA:42,2
DA:43,2
DA:44,2
DA:45,2
DA:46,2
DA:47,2
DA:48,2
DA:49,2
DA:50,2
DA:51,2
DA:52,3
DA:53,3
DA:54,3
DA:55,32
DA:56,32
DA:57,6
DA:58,6
DA:59,6
DA:60,6
DA:61,6
DA:62,6
DA:63,1
DA:64,1
DA:65,5
DA:66,5
DA:67,4
DA:68,4
DA:69,5
DA:70,5
DA:71,6
DA:72,1
DA:73,1
DA:74,4
DA:75,6
DA:76,3
DA:77,3
DA:78,1
DA:79,1
DA:80,2
DA:81,2
DA:82,3
DA:83,1
DA:84,1
DA:85,3
DA:86,2
DA:87,2
DA:88,2
DA:89,2
DA:90,2
DA:91,2
DA:92,2
DA:93,32
DA:94,32
DA:95,2
DA:96,2
DA:97,2
DA:98,2
DA:99,2
DA:100,1
DA:101,1
DA:102,1
DA:103,1
DA:104,32
DA:105,32
DA:106,2
DA:107,2
DA:108,1
DA:109,1
DA:110,1
DA:111,1
DA:112,32
DA:113,32
DA:114,2
DA:115,2
DA:116,2
DA:117,32
LF:117
LH:117
BRDA:6,0,0,32
BRDA:10,1,0,2
BRDA:12,2,0,1
BRDA:18,3,0,5
BRDA:20,4,0,1
BRDA:23,5,0,4
BRDA:24,6,0,1
BRDA:27,7,0,3
BRDA:29,8,0,1
BRDA:32,9,0,3
BRDA:38,10,0,1
BRDA:40,11,0,2
BRDA:45,12,0,0
BRDA:52,13,0,3
BRDA:33,14,0,1
BRDA:56,15,0,6
BRDA:62,16,0,1
BRDA:65,17,0,5
BRDA:71,18,0,1
BRDA:74,19,0,4
BRDA:75,20,0,3
BRDA:77,21,0,1
BRDA:80,22,0,2
BRDA:82,23,0,1
BRDA:86,24,0,2
BRDA:66,25,0,4
BRDA:94,26,0,2
BRDA:99,27,0,1
BRDA:105,28,0,2
BRDA:107,29,0,1
BRDA:113,30,0,2
BRDA:115,31,0,1
BRDA:115,32,0,1
BRF:33
BRH:32
end_of_record
TN:
SF:src/services/category.service.ts
FN:6,CategoryService
FN:9,addCategory
FN:22,getCategories
FN:26,getCategoryById
FN:30,updateCategory
FN:41,deleteCategory
FNF:6
FNH:6
FNDA:25,CategoryService
FNDA:3,addCategory
FNDA:3,getCategories
FNDA:2,getCategoryById
FNDA:4,updateCategory
FNDA:2,deleteCategory
DA:1,1
DA:2,1
DA:3,1
DA:4,1
DA:5,1
DA:6,25
DA:7,25
DA:8,25
DA:9,25
DA:10,3
DA:11,3
DA:12,1
DA:13,1
DA:14,3
DA:15,3
DA:16,3
DA:17,3
DA:18,3
DA:19,3
DA:20,3
DA:21,25
DA:22,25
DA:23,3
DA:24,3
DA:25,25
DA:26,25
DA:27,2
DA:28,2
DA:29,25
DA:30,25
DA:31,4
DA:32,2
DA:33,2
DA:34,2
DA:35,4
DA:36,4
DA:37,4
DA:38,4
DA:39,4
DA:40,25
DA:41,25
DA:42,2
DA:43,2
DA:44,25
LF:44
LH:44
BRDA:6,0,0,25
BRDA:9,1,0,3
BRDA:11,2,0,1
BRDA:22,3,0,3
BRDA:26,4,0,2
BRDA:30,5,0,4
BRDA:31,6,0,2
BRDA:41,7,0,2
BRF:8
BRH:8
end_of_record
TN:
SF:src/services/order.service.ts
FN:8,OrderService
FN:13,createOrder
FN:59,getUserOrders
FN:67,getOrderById
FN:71,getBusinessOrders
FN:79,updateOrderStatus
FN:87,updatePaymentStatus
FN:94,getUserOrdersCount
FN:98,getBusinessOrdersCount
FNF:9
FNH:9
FNDA:26,OrderService
FNDA:2,createOrder
FNDA:2,getUserOrders
FNDA:2,getOrderById
FNDA:1,getBusinessOrders
FNDA:2,updateOrderStatus
FNDA:1,updatePaymentStatus
FNDA:1,getUserOrdersCount
FNDA:1,getBusinessOrdersCount
DA:1,1
DA:2,1
DA:3,1
DA:4,1
DA:5,1
DA:6,1
DA:7,1
DA:8,26
DA:9,26
DA:10,26
DA:11,26
DA:12,26
DA:13,26
DA:14,2
DA:15,2
DA:16,2
DA:17,2
DA:18,3
DA:19,3
DA:20,3
DA:21,2
DA:22,2
DA:23,2
DA:24,2
DA:25,2
DA:26,2
DA:27,2
DA:28,2
DA:29,2
DA:30,2
DA:31,2
DA:32,2
DA:33,2
DA:34,2
DA:35,2
DA:36,2
DA:37,2
DA:38,2
DA:39,2
DA:40,2
DA:41,3
DA:42,3
DA:43,3
DA:44,3
DA:45,3
DA:46,3
DA:47,3
DA:48,3
DA:49,2
DA:50,2
DA:51,2
DA:52,2
DA:53,1
DA:54,1
DA:55,2
DA:56,2
DA:57,2
DA:58,26
DA:59,26
DA:60,2
DA:61,2
DA:62,2
DA:63,2
DA:64,2
DA:65,2
DA:66,26
DA:67,26
DA:68,2
DA:69,2
DA:70,26
DA:71,26
DA:72,1
DA:73,1
DA:74,1
DA:75,1
DA:76,1
DA:77,1
DA:78,26
DA:79,26
DA:80,2
DA:81,2
DA:82,2
DA:83,2
DA:84,2
DA:85,2
DA:86,26
DA:87,26
DA:88,1
DA:89,1
DA:90,1
DA:91,1
DA:92,1
DA:93,26
DA:94,26
DA:95,1
DA:96,1
DA:97,26
DA:98,26
DA:99,1
DA:100,1
DA:101,26
LF:101
LH:101
BRDA:8,0,0,26
BRDA:13,1,0,2
BRDA:40,2,0,3
BRDA:52,3,0,1
BRDA:17,4,0,3
BRDA:19,5,0,1
BRDA:59,6,0,2
BRDA:67,7,0,2
BRDA:71,8,0,1
BRDA:79,9,0,2
BRDA:87,10,0,1
BRDA:94,11,0,1
BRDA:98,12,0,1
BRF:13
BRH:13
end_of_record
TN:
SF:src/services/payment.service.ts
FN:24,PaymentService
FN:42,PaymentService.initiateKhaltiPayment
FN:104,PaymentService.verifyKhaltiPayment
FN:324,PaymentService.getPaymentByOrderId
FN:332,PaymentService.getUserPayments
FN:348,PaymentService.getAllPayments
FN:32,sanitizePayment
FN:38,getSanitizedPayment
FNF:8
FNH:7
FNDA:27,PaymentService
FNDA:4,PaymentService.initiateKhaltiPayment
FNDA:5,PaymentService.verifyKhaltiPayment
FNDA:2,PaymentService.getPaymentByOrderId
FNDA:2,PaymentService.getUserPayments
FNDA:1,PaymentService.getAllPayments
FNDA:8,sanitizePayment
FNDA:0,getSanitizedPayment
DA:1,1
DA:2,1
DA:3,1
DA:4,1
DA:5,1
DA:6,1
DA:7,1
DA:8,1
DA:9,1
DA:10,1
DA:11,1
DA:12,1
DA:13,1
DA:14,1
DA:15,1
DA:16,1
DA:17,1
DA:18,1
DA:19,1
DA:20,1
DA:21,1
DA:22,1
DA:23,1
DA:24,1
DA:25,27
DA:26,27
DA:27,27
DA:28,27
DA:29,27
DA:30,27
DA:31,1
DA:32,1
DA:33,8
DA:34,8
DA:35,8
DA:36,8
DA:37,1
DA:38,1
DA:39,0
DA:40,0
DA:41,1
DA:42,1
DA:43,4
DA:44,4
DA:45,4
DA:46,4
DA:47,4
DA:48,4
DA:49,4
DA:50,1
DA:51,1
DA:52,3
DA:53,3
DA:54,3
DA:55,3
DA:56,4
DA:57,2
DA:58,1
DA:59,1
DA:60,1
DA:61,1
DA:62,1
DA:63,1
DA:64,1
DA:65,1
DA:66,1
DA:67,1
DA:68,1
DA:69,1
DA:70,1
DA:71,1
DA:72,1
DA:73,1
DA:74,1
DA:75,4
DA:76,4
DA:77,4
DA:78,4
DA:79,4
DA:80,4
DA:81,1
DA:82,1
DA:83,1
DA:84,1
DA:85,1
DA:86,1
DA:87,1
DA:88,1
DA:89,1
DA:90,1
DA:91,1
DA:92,1
DA:93,1
DA:94,1
DA:95,1
DA:96,1
DA:97,1
DA:98,1
DA:99,1
DA:100,1
DA:101,1
DA:102,1
DA:103,1
DA:104,1
DA:105,5
DA:106,5
DA:107,5
DA:108,5
DA:109,5
DA:110,5
DA:111,5
DA:112,5
DA:113,5
DA:114,1
DA:115,1
DA:116,1
DA:117,4
DA:118,4
DA:119,5
DA:120,1
DA:121,1
DA:122,1
DA:123,1
DA:124,1
DA:125,3
DA:126,5
DA:127,1
DA:128,1
DA:129,1
DA:130,1
DA:131,1
DA:132,1
DA:133,1
DA:134,1
DA:135,1
DA:136,2
DA:137,2
DA:138,2
DA:139,2
DA:140,2
DA:141,2
DA:142,2
DA:143,2
DA:144,5
DA:145,1
DA:146,1
DA:147,1
DA:148,1
DA:149,1
DA:150,1
DA:151,1
DA:152,1
DA:153,1
DA:154,1
DA:155,1
DA:156,1
DA:157,1
DA:158,1
DA:159,1
DA:160,1
DA:161,1
DA:162,1
DA:163,0
DA:164,0
DA:165,0
DA:166,1
DA:167,1
DA:168,1
DA:169,1
DA:170,1
DA:171,1
DA:172,1
DA:173,1
DA:174,2
DA:175,2
DA:176,2
DA:177,2
DA:178,2
DA:179,2
DA:180,1
DA:181,1
DA:182,1
DA:183,1
DA:184,1
DA:185,1
DA:186,2
DA:187,2
DA:188,2
DA:189,0
DA:190,0
DA:191,0
DA:192,2
DA:193,2
DA:194,2
DA:195,2
DA:196,2
DA:197,2
DA:198,2
DA:199,2
DA:200,2
DA:201,2
DA:202,2
DA:203,2
DA:204,2
DA:205,2
DA:206,2
DA:207,2
DA:208,2
DA:209,2
DA:210,2
DA:211,2
DA:212,2
DA:213,2
DA:214,2
DA:215,2
DA:216,2
DA:217,2
DA:218,1
DA:219,1
DA:220,1
DA:221,1
DA:222,1
DA:223,2
DA:224,2
DA:225,2
DA:226,2
DA:227,2
DA:228,2
DA:229,2
DA:230,2
DA:231,2
DA:232,2
DA:233,2
DA:234,2
DA:235,2
DA:236,2
DA:237,2
DA:238,2
DA:239,2
DA:240,2
DA:241,2
DA:242,2
DA:243,2
DA:244,2
DA:245,2
DA:246,2
DA:247,2
DA:248,2
DA:249,2
DA:250,2
DA:251,2
DA:252,2
DA:253,2
DA:254,2
DA:255,2
DA:256,2
DA:257,2
DA:258,2
DA:259,2
DA:260,2
DA:261,2
DA:262,2
DA:263,2
DA:264,2
DA:265,2
DA:266,2
DA:267,2
DA:268,2
DA:269,2
DA:270,2
DA:271,2
DA:272,2
DA:273,2
DA:274,2
DA:275,2
DA:276,2
DA:277,0
DA:278,0
DA:279,0
DA:280,0
DA:281,2
DA:282,1
DA:283,1
DA:284,1
DA:285,1
DA:286,1
DA:287,1
DA:288,1
DA:289,1
DA:290,1
DA:291,1
DA:292,1
DA:293,1
DA:294,1
DA:295,1
DA:296,1
DA:297,1
DA:298,1
DA:299,1
DA:300,1
DA:301,1
DA:302,1
DA:303,1
DA:304,1
DA:305,1
DA:306,1
DA:307,1
DA:308,1
DA:309,1
DA:310,1
DA:311,1
DA:312,1
DA:313,1
DA:314,1
DA:315,1
DA:316,1
DA:317,5
DA:318,3
DA:319,3
DA:320,3
DA:321,3
DA:322,3
DA:323,1
DA:324,1
DA:325,2
DA:326,2
DA:327,1
DA:328,1
DA:329,1
DA:330,1
DA:331,1
DA:332,1
DA:333,2
DA:334,2
DA:335,2
DA:336,2
DA:337,2
DA:338,2
DA:339,2
DA:340,2
DA:341,2
DA:342,2
DA:343,2
DA:344,2
DA:345,2
DA:346,1
DA:347,1
DA:348,1
DA:349,1
DA:350,1
DA:351,1
DA:352,1
DA:353,1
DA:354,1
DA:355,1
DA:356,1
DA:357,1
DA:358,1
DA:359,1
DA:360,1
DA:361,1
LF:361
LH:349
BRDA:24,0,0,27
BRDA:42,1,0,4
BRDA:49,2,0,1
BRDA:52,3,0,3
BRDA:56,4,0,2
BRDA:57,5,0,1
BRDA:66,6,0,1
BRDA:75,7,0,0
BRDA:81,8,0,1
BRDA:104,9,0,5
BRDA:113,10,0,1
BRDA:117,11,0,4
BRDA:119,12,0,1
BRDA:125,13,0,3
BRDA:126,14,0,1
BRDA:136,15,0,2
BRDA:144,16,0,1
BRDA:162,17,0,0
BRDA:173,18,0,2
BRDA:179,19,0,1
BRDA:179,20,0,1
BRDA:188,21,0,0
BRDA:193,22,0,0
BRDA:193,23,0,0
BRDA:194,24,0,1
BRDA:222,25,0,2
BRDA:257,26,0,0
BRDA:276,27,0,0
BRDA:317,28,0,3
BRDA:324,29,0,2
BRDA:326,30,0,1
BRDA:332,31,0,2
BRDA:345,32,0,2
BRDA:348,33,0,1
BRDA:359,34,0,1
BRDA:32,35,0,8
BRDA:33,36,0,0
BRF:37
BRH:29
end_of_record
TN:
SF:src/services/product.service.ts
FN:7,ProductService
FN:10,addProduct
FN:29,getBusinessProducts
FN:33,getProductById
FN:38,getProductsByCategory
FN:45,updateProduct
FN:65,deleteProduct
FNF:7
FNH:7
FNDA:29,ProductService
FNDA:4,addProduct
FNDA:3,getBusinessProducts
FNDA:8,getProductById
FNDA:2,getProductsByCategory
FNDA:6,updateProduct
FNDA:3,deleteProduct
DA:1,1
DA:2,1
DA:3,1
DA:4,1
DA:5,1
DA:6,1
DA:7,29
DA:8,29
DA:9,29
DA:10,29
DA:11,4
DA:12,4
DA:13,4
DA:14,4
DA:15,4
DA:16,4
DA:17,3
DA:18,3
DA:19,3
DA:20,3
DA:21,3
DA:22,4
DA:23,4
DA:24,4
DA:25,3
DA:26,3
DA:27,3
DA:28,29
DA:29,29
DA:30,3
DA:31,3
DA:32,29
DA:33,29
DA:34,8
DA:35,8
DA:36,29
DA:37,29
DA:38,29
DA:39,2
DA:40,2
DA:41,1
DA:42,1
DA:43,1
DA:44,29
DA:45,29
DA:46,6
DA:47,6
DA:48,6
DA:49,6
DA:50,6
DA:51,2
DA:52,2
DA:53,1
DA:54,1
DA:55,1
DA:56,5
DA:57,5
DA:58,5
DA:59,5
DA:60,6
DA:61,5
DA:62,5
DA:63,5
DA:64,29
DA:65,29
DA:66,3
DA:67,3
DA:68,29
LF:68
LH:68
BRDA:7,0,0,29
BRDA:10,1,0,4
BRDA:16,2,0,1
BRDA:17,3,0,3
BRDA:22,4,0,1
BRDA:25,5,0,3
BRDA:29,6,0,3
BRDA:33,7,0,8
BRDA:38,8,0,2
BRDA:40,9,0,1
BRDA:45,10,0,6
BRDA:50,11,0,2
BRDA:52,12,0,1
BRDA:56,13,0,5
BRDA:60,14,0,1
BRDA:61,15,0,5
BRDA:65,16,0,3
BRF:17
BRH:17
end_of_record
TN:
SF:src/services/user.service.ts
FN:14,UserService
FN:28,UserService.createUser
FN:41,UserService.updateUser
FN:54,UserService.getAllUsers
FN:60,UserService.getUserById
FN:66,UserService.getUserRawByEmail
FN:72,UserService.getUserByEmail
FN:78,UserService.deleteUser
FN:124,UserService.changePassword
FN:18,sanitizeUser
FN:24,getSanitizedUser
FN:86,sendResetPasswordEmail
FN:103,resetPassword
FNF:13
FNH:7
FNDA:13,UserService
FNDA:3,UserService.createUser
FNDA:1,UserService.updateUser
FNDA:0,UserService.getAllUsers
FNDA:1,UserService.getUserById
FNDA:3,UserService.getUserRawByEmail
FNDA:0,UserService.getUserByEmail
FNDA:0,UserService.deleteUser
FNDA:0,UserService.changePassword
FNDA:5,sanitizeUser
FNDA:2,getSanitizedUser
FNDA:0,sendResetPasswordEmail
FNDA:0,resetPassword
DA:1,1
DA:2,1
DA:3,1
DA:4,1
DA:5,1
DA:6,1
DA:7,1
DA:8,1
DA:9,1
DA:10,1
DA:11,1
DA:12,1
DA:13,1
DA:14,1
DA:15,13
DA:16,13
DA:17,1
DA:18,1
DA:19,5
DA:20,5
DA:21,5
DA:22,5
DA:23,1
DA:24,1
DA:25,2
DA:26,2
DA:27,1
DA:28,1
DA:29,3
DA:30,3
DA:31,2
DA:32,2
DA:33,1
DA:34,1
DA:35,1
DA:36,1
DA:37,1
DA:38,1
DA:39,1
DA:40,1
DA:41,1
DA:42,1
DA:43,1
DA:44,1
DA:45,1
DA:46,1
DA:47,1
DA:48,1
DA:49,1
DA:50,1
DA:51,1
DA:52,1
DA:53,1
DA:54,1
DA:55,0
DA:56,0
DA:57,0
DA:58,1
DA:59,1
DA:60,1
DA:61,1
DA:62,1
DA:63,1
DA:64,1
DA:65,1
DA:66,1
DA:67,3
DA:68,3
DA:69,3
DA:70,1
DA:71,1
DA:72,1
DA:73,0
DA:74,0
DA:75,0
DA:76,1
DA:77,1
DA:78,1
DA:79,0
DA:80,0
DA:81,0
DA:82,0
DA:83,0
DA:84,1
DA:85,1
DA:86,1
DA:87,0
DA:88,0
DA:89,0
DA:90,0
DA:91,0
DA:92,0
DA:93,0
DA:94,0
DA:95,0
DA:96,0
DA:97,0
DA:98,0
DA:99,0
DA:100,0
DA:101,0
DA:102,1
DA:103,1
DA:104,0
DA:105,0
DA:106,0
DA:107,0
DA:108,0
DA:109,0
DA:110,0
DA:111,0
DA:112,0
DA:113,0
DA:114,0
DA:115,0
DA:116,0
DA:117,0
DA:118,0
DA:119,0
DA:120,0
DA:121,0
DA:122,0
DA:123,1
DA:124,1
DA:125,0
DA:126,0
DA:127,0
DA:128,0
DA:129,0
DA:130,0
DA:131,0
DA:132,0
DA:133,0
DA:134,0
DA:135,0
DA:136,0
DA:137,0
DA:138,0
DA:139,0
DA:140,0
DA:141,0
DA:142,0
DA:143,0
DA:144,0
DA:145,0
DA:146,0
DA:147,0
DA:148,0
DA:149,1
DA:150,1
LF:150
LH:81
BRDA:14,0,0,13
BRDA:28,1,0,3
BRDA:30,2,0,2
BRDA:33,3,0,1
BRDA:41,4,0,1
BRDA:43,5,0,0
BRDA:49,6,0,0
BRDA:60,7,0,1
BRDA:62,8,0,0
BRDA:66,9,0,3
BRDA:68,10,0,0
BRDA:18,11,0,5
BRDA:19,12,0,0
BRDA:24,13,0,2
BRF:14
BRH:9
end_of_record
TN:
SF:src/services/wallet.service.ts
FN:12,WalletService
FN:17,getOrCreateWallet
FN:43,creditUser
FN:134,debitUser
FN:229,getBalance
FN:244,getTransactions
FN:280,checkTransactionExists
FNF:7
FNH:7
FNDA:43,WalletService
FNDA:11,getOrCreateWallet
FNDA:4,creditUser
FNDA:3,debitUser
FNDA:2,getBalance
FNDA:2,getTransactions
FNDA:3,checkTransactionExists
DA:1,1
DA:2,1
DA:3,1
DA:4,1
DA:5,1
DA:6,1
DA:7,1
DA:8,1
DA:9,1
DA:10,1
DA:11,1
DA:12,1
DA:13,43
DA:14,43
DA:15,43
DA:16,1
DA:17,1
DA:18,11
DA:19,11
DA:20,11
DA:21,11
DA:22,11
DA:23,11
DA:24,11
DA:25,11
DA:26,11
DA:27,11
DA:28,11
DA:29,2
DA:30,2
DA:31,2
DA:32,2
DA:33,2
DA:34,2
DA:35,2
DA:36,2
DA:37,2
DA:38,2
DA:39,11
DA:40,11
DA:41,11
DA:42,1
DA:43,1
DA:44,4
DA:45,4
DA:46,4
DA:47,4
DA:48,4
DA:49,4
DA:50,4
DA:51,4
DA:52,3
DA:53,3
DA:54,3
DA:55,3
DA:56,3
DA:57,3
DA:58,3
DA:59,1
DA:60,1
DA:61,2
DA:62,2
DA:63,2
DA:64,2
DA:65,2
DA:66,2
DA:67,2
DA:68,2
DA:69,2
DA:70,2
DA:71,2
DA:72,2
DA:73,2
DA:74,2
DA:75,2
DA:76,2
DA:77,2
DA:78,2
DA:79,2
DA:80,4
DA:81,1
DA:82,1
DA:83,1
DA:84,1
DA:85,1
DA:86,1
DA:87,1
DA:88,1
DA:89,1
DA:90,1
DA:91,1
DA:92,1
DA:93,1
DA:94,1
DA:95,1
DA:96,1
DA:97,1
DA:98,0
DA:99,0
DA:100,1
DA:101,1
DA:102,1
DA:103,1
DA:104,1
DA:105,1
DA:106,1
DA:107,1
DA:108,1
DA:109,1
DA:110,1
DA:111,1
DA:112,1
DA:113,1
DA:114,1
DA:115,1
DA:116,1
DA:117,1
DA:118,1
DA:119,1
DA:120,1
DA:121,1
DA:122,1
DA:123,1
DA:124,0
DA:125,0
DA:126,0
DA:127,0
DA:128,1
DA:129,4
DA:130,1
DA:131,1
DA:132,4
DA:133,1
DA:134,1
DA:135,3
DA:136,3
DA:137,3
DA:138,3
DA:139,3
DA:140,3
DA:141,3
DA:142,3
DA:143,1
DA:144,1
DA:145,2
DA:146,2
DA:147,2
DA:148,2
DA:149,2
DA:150,2
DA:151,2
DA:152,2
DA:153,2
DA:154,1
DA:155,1
DA:156,1
DA:157,1
DA:158,1
DA:159,1
DA:160,1
DA:161,1
DA:162,1
DA:163,1
DA:164,1
DA:165,1
DA:166,1
DA:167,1
DA:168,1
DA:169,1
DA:170,1
DA:171,1
DA:172,1
DA:173,1
DA:174,1
DA:175,3
DA:176,0
DA:177,0
DA:178,0
DA:179,0
DA:180,0
DA:181,0
DA:182,0
DA:183,0
DA:184,0
DA:185,0
DA:186,0
DA:187,0
DA:188,0
DA:189,0
DA:190,0
DA:191,0
DA:192,0
DA:193,0
DA:194,0
DA:195,0
DA:196,0
DA:197,0
DA:198,0
DA:199,0
DA:200,0
DA:201,0
DA:202,0
DA:203,0
DA:204,0
DA:205,0
DA:206,0
DA:207,0
DA:208,0
DA:209,0
DA:210,0
DA:211,0
DA:212,0
DA:213,0
DA:214,0
DA:215,0
DA:216,0
DA:217,0
DA:218,0
DA:219,0
DA:220,0
DA:221,0
DA:222,0
DA:223,0
DA:224,3
DA:225,2
DA:226,2
DA:227,3
DA:228,1
DA:229,1
DA:230,2
DA:231,2
DA:232,2
DA:233,2
DA:234,2
DA:235,2
DA:236,1
DA:237,1
DA:238,1
DA:239,2
DA:240,0
DA:241,0
DA:242,2
DA:243,1
DA:244,1
DA:245,2
DA:246,2
DA:247,2
DA:248,2
DA:249,2
DA:250,2
DA:251,2
DA:252,2
DA:253,2
DA:254,2
DA:255,2
DA:256,2
DA:257,2
DA:258,2
DA:259,2
DA:260,2
DA:261,2
DA:262,2
DA:263,2
DA:264,2
DA:265,2
DA:266,2
DA:267,2
DA:268,2
DA:269,2
DA:270,2
DA:271,2
DA:272,2
DA:273,2
DA:274,2
DA:275,2
DA:276,0
DA:277,0
DA:278,2
DA:279,1
DA:280,1
DA:281,3
DA:282,3
DA:283,3
DA:284,3
DA:285,3
DA:286,3
DA:287,3
DA:288,3
DA:289,3
DA:290,3
DA:291,2
DA:292,3
DA:293,1
DA:294,1
DA:295,3
DA:296,1
LF:296
LH:238
BRDA:12,0,0,43
BRDA:17,1,0,11
BRDA:28,2,0,2
BRDA:43,3,0,4
BRDA:51,4,0,3
BRDA:58,5,0,1
BRDA:61,6,0,2
BRDA:80,7,0,1
BRDA:97,8,0,0
BRDA:123,9,0,0
BRDA:129,10,0,1
BRDA:134,11,0,3
BRDA:142,12,0,1
BRDA:145,13,0,2
BRDA:153,14,0,1
BRDA:175,15,0,0
BRDA:224,16,0,2
BRDA:229,17,0,2
BRDA:235,18,0,1
BRDA:239,19,0,0
BRDA:244,20,0,2
BRDA:250,21,0,1
BRDA:251,22,0,1
BRDA:275,23,0,0
BRDA:280,24,0,3
BRDA:291,25,0,2
BRDA:292,26,0,1
BRF:27
BRH:22
end_of_record
TN:
SF:src/types/business.type.ts
FNF:0
FNH:0
DA:1,1
DA:2,1
DA:3,1
DA:4,1
DA:5,1
DA:6,1
DA:7,1
DA:8,1
DA:9,1
DA:10,1
DA:11,1
DA:12,1
DA:13,1
DA:14,1
DA:15,1
DA:16,1
DA:17,1
DA:18,1
DA:19,1
DA:20,1
DA:21,1
DA:22,1
LF:22
LH:22
BRF:0
BRH:0
end_of_record
TN:
SF:src/types/cart.type.ts
FN:1,(empty-report)
FNF:1
FNH:0
FNDA:0,(empty-report)
DA:1,0
DA:2,0
DA:3,0
DA:4,0
DA:5,0
DA:6,0
DA:7,0
DA:8,0
DA:9,0
DA:10,0
DA:11,0
DA:12,0
DA:13,0
DA:14,0
DA:15,0
DA:16,0
DA:17,0
DA:18,0
DA:19,0
DA:20,0
DA:21,0
DA:22,0
DA:23,0
LF:23
LH:0
BRF:0
BRH:0
end_of_record
TN:
SF:src/types/category.type.ts
FN:1,(empty-report)
FNF:1
FNH:0
FNDA:0,(empty-report)
DA:1,0
DA:2,0
DA:3,0
DA:4,0
DA:5,0
DA:6,0
DA:7,0
DA:8,0
DA:9,0
DA:10,0
DA:11,0
DA:12,0
LF:12
LH:0
BRF:0
BRH:0
end_of_record
TN:
SF:src/types/order.type.ts
FNF:0
FNH:0
DA:1,1
DA:2,1
DA:3,1
DA:4,1
DA:5,1
DA:6,1
DA:7,1
DA:8,1
DA:9,1
DA:10,1
DA:11,1
DA:12,1
DA:13,1
DA:14,1
DA:15,1
DA:16,1
DA:17,1
DA:18,1
DA:19,1
DA:20,1
DA:21,1
DA:22,1
DA:23,1
DA:24,1
DA:25,1
DA:26,1
DA:27,1
DA:28,1
DA:29,1
DA:30,1
DA:31,1
DA:32,1
DA:33,1
DA:34,1
DA:35,1
DA:36,1
DA:37,1
DA:38,1
DA:39,1
DA:40,1
DA:41,1
DA:42,1
DA:43,1
DA:44,1
LF:44
LH:44
BRF:0
BRH:0
end_of_record
TN:
SF:src/types/payment.type.ts
FNF:0
FNH:0
DA:1,1
DA:2,1
DA:3,1
DA:4,1
DA:5,1
DA:6,1
DA:7,1
DA:8,1
DA:9,1
DA:10,1
DA:11,1
DA:12,1
DA:13,1
DA:14,1
DA:15,1
DA:16,1
DA:17,1
DA:18,1
DA:19,1
DA:20,1
DA:21,1
DA:22,1
DA:23,1
DA:24,1
DA:25,1
DA:26,1
DA:27,1
LF:27
LH:27
BRF:0
BRH:0
end_of_record
TN:
SF:src/types/product.type.ts
FN:1,(empty-report)
FNF:1
FNH:0
FNDA:0,(empty-report)
DA:1,0
DA:2,0
DA:3,0
DA:4,0
DA:5,0
DA:6,0
DA:7,0
DA:8,0
DA:9,0
DA:10,0
DA:11,0
DA:12,0
DA:13,0
DA:14,0
DA:15,0
DA:16,0
DA:17,0
DA:18,0
DA:19,0
DA:20,0
LF:20
LH:0
BRF:0
BRH:0
end_of_record
TN:
SF:src/types/user.type.ts
FNF:0
FNH:0
DA:1,1
DA:2,1
DA:3,1
DA:4,1
DA:5,1
DA:6,1
DA:7,1
DA:8,1
DA:9,1
DA:10,1
DA:11,1
DA:12,1
DA:13,1
DA:14,1
DA:15,1
LF:15
LH:15
BRF:0
BRH:0
end_of_record
TN:
SF:src/types/wallet.type.ts
FNF:0
FNH:0
DA:1,1
DA:2,1
DA:3,1
DA:4,1
DA:5,1
DA:6,1
DA:7,1
DA:8,1
DA:9,1
DA:10,1
DA:11,1
DA:12,1
DA:13,1
DA:14,1
DA:15,1
DA:16,1
DA:17,1
DA:18,1
DA:19,1
DA:20,1
DA:21,1
DA:22,1
DA:23,1
DA:24,1
DA:25,1
DA:26,1
DA:27,1
DA:28,1
DA:29,1
LF:29
LH:29
BRF:0
BRH:0
end_of_record
