TN:
SF:src/config/email.ts
FN:17,sendEmail
FNF:1
FNH:1
FNDA:8,sendEmail
DA:1,1
DA:2,1
DA:3,1
DA:4,1
DA:5,1
DA:6,1
DA:7,1
DA:8,1
DA:9,1
DA:10,1
DA:11,1
DA:12,1
DA:13,1
DA:14,1
DA:15,1
DA:16,1
DA:17,1
DA:18,8
DA:19,8
DA:20,8
DA:21,8
DA:22,8
DA:23,8
DA:24,8
DA:25,7
LF:25
LH:25
BRDA:17,0,0,8
BRDA:25,1,0,7
BRF:2
BRH:2
end_of_record
TN:
SF:src/config/khalti.ts
FN:7,getKhaltiConfig
FN:15,initiateKhaltiPayment
FN:56,verifyKhaltiPayment
FNF:3
FNH:3
FNDA:23,getKhaltiConfig
FNDA:10,initiateKhaltiPayment
FNDA:10,verifyKhaltiPayment
DA:1,1
DA:2,1
DA:3,1
DA:4,1
DA:5,1
DA:6,1
DA:7,1
DA:8,23
DA:9,23
DA:10,23
DA:11,23
DA:12,23
DA:13,23
DA:14,1
DA:15,1
DA:16,10
DA:17,10
DA:18,10
DA:19,10
DA:20,10
DA:21,10
DA:22,10
DA:23,10
DA:24,10
DA:25,10
DA:26,10
DA:27,10
DA:28,10
DA:29,10
DA:30,1
DA:31,1
DA:32,9
DA:33,9
DA:34,9
DA:35,9
DA:36,9
DA:37,9
DA:38,9
DA:39,9
DA:40,9
DA:41,9
DA:42,9
DA:43,9
DA:44,9
DA:45,9
DA:46,9
DA:47,6
DA:48,6
DA:49,10
DA:50,3
DA:51,3
DA:52,3
DA:53,3
DA:54,10
DA:55,1
DA:56,1
DA:57,10
DA:58,10
DA:59,10
DA:60,1
DA:61,1
DA:62,9
DA:63,9
DA:64,9
DA:65,9
DA:66,9
DA:67,9
DA:68,9
DA:69,9
DA:70,9
DA:71,9
DA:72,9
DA:73,9
DA:74,6
DA:75,6
DA:76,10
DA:77,3
DA:78,3
DA:79,3
DA:80,3
DA:81,10
LF:81
LH:81
BRDA:7,0,0,23
BRDA:15,1,0,10
BRDA:29,2,0,1
BRDA:32,3,0,9
BRDA:47,4,0,6
BRDA:49,5,0,3
BRDA:51,6,0,2
BRDA:51,7,0,2
BRDA:56,8,0,10
BRDA:59,9,0,1
BRDA:62,10,0,9
BRDA:74,11,0,6
BRDA:76,12,0,3
BRDA:78,13,0,2
BRDA:78,14,0,2
BRF:15
BRH:15
end_of_record
TN:
SF:src/controllers/business.controller.ts
FN:10,BusinessController
FN:13,BusinessController.register
FN:33,BusinessController.login
FN:66,BusinessController.uploadDocument
FN:94,BusinessController.approve
FN:124,BusinessController.getAll
FN:137,BusinessController.getProfile
FN:148,BusinessController.editProfile
FNF:8
FNH:5
FNDA:13,BusinessController
FNDA:6,BusinessController.register
FNDA:2,BusinessController.login
FNDA:2,BusinessController.uploadDocument
FNDA:0,BusinessController.approve
FNDA:1,BusinessController.getAll
FNDA:0,BusinessController.getProfile
FNDA:0,BusinessController.editProfile
DA:1,1
DA:2,1
DA:3,1
DA:4,1
DA:5,1
DA:6,1
DA:7,1
DA:8,1
DA:9,1
DA:10,13
DA:11,13
DA:12,13
DA:13,13
DA:14,6
DA:15,6
DA:16,6
DA:17,2
DA:18,2
DA:19,4
DA:20,6
DA:21,6
DA:22,6
DA:23,6
DA:24,6
DA:25,6
DA:26,3
DA:27,3
DA:28,6
DA:29,1
DA:30,1
DA:31,13
DA:32,13
DA:33,13
DA:34,2
DA:35,2
DA:36,2
DA:37,0
DA:38,0
DA:39,2
DA:40,2
DA:41,2
DA:42,2
DA:43,2
DA:44,0
DA:45,0
DA:46,0
DA:47,0
DA:48,0
DA:49,1
DA:50,1
DA:51,1
DA:52,1
DA:53,1
DA:54,1
DA:55,1
DA:56,1
DA:57,1
DA:58,1
DA:59,1
DA:60,1
DA:61,1
DA:62,1
DA:63,1
DA:64,13
DA:65,13
DA:66,13
DA:67,2
DA:68,2
DA:69,2
DA:70,0
DA:71,0
DA:72,0
DA:73,0
DA:74,2
DA:75,1
DA:76,1
DA:77,1
DA:78,1
DA:79,1
DA:80,1
DA:81,1
DA:82,1
DA:83,1
DA:84,1
DA:85,1
DA:86,1
DA:87,1
DA:88,1
DA:89,2
DA:90,0
DA:91,0
DA:92,13
DA:93,13
DA:94,13
DA:95,0
DA:96,0
DA:97,0
DA:98,0
DA:99,0
DA:100,0
DA:101,0
DA:102,0
DA:103,0
DA:104,0
DA:105,0
DA:106,0
DA:107,0
DA:108,0
DA:109,0
DA:110,0
DA:111,0
DA:112,0
DA:113,0
DA:114,0
DA:115,0
DA:116,0
DA:117,0
DA:118,0
DA:119,0
DA:120,0
DA:121,0
DA:122,13
DA:123,13
DA:124,13
DA:125,1
DA:126,1
DA:127,1
DA:128,1
DA:129,1
DA:130,1
DA:131,1
DA:132,1
DA:133,0
DA:134,0
DA:135,13
DA:136,13
DA:137,13
DA:138,0
DA:139,0
DA:140,0
DA:141,0
DA:142,0
DA:143,0
DA:144,0
DA:145,0
DA:146,13
DA:147,13
DA:148,13
DA:149,0
DA:150,0
DA:151,0
DA:152,0
DA:153,0
DA:154,0
DA:155,0
DA:156,0
DA:157,0
DA:158,0
DA:159,0
DA:160,0
DA:161,0
DA:162,0
DA:163,13
DA:164,13
LF:164
LH:100
BRDA:10,0,0,13
BRDA:13,1,0,6
BRDA:16,2,0,2
BRDA:19,3,0,4
BRDA:20,4,0,1
BRDA:20,5,0,3
BRDA:26,6,0,3
BRDA:28,7,0,1
BRDA:33,8,0,2
BRDA:36,9,0,0
BRDA:41,10,0,1
BRDA:43,11,0,0
BRDA:49,12,0,1
BRDA:66,13,0,2
BRDA:69,14,0,0
BRDA:74,15,0,1
BRDA:89,16,0,0
BRDA:124,17,0,1
BRDA:132,18,0,0
BRF:19
BRH:14
end_of_record
TN:
SF:src/controllers/cart.controller.ts
FN:7,getCart
FN:17,addToCart
FN:32,updateCartItem
FN:50,removeFromCart
FN:61,clearCart
FN:71,getCartCount
FNF:6
FNH:0
FNDA:0,getCart
FNDA:0,addToCart
FNDA:0,updateCartItem
FNDA:0,removeFromCart
FNDA:0,clearCart
FNDA:0,getCartCount
DA:1,1
DA:2,1
DA:3,1
DA:4,1
DA:5,1
DA:6,1
DA:7,1
DA:8,0
DA:9,0
DA:10,0
DA:11,0
DA:12,0
DA:13,0
DA:14,0
DA:15,0
DA:16,1
DA:17,1
DA:18,0
DA:19,0
DA:20,0
DA:21,0
DA:22,0
DA:23,0
DA:24,0
DA:25,0
DA:26,0
DA:27,0
DA:28,0
DA:29,0
DA:30,0
DA:31,1
DA:32,1
DA:33,0
DA:34,0
DA:35,0
DA:36,0
DA:37,0
DA:38,0
DA:39,0
DA:40,0
DA:41,0
DA:42,0
DA:43,0
DA:44,0
DA:45,0
DA:46,0
DA:47,0
DA:48,0
DA:49,1
DA:50,1
DA:51,0
DA:52,0
DA:53,0
DA:54,0
DA:55,0
DA:56,0
DA:57,0
DA:58,0
DA:59,0
DA:60,1
DA:61,1
DA:62,0
DA:63,0
DA:64,0
DA:65,0
DA:66,0
DA:67,0
DA:68,0
DA:69,0
DA:70,1
DA:71,1
DA:72,0
DA:73,0
DA:74,0
DA:75,0
DA:76,0
DA:77,0
DA:78,0
DA:79,0
LF:79
LH:17
BRF:0
BRH:0
end_of_record
TN:
SF:src/controllers/category.controller.ts
FN:6,addCategory
FN:43,getCategories
FN:53,getCategoryById
FN:66,updateCategory
FN:85,deleteCategory
FNF:5
FNH:2
FNDA:1,addCategory
FNDA:1,getCategories
FNDA:0,getCategoryById
FNDA:0,updateCategory
FNDA:0,deleteCategory
DA:1,1
DA:2,1
DA:3,1
DA:4,1
DA:5,1
DA:6,1
DA:7,1
DA:8,1
DA:9,1
DA:10,1
DA:11,0
DA:12,0
DA:13,0
DA:14,0
DA:15,0
DA:16,1
DA:17,1
DA:18,1
DA:19,1
DA:20,1
DA:21,1
DA:22,1
DA:23,1
DA:24,1
DA:25,1
DA:26,1
DA:27,1
DA:28,1
DA:29,0
DA:30,0
DA:31,0
DA:32,0
DA:33,0
DA:34,0
DA:35,0
DA:36,0
DA:37,0
DA:38,0
DA:39,0
DA:40,0
DA:41,1
DA:42,1
DA:43,1
DA:44,1
DA:45,1
DA:46,1
DA:47,1
DA:48,1
DA:49,1
DA:50,1
DA:51,1
DA:52,1
DA:53,1
DA:54,0
DA:55,0
DA:56,0
DA:57,0
DA:58,0
DA:59,0
DA:60,0
DA:61,0
DA:62,0
DA:63,0
DA:64,0
DA:65,1
DA:66,1
DA:67,0
DA:68,0
DA:69,0
DA:70,0
DA:71,0
DA:72,0
DA:73,0
DA:74,0
DA:75,0
DA:76,0
DA:77,0
DA:78,0
DA:79,0
DA:80,0
DA:81,0
DA:82,0
DA:83,0
DA:84,1
DA:85,1
DA:86,0
DA:87,0
DA:88,0
DA:89,0
DA:90,0
DA:91,0
DA:92,0
DA:93,0
DA:94,0
DA:95,0
DA:96,0
DA:97,0
DA:98,0
DA:99,0
DA:100,0
DA:101,0
LF:101
LH:40
BRDA:6,0,0,1
BRDA:10,1,0,0
BRDA:28,2,0,0
BRDA:43,3,0,1
BRF:4
BRH:2
end_of_record
TN:
SF:src/controllers/order.controller.ts
FN:11,createOrder
FN:38,getUserOrders
FN:65,getOrderById
FN:127,getBusinessOrders
FN:166,updateOrderStatus
FN:220,updatePaymentStatus
FNF:6
FNH:0
FNDA:0,createOrder
FNDA:0,getUserOrders
FNDA:0,getOrderById
FNDA:0,getBusinessOrders
FNDA:0,updateOrderStatus
FNDA:0,updatePaymentStatus
DA:1,1
DA:2,1
DA:3,1
DA:4,1
DA:5,1
DA:6,1
DA:7,1
DA:8,1
DA:9,1
DA:10,1
DA:11,1
DA:12,0
DA:13,0
DA:14,0
DA:15,0
DA:16,0
DA:17,0
DA:18,0
DA:19,0
DA:20,0
DA:21,0
DA:22,0
DA:23,0
DA:24,0
DA:25,0
DA:26,0
DA:27,0
DA:28,0
DA:29,0
DA:30,0
DA:31,0
DA:32,0
DA:33,0
DA:34,0
DA:35,0
DA:36,0
DA:37,1
DA:38,1
DA:39,0
DA:40,0
DA:41,0
DA:42,0
DA:43,0
DA:44,0
DA:45,0
DA:46,0
DA:47,0
DA:48,0
DA:49,0
DA:50,0
DA:51,0
DA:52,0
DA:53,0
DA:54,0
DA:55,0
DA:56,0
DA:57,0
DA:58,0
DA:59,0
DA:60,0
DA:61,0
DA:62,0
DA:63,0
DA:64,1
DA:65,1
DA:66,0
DA:67,0
DA:68,0
DA:69,0
DA:70,0
DA:71,0
DA:72,0
DA:73,0
DA:74,0
DA:75,0
DA:76,0
DA:77,0
DA:78,0
DA:79,0
DA:80,0
DA:81,0
DA:82,0
DA:83,0
DA:84,0
DA:85,0
DA:86,0
DA:87,0
DA:88,0
DA:89,0
DA:90,0
DA:91,0
DA:92,0
DA:93,0
DA:94,0
DA:95,0
DA:96,0
DA:97,0
DA:98,0
DA:99,0
DA:100,0
DA:101,0
DA:102,0
DA:103,0
DA:104,0
DA:105,0
DA:106,0
DA:107,0
DA:108,0
DA:109,0
DA:110,0
DA:111,0
DA:112,0
DA:113,0
DA:114,0
DA:115,0
DA:116,0
DA:117,0
DA:118,0
DA:119,0
DA:120,0
DA:121,0
DA:122,0
DA:123,0
DA:124,0
DA:125,0
DA:126,1
DA:127,1
DA:128,0
DA:129,0
DA:130,0
DA:131,0
DA:132,0
DA:133,0
DA:134,0
DA:135,0
DA:136,0
DA:137,0
DA:138,0
DA:139,0
DA:140,0
DA:141,0
DA:142,0
DA:143,0
DA:144,0
DA:145,0
DA:146,0
DA:147,0
DA:148,0
DA:149,0
DA:150,0
DA:151,0
DA:152,0
DA:153,0
DA:154,0
DA:155,0
DA:156,0
DA:157,0
DA:158,0
DA:159,0
DA:160,0
DA:161,0
DA:162,0
DA:163,0
DA:164,0
DA:165,1
DA:166,1
DA:167,0
DA:168,0
DA:169,0
DA:170,0
DA:171,0
DA:172,0
DA:173,0
DA:174,0
DA:175,0
DA:176,0
DA:177,0
DA:178,0
DA:179,0
DA:180,0
DA:181,0
DA:182,0
DA:183,0
DA:184,0
DA:185,0
DA:186,0
DA:187,0
DA:188,0
DA:189,0
DA:190,0
DA:191,0
DA:192,0
DA:193,0
DA:194,0
DA:195,0
DA:196,0
DA:197,0
DA:198,0
DA:199,0
DA:200,0
DA:201,0
DA:202,0
DA:203,0
DA:204,0
DA:205,0
DA:206,0
DA:207,0
DA:208,0
DA:209,0
DA:210,0
DA:211,0
DA:212,0
DA:213,0
DA:214,0
DA:215,0
DA:216,0
DA:217,0
DA:218,0
DA:219,1
DA:220,1
DA:221,0
DA:222,0
DA:223,0
DA:224,0
DA:225,0
DA:226,0
DA:227,0
DA:228,0
DA:229,0
DA:230,0
DA:231,0
DA:232,0
DA:233,0
DA:234,0
DA:235,0
DA:236,0
DA:237,0
DA:238,0
DA:239,0
DA:240,0
DA:241,0
DA:242,0
DA:243,0
DA:244,0
DA:245,0
DA:246,0
DA:247,0
DA:248,0
DA:249,0
DA:250,0
DA:251,0
DA:252,0
DA:253,0
DA:254,0
DA:255,0
DA:256,0
DA:257,0
DA:258,0
DA:259,0
DA:260,0
DA:261,0
DA:262,0
DA:263,0
DA:264,0
DA:265,0
DA:266,0
DA:267,0
DA:268,0
DA:269,0
DA:270,0
DA:271,0
DA:272,0
LF:272
LH:21
BRF:0
BRH:0
end_of_record
TN:
SF:src/controllers/payment.controller.ts
FN:12,PaymentController
FN:13,PaymentController.initiateKhaltiPayment
FN:47,PaymentController.verifyKhaltiPayment
FN:75,PaymentController.getPaymentByOrderId
FN:100,PaymentController.getUserPayments
FN:138,PaymentController.getAllPayments
FN:177,PaymentController.khaltiWebhook
FNF:7
FNH:1
FNDA:13,PaymentController
FNDA:0,PaymentController.initiateKhaltiPayment
FNDA:0,PaymentController.verifyKhaltiPayment
FNDA:0,PaymentController.getPaymentByOrderId
FNDA:0,PaymentController.getUserPayments
FNDA:0,PaymentController.getAllPayments
FNDA:0,PaymentController.khaltiWebhook
DA:1,1
DA:2,1
DA:3,1
DA:4,1
DA:5,1
DA:6,1
DA:7,1
DA:8,1
DA:9,1
DA:10,1
DA:11,1
DA:12,13
DA:13,13
DA:14,0
DA:15,0
DA:16,0
DA:17,0
DA:18,0
DA:19,0
DA:20,0
DA:21,0
DA:22,0
DA:23,0
DA:24,0
DA:25,0
DA:26,0
DA:27,0
DA:28,0
DA:29,0
DA:30,0
DA:31,0
DA:32,0
DA:33,0
DA:34,0
DA:35,0
DA:36,0
DA:37,0
DA:38,0
DA:39,0
DA:40,0
DA:41,0
DA:42,0
DA:43,0
DA:44,0
DA:45,13
DA:46,13
DA:47,13
DA:48,0
DA:49,0
DA:50,0
DA:51,0
DA:52,0
DA:53,0
DA:54,0
DA:55,0
DA:56,0
DA:57,0
DA:58,0
DA:59,0
DA:60,0
DA:61,0
DA:62,0
DA:63,0
DA:64,0
DA:65,0
DA:66,0
DA:67,0
DA:68,0
DA:69,0
DA:70,0
DA:71,0
DA:72,0
DA:73,13
DA:74,13
DA:75,13
DA:76,0
DA:77,0
DA:78,0
DA:79,0
DA:80,0
DA:81,0
DA:82,0
DA:83,0
DA:84,0
DA:85,0
DA:86,0
DA:87,0
DA:88,0
DA:89,0
DA:90,0
DA:91,0
DA:92,0
DA:93,0
DA:94,0
DA:95,0
DA:96,0
DA:97,0
DA:98,13
DA:99,13
DA:100,13
DA:101,0
DA:102,0
DA:103,0
DA:104,0
DA:105,0
DA:106,0
DA:107,0
DA:108,0
DA:109,0
DA:110,0
DA:111,0
DA:112,0
DA:113,0
DA:114,0
DA:115,0
DA:116,0
DA:117,0
DA:118,0
DA:119,0
DA:120,0
DA:121,0
DA:122,0
DA:123,0
DA:124,0
DA:125,0
DA:126,0
DA:127,0
DA:128,0
DA:129,0
DA:130,0
DA:131,0
DA:132,0
DA:133,0
DA:134,0
DA:135,0
DA:136,13
DA:137,13
DA:138,13
DA:139,0
DA:140,0
DA:141,0
DA:142,0
DA:143,0
DA:144,0
DA:145,0
DA:146,0
DA:147,0
DA:148,0
DA:149,0
DA:150,0
DA:151,0
DA:152,0
DA:153,0
DA:154,0
DA:155,0
DA:156,0
DA:157,0
DA:158,0
DA:159,0
DA:160,0
DA:161,0
DA:162,0
DA:163,0
DA:164,0
DA:165,0
DA:166,0
DA:167,0
DA:168,0
DA:169,0
DA:170,0
DA:171,0
DA:172,0
DA:173,0
DA:174,0
DA:175,13
DA:176,13
DA:177,13
DA:178,0
DA:179,0
DA:180,0
DA:181,0
DA:182,0
DA:183,0
DA:184,0
DA:185,0
DA:186,0
DA:187,0
DA:188,0
DA:189,0
DA:190,0
DA:191,0
DA:192,0
DA:193,0
DA:194,0
DA:195,0
DA:196,0
DA:197,0
DA:198,0
DA:199,0
DA:200,0
DA:201,0
DA:202,0
DA:203,0
DA:204,0
DA:205,0
DA:206,13
DA:207,13
LF:207
LH:30
BRDA:12,0,0,13
BRF:1
BRH:1
end_of_record
TN:
SF:src/controllers/product.controller.ts
FN:6,addProduct
FN:37,getBusinessProducts
FN:42,getProductById
FN:53,getProductsByCategory
FN:72,updateProduct
FN:92,deleteProduct
FNF:6
FNH:5
FNDA:2,addProduct
FNDA:1,getBusinessProducts
FNDA:3,getProductById
FNDA:0,getProductsByCategory
FNDA:1,updateProduct
FNDA:2,deleteProduct
DA:1,1
DA:2,1
DA:3,1
DA:4,1
DA:5,1
DA:6,1
DA:7,2
DA:8,2
DA:9,2
DA:10,2
DA:11,2
DA:12,1
DA:13,1
DA:14,1
DA:15,1
DA:16,1
DA:17,1
DA:18,1
DA:19,1
DA:20,1
DA:21,2
DA:22,2
DA:23,1
DA:24,1
DA:25,1
DA:26,1
DA:27,1
DA:28,1
DA:29,2
DA:30,0
DA:31,0
DA:32,0
DA:33,0
DA:34,0
DA:35,2
DA:36,1
DA:37,1
DA:38,1
DA:39,1
DA:40,1
DA:41,1
DA:42,1
DA:43,3
DA:44,3
DA:45,3
DA:46,1
DA:47,1
DA:48,2
DA:49,2
DA:50,2
DA:51,1
DA:52,1
DA:53,1
DA:54,0
DA:55,0
DA:56,0
DA:57,0
DA:58,0
DA:59,0
DA:60,0
DA:61,0
DA:62,0
DA:63,0
DA:64,0
DA:65,0
DA:66,0
DA:67,0
DA:68,0
DA:69,0
DA:70,0
DA:71,1
DA:72,1
DA:73,1
DA:74,1
DA:75,1
DA:76,0
DA:77,0
DA:78,1
DA:79,1
DA:80,0
DA:81,0
DA:82,1
DA:83,1
DA:84,1
DA:85,1
DA:86,1
DA:87,1
DA:88,1
DA:89,1
DA:90,1
DA:91,1
DA:92,1
DA:93,2
DA:94,2
DA:95,2
DA:96,1
DA:97,1
DA:98,1
DA:99,2
DA:100,0
DA:101,0
DA:102,1
DA:103,1
DA:104,1
DA:105,1
LF:105
LH:77
BRDA:6,0,0,2
BRDA:11,1,0,1
BRDA:11,2,0,1
BRDA:11,3,0,1
BRDA:21,4,0,0
BRDA:23,5,0,1
BRDA:29,6,0,0
BRDA:37,7,0,1
BRDA:42,8,0,3
BRDA:45,9,0,2
BRDA:45,10,0,1
BRDA:72,11,0,1
BRDA:75,12,0,0
BRDA:79,13,0,0
BRDA:86,14,0,0
BRDA:92,15,0,2
BRDA:95,16,0,1
BRDA:99,17,0,0
BRDA:102,18,0,1
BRF:19
BRH:13
end_of_record
TN:
SF:src/controllers/tax.controller.ts
FN:7,TaxController
FN:8,TaxController.getBusinessTaxLiabilities
FN:48,TaxController.payTaxes
FNF:3
FNH:3
FNDA:4,TaxController
FNDA:2,TaxController.getBusinessTaxLiabilities
FNDA:2,TaxController.payTaxes
DA:1,1
DA:2,1
DA:3,1
DA:4,1
DA:5,1
DA:6,1
DA:7,4
DA:8,4
DA:9,2
DA:10,2
DA:11,2
DA:12,1
DA:13,1
DA:14,1
DA:15,1
DA:16,1
DA:17,1
DA:18,1
DA:19,1
DA:20,1
DA:21,1
DA:22,1
DA:23,1
DA:24,1
DA:25,1
DA:26,1
DA:27,1
DA:28,1
DA:29,1
DA:30,1
DA:31,1
DA:32,1
DA:33,1
DA:34,1
DA:35,1
DA:36,1
DA:37,1
DA:38,1
DA:39,1
DA:40,2
DA:41,0
DA:42,0
DA:43,0
DA:44,0
DA:45,0
DA:46,4
DA:47,4
DA:48,4
DA:49,2
DA:50,2
DA:51,2
DA:52,2
DA:53,2
DA:54,2
DA:55,2
DA:56,2
DA:57,0
DA:58,0
DA:59,0
DA:60,0
DA:61,0
DA:62,2
DA:63,2
DA:64,2
DA:65,2
DA:66,2
DA:67,2
DA:68,1
DA:69,1
DA:70,1
DA:71,1
DA:72,1
DA:73,1
DA:74,1
DA:75,1
DA:76,1
DA:77,1
DA:78,1
DA:79,1
DA:80,1
DA:81,1
DA:82,1
DA:83,1
DA:84,1
DA:85,4
DA:86,4
LF:86
LH:76
BRDA:7,0,0,4
BRDA:8,1,0,2
BRDA:10,2,0,1
BRDA:11,3,0,1
BRDA:40,4,0,0
BRDA:48,5,0,2
BRDA:56,6,0,0
BRDA:68,7,0,1
BRDA:82,8,0,0
BRF:9
BRH:6
end_of_record
TN:
SF:src/controllers/user.controller.ts
FN:16,UserController
FN:17,UserController.register
FN:56,UserController.loginUser
FN:97,UserController.getMyProfile
FN:107,UserController.editMyProfile
FN:134,UserController.getUserProfile
FN:143,UserController.editUserProfile
FN:166,UserController.deleteUserAccount
FN:175,UserController.getAllUsers
FN:186,UserController.sendResetPasswordEmail
FN:203,UserController.resetPassword
FN:220,UserController.changePassword
FNF:12
FNH:5
FNDA:13,UserController
FNDA:3,UserController.register
FNDA:4,UserController.loginUser
FNDA:1,UserController.getMyProfile
FNDA:2,UserController.editMyProfile
FNDA:0,UserController.getUserProfile
FNDA:0,UserController.editUserProfile
FNDA:0,UserController.deleteUserAccount
FNDA:0,UserController.getAllUsers
FNDA:0,UserController.sendResetPasswordEmail
FNDA:0,UserController.resetPassword
FNDA:0,UserController.changePassword
DA:1,1
DA:2,1
DA:3,1
DA:4,1
DA:5,1
DA:6,1
DA:7,1
DA:8,1
DA:9,1
DA:10,1
DA:11,1
DA:12,1
DA:13,1
DA:14,1
DA:15,1
DA:16,13
DA:17,13
DA:18,3
DA:19,3
DA:20,3
DA:21,0
DA:22,0
DA:23,0
DA:24,3
DA:25,3
DA:26,3
DA:27,3
DA:28,3
DA:29,3
DA:30,3
DA:31,3
DA:32,3
DA:33,3
DA:34,3
DA:35,3
DA:36,3
DA:37,3
DA:38,3
DA:39,3
DA:40,3
DA:41,3
DA:42,3
DA:43,3
DA:44,3
DA:45,1
DA:46,1
DA:47,1
DA:48,1
DA:49,1
DA:50,3
DA:51,2
DA:52,2
DA:53,2
DA:54,13
DA:55,13
DA:56,13
DA:57,4
DA:58,4
DA:59,4
DA:60,1
DA:61,1
DA:62,3
DA:63,3
DA:64,3
DA:65,3
DA:66,3
DA:67,3
DA:68,3
DA:69,4
DA:70,1
DA:71,1
DA:72,1
DA:73,1
DA:74,2
DA:75,2
DA:76,2
DA:77,2
DA:78,2
DA:79,2
DA:80,2
DA:81,2
DA:82,2
DA:83,2
DA:84,2
DA:85,2
DA:86,2
DA:87,2
DA:88,2
DA:89,2
DA:90,2
DA:91,2
DA:92,4
DA:93,0
DA:94,0
DA:95,13
DA:96,13
DA:97,13
DA:98,1
DA:99,1
DA:100,1
DA:101,1
DA:102,1
DA:103,0
DA:104,0
DA:105,13
DA:106,13
DA:107,13
DA:108,2
DA:109,2
DA:110,2
DA:111,2
DA:112,2
DA:113,1
DA:114,1
DA:115,1
DA:116,1
DA:117,1
DA:118,2
DA:119,0
DA:120,0
DA:121,1
DA:122,1
DA:123,1
DA:124,1
DA:125,1
DA:126,1
DA:127,1
DA:128,1
DA:129,2
DA:130,0
DA:131,0
DA:132,13
DA:133,13
DA:134,13
DA:135,0
DA:136,0
DA:137,0
DA:138,0
DA:139,0
DA:140,0
DA:141,13
DA:142,13
DA:143,13
DA:144,0
DA:145,0
DA:146,0
DA:147,0
DA:148,0
DA:149,0
DA:150,0
DA:151,0
DA:152,0
DA:153,0
DA:154,0
DA:155,0
DA:156,0
DA:157,0
DA:158,0
DA:159,0
DA:160,0
DA:161,0
DA:162,0
DA:163,0
DA:164,13
DA:165,13
DA:166,13
DA:167,0
DA:168,0
DA:169,0
DA:170,0
DA:171,0
DA:172,0
DA:173,13
DA:174,13
DA:175,13
DA:176,0
DA:177,0
DA:178,0
DA:179,0
DA:180,0
DA:181,0
DA:182,0
DA:183,0
DA:184,13
DA:185,13
DA:186,13
DA:187,0
DA:188,0
DA:189,0
DA:190,0
DA:191,0
DA:192,0
DA:193,0
DA:194,0
DA:195,0
DA:196,0
DA:197,0
DA:198,0
DA:199,0
DA:200,0
DA:201,13
DA:202,13
DA:203,13
DA:204,0
DA:205,0
DA:206,0
DA:207,0
DA:208,0
DA:209,0
DA:210,0
DA:211,0
DA:212,0
DA:213,0
DA:214,0
DA:215,0
DA:216,0
DA:217,0
DA:218,13
DA:219,13
DA:220,13
DA:221,0
DA:222,0
DA:223,0
DA:224,0
DA:225,0
DA:226,0
DA:227,0
DA:228,0
DA:229,0
DA:230,0
DA:231,0
DA:232,0
DA:233,0
DA:234,0
DA:235,0
DA:236,0
DA:237,0
DA:238,0
DA:239,0
DA:240,0
DA:241,0
DA:242,0
DA:243,0
DA:244,0
DA:245,0
DA:246,0
DA:247,0
DA:248,13
DA:249,13
LF:249
LH:143
BRDA:16,0,0,13
BRDA:17,1,0,3
BRDA:20,2,0,0
BRDA:27,3,0,0
BRDA:30,4,0,0
BRDA:45,5,0,1
BRDA:50,6,0,2
BRDA:51,7,0,0
BRDA:56,8,0,4
BRDA:59,9,0,1
BRDA:62,10,0,3
BRDA:69,11,0,2
BRDA:69,12,0,1
BRDA:92,13,0,0
BRDA:97,14,0,1
BRDA:102,15,0,0
BRDA:107,16,0,2
BRDA:112,17,0,1
BRDA:118,18,0,0
BRDA:121,19,0,1
BRDA:129,20,0,0
BRF:21
BRH:13
end_of_record
TN:
SF:src/controllers/wallet.controller.ts
FN:8,WalletController
FN:9,WalletController.getWalletBalance
FN:25,WalletController.getTransactions
FN:53,WalletController.getBusinessWalletBalance
FN:75,WalletController.getBusinessTransactions
FNF:5
FNH:1
FNDA:13,WalletController
FNDA:0,WalletController.getWalletBalance
FNDA:0,WalletController.getTransactions
FNDA:0,WalletController.getBusinessWalletBalance
FNDA:0,WalletController.getBusinessTransactions
DA:1,1
DA:2,1
DA:3,1
DA:4,1
DA:5,1
DA:6,1
DA:7,1
DA:8,13
DA:9,13
DA:10,0
DA:11,0
DA:12,0
DA:13,0
DA:14,0
DA:15,0
DA:16,0
DA:17,0
DA:18,0
DA:19,0
DA:20,0
DA:21,0
DA:22,0
DA:23,13
DA:24,13
DA:25,13
DA:26,0
DA:27,0
DA:28,0
DA:29,0
DA:30,0
DA:31,0
DA:32,0
DA:33,0
DA:34,0
DA:35,0
DA:36,0
DA:37,0
DA:38,0
DA:39,0
DA:40,0
DA:41,0
DA:42,0
DA:43,0
DA:44,0
DA:45,0
DA:46,0
DA:47,0
DA:48,0
DA:49,0
DA:50,0
DA:51,13
DA:52,13
DA:53,13
DA:54,0
DA:55,0
DA:56,0
DA:57,0
DA:58,0
DA:59,0
DA:60,0
DA:61,0
DA:62,0
DA:63,0
DA:64,0
DA:65,0
DA:66,0
DA:67,0
DA:68,0
DA:69,0
DA:70,0
DA:71,0
DA:72,0
DA:73,13
DA:74,13
DA:75,13
DA:76,0
DA:77,0
DA:78,0
DA:79,0
DA:80,0
DA:81,0
DA:82,0
DA:83,0
DA:84,0
DA:85,0
DA:86,0
DA:87,0
DA:88,0
DA:89,0
DA:90,0
DA:91,0
DA:92,0
DA:93,0
DA:94,0
DA:95,0
DA:96,0
DA:97,0
DA:98,0
DA:99,0
DA:100,0
DA:101,0
DA:102,0
DA:103,0
DA:104,0
DA:105,0
DA:106,0
DA:107,0
DA:108,0
DA:109,0
DA:110,0
DA:111,13
DA:112,13
LF:112
LH:20
BRDA:8,0,0,13
BRF:1
BRH:1
end_of_record
TN:
SF:src/database/db.ts
FN:1,(empty-report)
FNF:1
FNH:0
FNDA:0,(empty-report)
DA:1,0
DA:2,0
DA:3,0
DA:4,0
DA:5,0
DA:6,0
DA:7,0
DA:8,0
DA:9,0
DA:10,0
DA:11,0
DA:12,0
DA:13,0
DA:14,0
DA:15,0
DA:16,0
DA:17,0
DA:18,0
DA:19,0
DA:20,0
DA:21,0
LF:21
LH:0
BRF:0
BRH:0
end_of_record
TN:
SF:src/dtos/business.dto.ts
FNF:0
FNH:0
DA:1,1
DA:2,1
DA:3,1
DA:4,1
DA:5,1
DA:6,1
DA:7,1
DA:8,1
DA:9,1
DA:10,1
DA:11,1
DA:12,1
DA:13,1
DA:14,1
DA:15,1
DA:16,1
DA:17,1
DA:18,1
DA:19,1
DA:20,1
DA:21,1
DA:22,1
DA:23,1
DA:24,1
DA:25,1
DA:26,1
DA:27,1
DA:28,1
DA:29,1
DA:30,1
DA:31,1
DA:32,1
DA:33,1
DA:34,1
DA:35,1
DA:36,1
DA:37,1
LF:37
LH:37
BRF:0
BRH:0
end_of_record
TN:
SF:src/dtos/cart.dto.ts
FNF:0
FNH:0
DA:1,1
DA:2,1
DA:3,1
DA:4,1
DA:5,1
DA:6,1
DA:7,1
DA:8,1
DA:9,1
DA:10,1
DA:11,1
DA:12,1
DA:13,1
DA:14,1
LF:14
LH:14
BRF:0
BRH:0
end_of_record
TN:
SF:src/dtos/category.dto.ts
FNF:0
FNH:0
DA:1,1
DA:2,1
DA:3,1
DA:4,1
DA:5,1
DA:6,1
DA:7,1
DA:8,1
DA:9,1
DA:10,1
DA:11,1
DA:12,1
DA:13,1
DA:14,1
LF:14
LH:14
BRF:0
BRH:0
end_of_record
TN:
SF:src/dtos/order.dto.ts
FNF:0
FNH:0
DA:1,1
DA:2,1
DA:3,1
DA:4,1
DA:5,1
DA:6,1
DA:7,1
DA:8,1
DA:9,1
DA:10,1
DA:11,1
DA:12,1
DA:13,1
DA:14,1
DA:15,1
DA:16,1
DA:17,1
DA:18,1
DA:19,1
DA:20,1
DA:21,1
DA:22,1
DA:23,1
DA:24,1
DA:25,1
DA:26,1
DA:27,1
DA:28,1
DA:29,1
DA:30,1
LF:30
LH:30
BRF:0
BRH:0
end_of_record
TN:
SF:src/dtos/payment.dto.ts
FNF:0
FNH:0
DA:1,1
DA:2,1
DA:3,1
DA:4,1
DA:5,1
DA:6,1
DA:7,1
DA:8,1
DA:9,1
DA:10,1
DA:11,1
DA:12,1
DA:13,1
DA:14,1
DA:15,1
DA:16,1
DA:17,1
DA:18,1
DA:19,1
DA:20,1
DA:21,1
DA:22,1
DA:23,1
DA:24,1
DA:25,1
DA:26,1
DA:27,1
DA:28,1
DA:29,1
DA:30,1
DA:31,1
DA:32,1
DA:33,1
DA:34,1
DA:35,1
DA:36,1
DA:37,1
DA:38,1
DA:39,1
DA:40,1
DA:41,1
DA:42,1
DA:43,1
DA:44,1
DA:45,1
DA:46,1
DA:47,1
DA:48,1
DA:49,1
DA:50,1
DA:51,1
DA:52,1
DA:53,1
DA:54,1
DA:55,1
DA:56,1
DA:57,1
DA:58,1
DA:59,1
DA:60,1
DA:61,1
DA:62,1
DA:63,1
DA:64,1
DA:65,1
DA:66,1
DA:67,1
DA:68,1
DA:69,1
DA:70,1
DA:71,1
DA:72,1
DA:73,1
DA:74,1
DA:75,1
LF:75
LH:75
BRF:0
BRH:0
end_of_record
TN:
SF:src/dtos/product.dto.ts
FNF:0
FNH:0
DA:1,1
DA:2,1
DA:3,1
DA:4,1
DA:5,1
DA:6,1
DA:7,1
DA:8,1
DA:9,1
DA:10,1
DA:11,1
DA:12,1
DA:13,1
DA:14,1
DA:15,1
DA:16,1
DA:17,1
DA:18,1
DA:19,1
DA:20,1
DA:21,1
DA:22,1
LF:22
LH:22
BRF:0
BRH:0
end_of_record
TN:
SF:src/dtos/user.dto.ts
FN:41,exports.ChangePasswordDTO.zod_1.z.object.refine.message
FNF:1
FNH:0
FNDA:0,exports.ChangePasswordDTO.zod_1.z.object.refine.message
DA:1,1
DA:2,1
DA:3,1
DA:4,1
DA:5,1
DA:6,1
DA:7,1
DA:8,1
DA:9,1
DA:10,1
DA:11,1
DA:12,1
DA:13,1
DA:14,1
DA:15,1
DA:16,1
DA:17,1
DA:18,1
DA:19,1
DA:20,1
DA:21,1
DA:22,1
DA:23,1
DA:24,1
DA:25,1
DA:26,1
DA:27,1
DA:28,1
DA:29,1
DA:30,1
DA:31,1
DA:32,1
DA:33,1
DA:34,1
DA:35,1
DA:36,1
DA:37,1
DA:38,1
DA:39,1
DA:40,1
DA:41,1
DA:42,1
DA:43,1
DA:44,1
DA:45,1
DA:46,1
LF:46
LH:46
BRF:0
BRH:0
end_of_record
TN:
SF:src/dtos/wallet.dto.ts
FNF:0
FNH:0
DA:1,1
DA:2,1
DA:3,1
DA:4,1
DA:5,1
DA:6,1
DA:7,1
DA:8,1
DA:9,1
DA:10,1
DA:11,1
DA:12,1
DA:13,1
DA:14,1
DA:15,1
DA:16,1
DA:17,1
DA:18,1
DA:19,1
DA:20,1
DA:21,1
DA:22,1
DA:23,1
DA:24,1
DA:25,1
DA:26,1
DA:27,1
DA:28,1
DA:29,1
DA:30,1
DA:31,1
DA:32,1
DA:33,1
DA:34,1
DA:35,1
DA:36,1
DA:37,1
DA:38,1
DA:39,1
DA:40,1
DA:41,1
DA:42,1
DA:43,1
DA:44,1
DA:45,1
DA:46,1
DA:47,1
DA:48,1
DA:49,1
DA:50,1
DA:51,1
DA:52,1
DA:53,1
DA:54,1
DA:55,1
DA:56,1
DA:57,1
DA:58,1
DA:59,1
DA:60,1
DA:61,1
DA:62,1
DA:63,1
DA:64,1
DA:65,1
DA:66,1
DA:67,1
DA:68,1
DA:69,1
DA:70,1
DA:71,1
DA:72,1
DA:73,1
DA:74,1
DA:75,1
DA:76,1
DA:77,1
DA:78,1
DA:79,1
DA:80,1
DA:81,1
DA:82,1
DA:83,1
DA:84,1
DA:85,1
DA:86,1
DA:87,1
DA:88,1
DA:89,1
DA:90,1
DA:91,1
LF:91
LH:91
BRF:0
BRH:0
end_of_record
TN:
SF:src/error/http-error.ts
FN:3,HttpError
FNF:1
FNH:1
FNDA:28,HttpError
DA:1,1
DA:2,1
DA:3,1
DA:4,28
DA:5,28
DA:6,28
DA:7,1
LF:7
LH:7
BRDA:3,0,0,28
BRF:1
BRH:1
end_of_record
TN:
SF:src/middleware/authGuard.ts
FN:29,authGuard
FN:59,authGuardAdmin
FN:102,authGuardBusiness
FNF:3
FNH:3
FNDA:15,authGuard
FNDA:3,authGuardAdmin
FNDA:6,authGuardBusiness
DA:1,1
DA:2,1
DA:3,1
DA:4,1
DA:5,1
DA:6,1
DA:7,1
DA:8,1
DA:9,1
DA:10,1
DA:11,1
DA:12,1
DA:13,1
DA:14,1
DA:15,1
DA:16,1
DA:17,1
DA:18,1
DA:19,1
DA:20,1
DA:21,1
DA:22,1
DA:23,1
DA:24,1
DA:25,1
DA:26,1
DA:27,1
DA:28,1
DA:29,1
DA:30,15
DA:31,15
DA:32,15
DA:33,1
DA:34,1
DA:35,14
DA:36,14
DA:37,14
DA:38,15
DA:39,14
DA:40,14
DA:41,14
DA:42,14
DA:43,14
DA:44,14
DA:45,14
DA:46,14
DA:47,14
DA:48,14
DA:49,14
DA:50,14
DA:51,15
DA:52,15
DA:53,15
DA:54,15
DA:55,1
DA:56,1
DA:57,15
DA:58,1
DA:59,1
DA:60,3
DA:61,3
DA:62,3
DA:63,3
DA:64,3
DA:65,3
DA:66,3
DA:67,0
DA:68,0
DA:69,0
DA:70,0
DA:71,3
DA:72,3
DA:73,3
DA:74,0
DA:75,0
DA:76,3
DA:77,3
DA:78,3
DA:79,3
DA:80,3
DA:81,3
DA:82,3
DA:83,3
DA:84,3
DA:85,3
DA:86,3
DA:87,3
DA:88,3
DA:89,3
DA:90,3
DA:91,3
DA:92,1
DA:93,1
DA:94,1
DA:95,1
DA:96,2
DA:97,2
DA:98,0
DA:99,0
DA:100,3
DA:101,1
DA:102,1
DA:103,6
DA:104,6
DA:105,6
DA:106,6
DA:107,6
DA:108,6
DA:109,0
DA:110,0
DA:111,6
DA:112,6
DA:113,6
DA:114,0
DA:115,0
DA:116,0
DA:117,6
DA:118,6
DA:119,6
LF:119
LH:106
BRDA:29,0,0,15
BRDA:32,1,0,1
BRDA:35,2,0,14
BRDA:38,3,0,0
BRDA:39,4,0,14
BRDA:51,5,0,0
BRDA:54,6,0,1
BRDA:59,7,0,3
BRDA:66,8,0,0
BRDA:73,9,0,0
BRDA:88,10,0,0
BRDA:91,11,0,1
BRDA:91,12,0,1
BRDA:96,13,0,2
BRDA:97,14,0,0
BRDA:102,15,0,6
BRDA:108,16,0,0
BRDA:113,17,0,0
BRF:18
BRH:10
end_of_record
TN:
SF:src/model/business.model.ts
FNF:0
FNH:0
DA:1,1
DA:2,1
DA:3,1
DA:4,1
DA:5,1
DA:6,1
DA:7,1
DA:8,1
DA:9,1
DA:10,1
DA:11,1
DA:12,1
DA:13,1
DA:14,1
DA:15,1
DA:16,1
DA:17,1
DA:18,1
DA:19,1
DA:20,1
DA:21,1
DA:22,1
DA:23,1
DA:24,1
DA:25,1
DA:26,1
DA:27,1
DA:28,1
DA:29,1
DA:30,1
DA:31,1
DA:32,1
DA:33,1
DA:34,1
DA:35,1
DA:36,1
DA:37,1
DA:38,1
DA:39,1
LF:39
LH:39
BRF:0
BRH:0
end_of_record
TN:
SF:src/model/cart.model.ts
FNF:0
FNH:0
DA:1,1
DA:2,1
DA:3,1
DA:4,1
DA:5,1
DA:6,1
DA:7,1
DA:8,1
DA:9,1
DA:10,1
DA:11,1
DA:12,1
DA:13,1
DA:14,1
DA:15,1
DA:16,1
DA:17,1
DA:18,1
DA:19,1
DA:20,1
DA:21,1
DA:22,1
DA:23,1
DA:24,1
DA:25,1
DA:26,1
DA:27,1
DA:28,1
DA:29,1
DA:30,1
DA:31,1
DA:32,1
DA:33,1
DA:34,1
DA:35,1
DA:36,1
DA:37,1
DA:38,1
DA:39,1
DA:40,1
DA:41,1
DA:42,1
DA:43,1
DA:44,1
DA:45,1
DA:46,1
DA:47,1
DA:48,1
DA:49,1
DA:50,1
DA:51,1
DA:52,1
DA:53,1
DA:54,1
DA:55,1
DA:56,1
DA:57,1
DA:58,1
DA:59,1
DA:60,1
DA:61,1
DA:62,1
DA:63,1
DA:64,1
DA:65,1
DA:66,1
DA:67,1
DA:68,1
DA:69,1
DA:70,1
DA:71,1
DA:72,1
DA:73,1
DA:74,1
DA:75,1
DA:76,1
DA:77,0
DA:78,0
DA:79,0
DA:80,0
DA:81,0
DA:82,0
DA:83,0
DA:84,1
DA:85,1
DA:86,1
LF:86
LH:79
BRF:0
BRH:0
end_of_record
TN:
SF:src/model/category.model.ts
FNF:0
FNH:0
DA:1,1
DA:2,1
DA:3,1
DA:4,1
DA:5,1
DA:6,1
DA:7,1
DA:8,1
DA:9,1
DA:10,1
DA:11,1
DA:12,1
DA:13,1
DA:14,1
DA:15,1
DA:16,1
DA:17,1
DA:18,1
DA:19,1
DA:20,1
DA:21,1
DA:22,1
DA:23,1
DA:24,1
DA:25,1
DA:26,1
LF:26
LH:26
BRF:0
BRH:0
end_of_record
TN:
SF:src/model/order.model.ts
FNF:0
FNH:0
DA:1,1
DA:2,1
DA:3,1
DA:4,1
DA:5,1
DA:6,1
DA:7,1
DA:8,1
DA:9,1
DA:10,1
DA:11,1
DA:12,1
DA:13,1
DA:14,1
DA:15,1
DA:16,1
DA:17,1
DA:18,1
DA:19,1
DA:20,1
DA:21,1
DA:22,1
DA:23,1
DA:24,1
DA:25,1
DA:26,1
DA:27,1
DA:28,1
DA:29,1
DA:30,1
DA:31,1
DA:32,1
DA:33,1
DA:34,1
DA:35,1
DA:36,1
DA:37,1
DA:38,1
DA:39,1
DA:40,1
DA:41,1
DA:42,1
DA:43,1
DA:44,1
DA:45,1
DA:46,1
DA:47,1
DA:48,1
DA:49,1
DA:50,1
DA:51,1
DA:52,1
DA:53,1
DA:54,1
DA:55,1
DA:56,1
DA:57,1
DA:58,1
DA:59,1
DA:60,1
DA:61,1
DA:62,1
DA:63,1
DA:64,1
DA:65,1
DA:66,1
DA:67,1
DA:68,1
DA:69,1
DA:70,1
DA:71,1
DA:72,1
DA:73,1
DA:74,1
DA:75,1
DA:76,1
DA:77,1
DA:78,1
DA:79,1
DA:80,1
DA:81,1
DA:82,1
DA:83,1
DA:84,1
DA:85,1
DA:86,1
DA:87,1
DA:88,1
DA:89,1
LF:89
LH:89
BRF:0
BRH:0
end_of_record
TN:
SF:src/model/payment.model.ts
FNF:0
FNH:0
DA:1,1
DA:2,1
DA:3,1
DA:4,1
DA:5,1
DA:6,1
DA:7,1
DA:8,1
DA:9,1
DA:10,1
DA:11,1
DA:12,1
DA:13,1
DA:14,1
DA:15,1
DA:16,1
DA:17,1
DA:18,1
DA:19,1
DA:20,1
DA:21,1
DA:22,1
DA:23,1
DA:24,1
DA:25,1
DA:26,1
DA:27,1
DA:28,1
DA:29,1
DA:30,1
DA:31,1
DA:32,1
DA:33,1
DA:34,1
DA:35,1
DA:36,1
DA:37,1
DA:38,1
DA:39,1
DA:40,1
DA:41,1
DA:42,1
DA:43,1
DA:44,1
DA:45,1
DA:46,1
DA:47,1
DA:48,1
DA:49,1
DA:50,1
DA:51,1
DA:52,1
DA:53,1
DA:54,1
DA:55,1
DA:56,1
DA:57,1
DA:58,1
DA:59,1
DA:60,1
DA:61,1
DA:62,1
DA:63,1
LF:63
LH:63
BRF:0
BRH:0
end_of_record
TN:
SF:src/model/product.model.ts
FNF:0
FNH:0
DA:1,1
DA:2,1
DA:3,1
DA:4,1
DA:5,1
DA:6,1
DA:7,1
DA:8,1
DA:9,1
DA:10,1
DA:11,1
DA:12,1
DA:13,1
DA:14,1
DA:15,1
DA:16,1
DA:17,1
DA:18,1
DA:19,1
DA:20,1
DA:21,1
DA:22,1
DA:23,1
DA:24,1
DA:25,1
DA:26,1
DA:27,1
DA:28,1
DA:29,1
DA:30,1
DA:31,1
DA:32,1
DA:33,1
DA:34,1
DA:35,1
DA:36,1
DA:37,1
DA:38,1
DA:39,1
LF:39
LH:39
BRF:0
BRH:0
end_of_record
TN:
SF:src/model/tax.model.ts
FNF:0
FNH:0
DA:1,1
DA:2,1
DA:3,1
DA:4,1
DA:5,1
DA:6,1
DA:7,1
DA:8,1
DA:9,1
DA:10,1
DA:11,1
DA:12,1
DA:13,1
DA:14,1
DA:15,1
DA:16,1
DA:17,1
DA:18,1
DA:19,1
DA:20,1
DA:21,1
DA:22,1
DA:23,1
DA:24,1
DA:25,1
DA:26,1
DA:27,1
DA:28,1
DA:29,1
DA:30,1
DA:31,1
DA:32,1
DA:33,1
DA:34,1
DA:35,1
DA:36,1
DA:37,1
DA:38,1
DA:39,1
DA:40,1
DA:41,1
DA:42,1
DA:43,1
DA:44,1
DA:45,1
DA:46,1
DA:47,1
DA:48,1
DA:49,1
DA:50,1
DA:51,1
DA:52,1
DA:53,1
DA:54,1
DA:55,1
DA:56,1
DA:57,1
LF:57
LH:57
BRF:0
BRH:0
end_of_record
TN:
SF:src/model/user.model.ts
FNF:0
FNH:0
DA:1,1
DA:2,1
DA:3,1
DA:4,1
DA:5,1
DA:6,1
DA:7,1
DA:8,1
DA:9,1
DA:10,1
DA:11,1
DA:12,1
DA:13,1
DA:14,1
DA:15,1
DA:16,1
DA:17,1
DA:18,1
DA:19,1
DA:20,1
DA:21,1
DA:22,1
DA:23,1
DA:24,1
DA:25,1
DA:26,1
DA:27,1
DA:28,1
LF:28
LH:28
BRF:0
BRH:0
end_of_record
TN:
SF:src/model/wallet.model.ts
FNF:0
FNH:0
DA:1,1
DA:2,1
DA:3,1
DA:4,1
DA:5,1
DA:6,1
DA:7,1
DA:8,1
DA:9,1
DA:10,1
DA:11,1
DA:12,1
DA:13,1
DA:14,1
DA:15,1
DA:16,1
DA:17,1
DA:18,1
DA:19,1
DA:20,1
DA:21,1
DA:22,1
DA:23,1
DA:24,1
DA:25,1
DA:26,1
DA:27,1
DA:28,1
DA:29,1
DA:30,1
DA:31,1
DA:32,1
DA:33,1
DA:34,1
DA:35,1
DA:36,1
DA:37,1
DA:38,1
DA:39,1
DA:40,1
DA:41,1
DA:42,1
DA:43,1
DA:44,1
DA:45,1
DA:46,1
DA:47,1
DA:48,1
DA:49,1
DA:50,1
DA:51,1
DA:52,1
DA:53,1
DA:54,1
DA:55,1
DA:56,1
DA:57,1
DA:58,1
DA:59,1
DA:60,1
DA:61,1
DA:62,1
DA:63,1
DA:64,1
LF:64
LH:64
BRF:0
BRH:0
end_of_record
TN:
SF:src/multer/business.multer.ts
FN:11,destination
FN:14,filename
FN:20,fileFilter
FNF:3
FNH:3
FNDA:1,destination
FNDA:1,filename
FNDA:1,fileFilter
DA:1,1
DA:2,1
DA:3,1
DA:4,1
DA:5,1
DA:6,1
DA:7,0
DA:8,0
DA:9,1
DA:10,1
DA:11,1
DA:12,1
DA:13,1
DA:14,1
DA:15,1
DA:16,1
DA:17,1
DA:18,1
DA:19,1
DA:20,1
DA:21,1
DA:22,1
DA:23,1
DA:24,1
DA:25,1
DA:26,1
DA:27,1
DA:28,1
DA:29,1
DA:30,1
DA:31,1
DA:32,0
DA:33,1
DA:34,1
DA:35,1
DA:36,1
DA:37,1
DA:38,1
LF:38
LH:35
BRDA:6,0,0,0
BRDA:11,1,0,1
BRDA:14,2,0,1
BRDA:20,3,0,1
BRDA:32,4,0,0
BRF:5
BRH:3
end_of_record
TN:
SF:src/multer/business.profile.multer.ts
FN:11,destination
FN:14,filename
FN:20,fileFilter
FNF:3
FNH:3
FNDA:1,destination
FNDA:1,filename
FNDA:1,fileFilter
DA:1,1
DA:2,1
DA:3,1
DA:4,1
DA:5,1
DA:6,1
DA:7,2
DA:8,2
DA:9,1
DA:10,1
DA:11,1
DA:12,1
DA:13,1
DA:14,1
DA:15,1
DA:16,1
DA:17,1
DA:18,1
DA:19,1
DA:20,1
DA:21,1
DA:22,1
DA:23,1
DA:24,1
DA:25,1
DA:26,1
DA:27,1
DA:28,1
DA:29,1
DA:30,1
DA:31,1
DA:32,0
DA:33,1
DA:34,1
DA:35,1
DA:36,1
DA:37,1
DA:38,1
LF:38
LH:37
BRDA:6,0,0,2
BRDA:11,1,0,1
BRDA:14,2,0,1
BRDA:20,3,0,1
BRDA:32,4,0,0
BRF:5
BRH:4
end_of_record
TN:
SF:src/multer/product.multer.ts
FN:11,destination
FN:14,filename
FN:20,fileFilter
FNF:3
FNH:3
FNDA:1,destination
FNDA:1,filename
FNDA:10,fileFilter
DA:1,1
DA:2,1
DA:3,1
DA:4,1
DA:5,1
DA:6,1
DA:7,2
DA:8,2
DA:9,1
DA:10,1
DA:11,1
DA:12,1
DA:13,1
DA:14,1
DA:15,1
DA:16,1
DA:17,1
DA:18,1
DA:19,1
DA:20,1
DA:21,10
DA:22,10
DA:23,10
DA:24,10
DA:25,10
DA:26,10
DA:27,10
DA:28,10
DA:29,10
DA:30,10
DA:31,10
DA:32,4
DA:33,10
DA:34,1
DA:35,1
DA:36,1
DA:37,1
DA:38,1
LF:38
LH:38
BRDA:6,0,0,2
BRDA:11,1,0,1
BRDA:14,2,0,1
BRDA:20,3,0,10
BRDA:31,4,0,7
BRDA:31,5,0,6
BRDA:32,6,0,4
BRF:7
BRH:7
end_of_record
TN:
SF:src/multer/user.multer.ts
FN:11,destination
FN:14,filename
FN:20,fileFilter
FNF:3
FNH:3
FNDA:1,destination
FNDA:1,filename
FNDA:12,fileFilter
DA:1,1
DA:2,1
DA:3,1
DA:4,1
DA:5,1
DA:6,1
DA:7,2
DA:8,2
DA:9,1
DA:10,1
DA:11,1
DA:12,1
DA:13,1
DA:14,1
DA:15,1
DA:16,1
DA:17,1
DA:18,1
DA:19,1
DA:20,1
DA:21,12
DA:22,12
DA:23,12
DA:24,12
DA:25,12
DA:26,12
DA:27,12
DA:28,12
DA:29,12
DA:30,12
DA:31,12
DA:32,5
DA:33,12
DA:34,1
DA:35,1
DA:36,1
DA:37,1
DA:38,1
LF:38
LH:38
BRDA:6,0,0,2
BRDA:11,1,0,1
BRDA:14,2,0,1
BRDA:20,3,0,12
BRDA:31,4,0,9
BRDA:31,5,0,7
BRDA:32,6,0,5
BRF:7
BRH:7
end_of_record
TN:
SF:src/repositories/business.repository.ts
FN:20,getAllBusinesses
FN:24,getBusinessById
FN:28,getBusinessByEmail
FN:32,findByEmail
FN:36,createBusiness
FN:41,updateBusiness
FN:52,deleteBusiness
FN:56,save
FNF:8
FNH:8
FNDA:3,getAllBusinesses
FNDA:3,getBusinessById
FNDA:2,getBusinessByEmail
FNDA:8,findByEmail
FNDA:4,createBusiness
FNDA:2,updateBusiness
FNDA:2,deleteBusiness
FNDA:2,save
DA:1,1
DA:2,1
DA:3,1
DA:4,1
DA:5,1
DA:6,1
DA:7,1
DA:8,1
DA:9,1
DA:10,1
DA:11,1
DA:12,1
DA:13,1
DA:14,1
DA:15,1
DA:16,1
DA:17,1
DA:18,1
DA:19,1
DA:20,1
DA:21,3
DA:22,3
DA:23,1
DA:24,1
DA:25,3
DA:26,3
DA:27,1
DA:28,1
DA:29,2
DA:30,2
DA:31,1
DA:32,1
DA:33,8
DA:34,8
DA:35,1
DA:36,1
DA:37,4
DA:38,4
DA:39,4
DA:40,1
DA:41,1
DA:42,2
DA:43,2
DA:44,2
DA:45,2
DA:46,2
DA:47,2
DA:48,2
DA:49,2
DA:50,2
DA:51,1
DA:52,1
DA:53,2
DA:54,2
DA:55,1
DA:56,1
DA:57,2
DA:58,2
DA:59,1
LF:59
LH:59
BRDA:20,0,0,3
BRDA:24,1,0,3
BRDA:28,2,0,2
BRDA:32,3,0,8
BRDA:36,4,0,4
BRDA:41,5,0,2
BRDA:52,6,0,2
BRDA:56,7,0,2
BRF:8
BRH:8
end_of_record
TN:
SF:src/repositories/cart.repository.ts
FN:4,findByUser
FN:16,create
FN:25,updateItemQuantity
FN:48,removeItem
FN:59,clearCart
FNF:5
FNH:0
FNDA:0,findByUser
FNDA:0,create
FNDA:0,updateItemQuantity
FNDA:0,removeItem
FNDA:0,clearCart
DA:1,1
DA:2,1
DA:3,1
DA:4,1
DA:5,0
DA:6,0
DA:7,0
DA:8,0
DA:9,0
DA:10,0
DA:11,0
DA:12,0
DA:13,0
DA:14,0
DA:15,1
DA:16,1
DA:17,0
DA:18,0
DA:19,0
DA:20,0
DA:21,0
DA:22,0
DA:23,0
DA:24,1
DA:25,1
DA:26,0
DA:27,0
DA:28,0
DA:29,0
DA:30,0
DA:31,0
DA:32,0
DA:33,0
DA:34,0
DA:35,0
DA:36,0
DA:37,0
DA:38,0
DA:39,0
DA:40,0
DA:41,0
DA:42,0
DA:43,0
DA:44,0
DA:45,0
DA:46,0
DA:47,1
DA:48,1
DA:49,0
DA:50,0
DA:51,0
DA:52,0
DA:53,0
DA:54,0
DA:55,0
DA:56,0
DA:57,0
DA:58,1
DA:59,1
DA:60,0
DA:61,0
DA:62,0
DA:63,1
LF:63
LH:13
BRF:0
BRH:0
end_of_record
TN:
SF:src/repositories/category.repository.ts
FN:6,create
FN:14,findById
FN:18,findAll
FN:22,update
FN:26,delete
FNF:5
FNH:2
FNDA:1,create
FNDA:0,findById
FNDA:1,findAll
FNDA:0,update
FNDA:0,delete
DA:1,1
DA:2,1
DA:3,1
DA:4,1
DA:5,1
DA:6,1
DA:7,1
DA:8,1
DA:9,1
DA:10,1
DA:11,1
DA:12,1
DA:13,1
DA:14,1
DA:15,0
DA:16,0
DA:17,1
DA:18,1
DA:19,1
DA:20,1
DA:21,1
DA:22,1
DA:23,0
DA:24,0
DA:25,1
DA:26,1
DA:27,0
DA:28,0
DA:29,1
LF:29
LH:23
BRDA:6,0,0,1
BRDA:18,1,0,1
BRF:2
BRH:2
end_of_record
TN:
SF:src/repositories/order.repository.ts
FN:5,create
FN:10,findByUser
FN:25,findById
FN:54,findByBusiness
FN:69,updateStatus
FN:81,updatePaymentStatus
FN:88,countByUser
FN:92,countByBusiness
FNF:8
FNH:0
FNDA:0,create
FNDA:0,findByUser
FNDA:0,findById
FNDA:0,findByBusiness
FNDA:0,updateStatus
FNDA:0,updatePaymentStatus
FNDA:0,countByUser
FNDA:0,countByBusiness
DA:1,1
DA:2,1
DA:3,1
DA:4,1
DA:5,1
DA:6,0
DA:7,0
DA:8,0
DA:9,1
DA:10,1
DA:11,0
DA:12,0
DA:13,0
DA:14,0
DA:15,0
DA:16,0
DA:17,0
DA:18,0
DA:19,0
DA:20,0
DA:21,0
DA:22,0
DA:23,0
DA:24,1
DA:25,1
DA:26,0
DA:27,0
DA:28,0
DA:29,0
DA:30,0
DA:31,0
DA:32,0
DA:33,0
DA:34,0
DA:35,0
DA:36,0
DA:37,0
DA:38,0
DA:39,0
DA:40,0
DA:41,0
DA:42,0
DA:43,0
DA:44,0
DA:45,0
DA:46,0
DA:47,0
DA:48,0
DA:49,0
DA:50,0
DA:51,0
DA:52,0
DA:53,1
DA:54,1
DA:55,0
DA:56,0
DA:57,0
DA:58,0
DA:59,0
DA:60,0
DA:61,0
DA:62,0
DA:63,0
DA:64,0
DA:65,0
DA:66,0
DA:67,0
DA:68,1
DA:69,1
DA:70,0
DA:71,0
DA:72,0
DA:73,0
DA:74,0
DA:75,0
DA:76,0
DA:77,0
DA:78,0
DA:79,0
DA:80,1
DA:81,1
DA:82,0
DA:83,0
DA:84,0
DA:85,0
DA:86,0
DA:87,1
DA:88,1
DA:89,0
DA:90,0
DA:91,1
DA:92,1
DA:93,0
DA:94,0
DA:95,1
LF:95
LH:20
BRF:0
BRH:0
end_of_record
TN:
SF:src/repositories/payment.repository.ts
FN:26,createPayment
FN:31,getPaymentById
FN:35,getPaymentByPidx
FN:39,getPaymentByOrderId
FN:43,getPaymentsByUser
FN:62,getAllPayments
FN:80,updatePayment
FNF:7
FNH:0
FNDA:0,createPayment
FNDA:0,getPaymentById
FNDA:0,getPaymentByPidx
FNDA:0,getPaymentByOrderId
FNDA:0,getPaymentsByUser
FNDA:0,getAllPayments
FNDA:0,updatePayment
DA:1,1
DA:2,1
DA:3,1
DA:4,1
DA:5,1
DA:6,1
DA:7,1
DA:8,1
DA:9,1
DA:10,1
DA:11,1
DA:12,1
DA:13,1
DA:14,1
DA:15,1
DA:16,1
DA:17,1
DA:18,1
DA:19,1
DA:20,1
DA:21,1
DA:22,1
DA:23,1
DA:24,1
DA:25,1
DA:26,1
DA:27,0
DA:28,0
DA:29,0
DA:30,1
DA:31,1
DA:32,0
DA:33,0
DA:34,1
DA:35,1
DA:36,0
DA:37,0
DA:38,1
DA:39,1
DA:40,0
DA:41,0
DA:42,1
DA:43,1
DA:44,0
DA:45,0
DA:46,0
DA:47,0
DA:48,0
DA:49,0
DA:50,0
DA:51,0
DA:52,0
DA:53,0
DA:54,0
DA:55,0
DA:56,0
DA:57,0
DA:58,0
DA:59,0
DA:60,0
DA:61,1
DA:62,1
DA:63,0
DA:64,0
DA:65,0
DA:66,0
DA:67,0
DA:68,0
DA:69,0
DA:70,0
DA:71,0
DA:72,0
DA:73,0
DA:74,0
DA:75,0
DA:76,0
DA:77,0
DA:78,0
DA:79,1
DA:80,1
DA:81,0
DA:82,0
DA:83,0
DA:84,0
DA:85,0
DA:86,0
DA:87,0
DA:88,0
DA:89,0
DA:90,1
LF:90
LH:39
BRF:0
BRH:0
end_of_record
TN:
SF:src/repositories/product.repository.ts
FN:5,create
FN:9,findByBusiness
FN:13,findById
FN:17,findByCategory
FN:23,update
FN:27,delete
FNF:6
FNH:5
FNDA:1,create
FNDA:1,findByBusiness
FNDA:6,findById
FNDA:0,findByCategory
FNDA:1,update
FNDA:1,delete
DA:1,1
DA:2,1
DA:3,1
DA:4,1
DA:5,1
DA:6,1
DA:7,1
DA:8,1
DA:9,1
DA:10,1
DA:11,1
DA:12,1
DA:13,1
DA:14,6
DA:15,6
DA:16,1
DA:17,1
DA:18,0
DA:19,0
DA:20,0
DA:21,0
DA:22,1
DA:23,1
DA:24,1
DA:25,1
DA:26,1
DA:27,1
DA:28,1
DA:29,1
DA:30,1
LF:30
LH:26
BRDA:5,0,0,1
BRDA:9,1,0,1
BRDA:13,2,0,6
BRDA:23,3,0,1
BRDA:27,4,0,1
BRF:5
BRH:5
end_of_record
TN:
SF:src/repositories/tax.repository.ts
FN:5,create
FN:10,createWithSession
FN:30,findByBusiness
FN:41,findByOrder
FN:45,getTotalAccruedByBusiness
FN:58,markAsPaid
FNF:6
FNH:0
FNDA:0,create
FNDA:0,createWithSession
FNDA:0,findByBusiness
FNDA:0,findByOrder
FNDA:0,getTotalAccruedByBusiness
FNDA:0,markAsPaid
DA:1,1
DA:2,1
DA:3,1
DA:4,1
DA:5,1
DA:6,0
DA:7,0
DA:8,0
DA:9,1
DA:10,1
DA:11,0
DA:12,0
DA:13,0
DA:14,0
DA:15,0
DA:16,0
DA:17,0
DA:18,0
DA:19,0
DA:20,0
DA:21,0
DA:22,0
DA:23,0
DA:24,0
DA:25,0
DA:26,0
DA:27,0
DA:28,0
DA:29,1
DA:30,1
DA:31,0
DA:32,0
DA:33,0
DA:34,0
DA:35,0
DA:36,0
DA:37,0
DA:38,0
DA:39,0
DA:40,1
DA:41,1
DA:42,0
DA:43,0
DA:44,1
DA:45,1
DA:46,0
DA:47,0
DA:48,0
DA:49,0
DA:50,0
DA:51,0
DA:52,0
DA:53,0
DA:54,0
DA:55,0
DA:56,0
DA:57,1
DA:58,1
DA:59,0
DA:60,0
DA:61,0
DA:62,0
DA:63,0
DA:64,0
DA:65,0
DA:66,0
DA:67,0
DA:68,0
DA:69,0
DA:70,0
DA:71,0
DA:72,0
DA:73,0
DA:74,0
DA:75,0
DA:76,0
DA:77,0
DA:78,0
DA:79,1
LF:79
LH:16
BRF:0
BRH:0
end_of_record
TN:
SF:src/repositories/transaction.repository.ts
FN:6,createTransaction
FN:36,findByOwner
FN:75,countByOwner
FN:98,findByReference
FN:134,findById
FN:138,updateStatus
FNF:6
FNH:0
FNDA:0,createTransaction
FNDA:0,findByOwner
FNDA:0,countByOwner
FNDA:0,findByReference
FNDA:0,findById
FNDA:0,updateStatus
DA:1,1
DA:2,1
DA:3,1
DA:4,1
DA:5,1
DA:6,1
DA:7,0
DA:8,0
DA:9,0
DA:10,0
DA:11,0
DA:12,0
DA:13,0
DA:14,0
DA:15,0
DA:16,0
DA:17,0
DA:18,0
DA:19,0
DA:20,0
DA:21,0
DA:22,0
DA:23,0
DA:24,0
DA:25,0
DA:26,0
DA:27,0
DA:28,0
DA:29,0
DA:30,0
DA:31,0
DA:32,0
DA:33,0
DA:34,1
DA:35,1
DA:36,1
DA:37,0
DA:38,0
DA:39,0
DA:40,0
DA:41,0
DA:42,0
DA:43,0
DA:44,0
DA:45,0
DA:46,0
DA:47,0
DA:48,0
DA:49,0
DA:50,0
DA:51,0
DA:52,0
DA:53,0
DA:54,0
DA:55,0
DA:56,0
DA:57,0
DA:58,0
DA:59,0
DA:60,0
DA:61,0
DA:62,0
DA:63,0
DA:64,0
DA:65,0
DA:66,0
DA:67,0
DA:68,0
DA:69,0
DA:70,0
DA:71,0
DA:72,0
DA:73,0
DA:74,1
DA:75,1
DA:76,0
DA:77,0
DA:78,0
DA:79,0
DA:80,0
DA:81,0
DA:82,0
DA:83,0
DA:84,0
DA:85,0
DA:86,0
DA:87,0
DA:88,0
DA:89,0
DA:90,0
DA:91,0
DA:92,0
DA:93,0
DA:94,0
DA:95,0
DA:96,0
DA:97,1
DA:98,1
DA:99,0
DA:100,0
DA:101,0
DA:102,0
DA:103,0
DA:104,0
DA:105,0
DA:106,0
DA:107,0
DA:108,0
DA:109,0
DA:110,0
DA:111,0
DA:112,0
DA:113,0
DA:114,0
DA:115,0
DA:116,0
DA:117,0
DA:118,0
DA:119,0
DA:120,0
DA:121,0
DA:122,0
DA:123,0
DA:124,0
DA:125,0
DA:126,0
DA:127,0
DA:128,0
DA:129,0
DA:130,0
DA:131,0
DA:132,0
DA:133,1
DA:134,1
DA:135,0
DA:136,0
DA:137,1
DA:138,1
DA:139,0
DA:140,0
DA:141,0
DA:142,0
DA:143,0
DA:144,0
DA:145,0
DA:146,0
DA:147,0
DA:148,0
DA:149,0
DA:150,0
DA:151,0
DA:152,0
DA:153,0
DA:154,1
LF:154
LH:18
BRF:0
BRH:0
end_of_record
TN:
SF:src/repositories/user.repository.ts
FN:17,getAllUsers
FN:21,getUserById
FN:25,getUserByEmail
FN:29,findByEmail
FN:33,createUser
FN:38,updateUser
FN:45,deleteUser
FNF:7
FNH:4
FNDA:0,getAllUsers
FNDA:2,getUserById
FNDA:0,getUserByEmail
FNDA:6,findByEmail
FNDA:1,createUser
FNDA:1,updateUser
FNDA:0,deleteUser
DA:1,1
DA:2,1
DA:3,1
DA:4,1
DA:5,1
DA:6,1
DA:7,1
DA:8,1
DA:9,1
DA:10,1
DA:11,1
DA:12,1
DA:13,1
DA:14,1
DA:15,1
DA:16,1
DA:17,1
DA:18,0
DA:19,0
DA:20,1
DA:21,1
DA:22,2
DA:23,2
DA:24,1
DA:25,1
DA:26,0
DA:27,0
DA:28,1
DA:29,1
DA:30,6
DA:31,6
DA:32,1
DA:33,1
DA:34,1
DA:35,1
DA:36,1
DA:37,1
DA:38,1
DA:39,1
DA:40,1
DA:41,1
DA:42,1
DA:43,1
DA:44,1
DA:45,1
DA:46,0
DA:47,0
DA:48,1
LF:48
LH:42
BRDA:21,0,0,2
BRDA:29,1,0,6
BRDA:33,2,0,1
BRDA:38,3,0,1
BRF:4
BRH:4
end_of_record
TN:
SF:src/repositories/wallet.repository.ts
FN:5,findByOwner
FN:22,create
FN:38,incrementBalance
FN:64,decrementBalance
FN:90,updateBalance
FNF:5
FNH:0
FNDA:0,findByOwner
FNDA:0,create
FNDA:0,incrementBalance
FNDA:0,decrementBalance
FNDA:0,updateBalance
DA:1,1
DA:2,1
DA:3,1
DA:4,1
DA:5,1
DA:6,0
DA:7,0
DA:8,0
DA:9,0
DA:10,0
DA:11,0
DA:12,0
DA:13,0
DA:14,0
DA:15,0
DA:16,0
DA:17,0
DA:18,0
DA:19,0
DA:20,0
DA:21,1
DA:22,1
DA:23,0
DA:24,0
DA:25,0
DA:26,0
DA:27,0
DA:28,0
DA:29,0
DA:30,0
DA:31,0
DA:32,0
DA:33,0
DA:34,0
DA:35,0
DA:36,0
DA:37,1
DA:38,1
DA:39,0
DA:40,0
DA:41,0
DA:42,0
DA:43,0
DA:44,0
DA:45,0
DA:46,0
DA:47,0
DA:48,0
DA:49,0
DA:50,0
DA:51,0
DA:52,0
DA:53,0
DA:54,0
DA:55,0
DA:56,0
DA:57,0
DA:58,0
DA:59,0
DA:60,0
DA:61,0
DA:62,0
DA:63,1
DA:64,1
DA:65,0
DA:66,0
DA:67,0
DA:68,0
DA:69,0
DA:70,0
DA:71,0
DA:72,0
DA:73,0
DA:74,0
DA:75,0
DA:76,0
DA:77,0
DA:78,0
DA:79,0
DA:80,0
DA:81,0
DA:82,0
DA:83,0
DA:84,0
DA:85,0
DA:86,0
DA:87,0
DA:88,0
DA:89,1
DA:90,1
DA:91,0
DA:92,0
DA:93,0
DA:94,0
DA:95,0
DA:96,0
DA:97,0
DA:98,0
DA:99,0
DA:100,0
DA:101,0
DA:102,0
DA:103,0
DA:104,0
DA:105,0
DA:106,0
DA:107,0
DA:108,0
DA:109,0
DA:110,0
DA:111,0
DA:112,0
DA:113,0
DA:114,1
LF:114
LH:14
BRF:0
BRH:0
end_of_record
TN:
SF:src/routes/business.routes.ts
FNF:0
FNH:0
DA:1,1
DA:2,1
DA:3,1
DA:4,1
DA:5,1
DA:6,1
DA:7,1
DA:8,1
DA:9,1
DA:10,1
DA:11,1
DA:12,1
DA:13,1
DA:14,1
DA:15,1
DA:16,1
DA:17,1
DA:18,1
DA:19,1
DA:20,1
DA:21,1
DA:22,1
DA:23,1
DA:24,1
DA:25,1
DA:26,1
DA:27,1
DA:28,1
DA:29,1
DA:30,1
DA:31,1
DA:32,1
DA:33,1
DA:34,1
DA:35,1
DA:36,1
DA:37,1
DA:38,1
DA:39,1
DA:40,1
DA:41,1
DA:42,1
LF:42
LH:42
BRF:0
BRH:0
end_of_record
TN:
SF:src/routes/cart.routes.ts
FNF:0
FNH:0
DA:1,1
DA:2,1
DA:3,1
DA:4,1
DA:5,1
DA:6,1
DA:7,1
DA:8,1
DA:9,1
DA:10,1
DA:11,1
DA:12,1
DA:13,1
DA:14,1
DA:15,1
DA:16,1
LF:16
LH:16
BRF:0
BRH:0
end_of_record
TN:
SF:src/routes/category.routes.ts
FNF:0
FNH:0
DA:1,1
DA:2,1
DA:3,1
DA:4,1
DA:5,1
DA:6,1
DA:7,1
DA:8,1
DA:9,1
DA:10,1
DA:11,1
DA:12,1
DA:13,1
DA:14,1
DA:15,1
DA:16,1
DA:17,1
DA:18,1
DA:19,1
DA:20,1
DA:21,1
DA:22,1
DA:23,1
DA:24,1
DA:25,1
DA:26,1
DA:27,1
DA:28,1
LF:28
LH:28
BRF:0
BRH:0
end_of_record
TN:
SF:src/routes/order.routes.ts
FNF:0
FNH:0
DA:1,1
DA:2,1
DA:3,1
DA:4,1
DA:5,1
DA:6,1
DA:7,1
DA:8,1
DA:9,1
DA:10,1
DA:11,1
DA:12,1
DA:13,1
DA:14,1
DA:15,1
DA:16,1
DA:17,1
DA:18,1
DA:19,1
DA:20,1
DA:21,1
DA:22,1
DA:23,1
DA:24,1
DA:25,1
DA:26,1
DA:27,1
DA:28,1
DA:29,1
DA:30,1
DA:31,1
DA:32,1
DA:33,1
DA:34,1
LF:34
LH:34
BRF:0
BRH:0
end_of_record
TN:
SF:src/routes/payment.routes.ts
FNF:0
FNH:0
DA:1,1
DA:2,1
DA:3,1
DA:4,1
DA:5,1
DA:6,1
DA:7,1
DA:8,1
DA:9,1
DA:10,1
DA:11,1
DA:12,1
DA:13,1
DA:14,1
DA:15,1
DA:16,1
DA:17,1
DA:18,1
DA:19,1
DA:20,1
DA:21,1
DA:22,1
DA:23,1
DA:24,1
DA:25,1
DA:26,1
LF:26
LH:26
BRF:0
BRH:0
end_of_record
TN:
SF:src/routes/product.routes.ts
FNF:0
FNH:0
DA:1,1
DA:2,1
DA:3,1
DA:4,1
DA:5,1
DA:6,1
DA:7,1
DA:8,1
DA:9,1
DA:10,1
DA:11,1
DA:12,1
DA:13,1
DA:14,1
DA:15,1
DA:16,1
DA:17,1
DA:18,1
DA:19,1
DA:20,1
DA:21,1
DA:22,1
DA:23,1
DA:24,1
DA:25,1
DA:26,1
DA:27,1
DA:28,1
DA:29,1
DA:30,1
DA:31,1
DA:32,1
DA:33,1
DA:34,1
DA:35,1
DA:36,1
DA:37,1
DA:38,1
DA:39,1
DA:40,1
LF:40
LH:40
BRF:0
BRH:0
end_of_record
TN:
SF:src/routes/tax.routes.ts
FN:1,(empty-report)
FNF:1
FNH:0
FNDA:0,(empty-report)
DA:1,0
DA:2,0
DA:3,0
DA:4,0
DA:5,0
DA:6,0
DA:7,0
DA:8,0
DA:9,0
DA:10,0
DA:11,0
LF:11
LH:0
BRF:0
BRH:0
end_of_record
TN:
SF:src/routes/user.route.ts
FNF:0
FNH:0
DA:1,1
DA:2,1
DA:3,1
DA:4,1
DA:5,1
DA:6,1
DA:7,1
DA:8,1
DA:9,1
DA:10,1
DA:11,1
DA:12,1
DA:13,1
DA:14,1
DA:15,1
DA:16,1
DA:17,1
DA:18,1
DA:19,1
DA:20,1
DA:21,1
DA:22,1
DA:23,1
DA:24,1
DA:25,1
DA:26,1
DA:27,1
DA:28,1
DA:29,1
DA:30,1
DA:31,1
DA:32,1
DA:33,1
DA:34,1
DA:35,1
DA:36,1
DA:37,1
DA:38,1
DA:39,1
DA:40,1
DA:41,1
DA:42,1
DA:43,1
DA:44,1
DA:45,1
DA:46,1
DA:47,1
LF:47
LH:47
BRF:0
BRH:0
end_of_record
TN:
SF:src/routes/wallet.routes.ts
FNF:0
FNH:0
DA:1,1
DA:2,1
DA:3,1
DA:4,1
DA:5,1
DA:6,1
DA:7,1
DA:8,1
DA:9,1
DA:10,1
DA:11,1
DA:12,1
DA:13,1
DA:14,1
DA:15,1
DA:16,1
DA:17,1
DA:18,1
DA:19,1
DA:20,1
DA:21,1
DA:22,1
DA:23,1
DA:24,1
DA:25,1
LF:25
LH:25
BRF:0
BRH:0
end_of_record
TN:
SF:src/services/business.service.ts
FN:16,BusinessService
FN:27,BusinessService.register
FN:65,BusinessService.login
FN:86,BusinessService.uploadDocument
FN:99,BusinessService.approveBusiness
FN:119,BusinessService.getAllBusinesses
FN:125,BusinessService.getBusinessRawByEmail
FN:131,BusinessService.getBusinessProfile
FN:137,BusinessService.editBusinessProfile
FN:17,sanitizeBusiness
FN:23,getSanitizedBusiness
FNF:11
FNH:9
FNDA:33,BusinessService
FNDA:6,BusinessService.register
FNDA:7,BusinessService.login
FNDA:3,BusinessService.uploadDocument
FNDA:3,BusinessService.approveBusiness
FNDA:2,BusinessService.getAllBusinesses
FNDA:0,BusinessService.getBusinessRawByEmail
FNDA:2,BusinessService.getBusinessProfile
FNDA:5,BusinessService.editBusinessProfile
FNDA:14,sanitizeBusiness
FNDA:0,getSanitizedBusiness
DA:1,1
DA:2,1
DA:3,1
DA:4,1
DA:5,1
DA:6,1
DA:7,1
DA:8,1
DA:9,1
DA:10,1
DA:11,1
DA:12,1
DA:13,1
DA:14,1
DA:15,1
DA:16,33
DA:17,33
DA:18,14
DA:19,14
DA:20,14
DA:21,14
DA:22,33
DA:23,33
DA:24,0
DA:25,0
DA:26,33
DA:27,33
DA:28,6
DA:29,6
DA:30,6
DA:31,6
DA:32,6
DA:33,6
DA:34,6
DA:35,6
DA:36,6
DA:37,6
DA:38,6
DA:39,4
DA:40,4
DA:41,4
DA:42,4
DA:43,4
DA:44,4
DA:45,4
DA:46,4
DA:47,4
DA:48,4
DA:49,4
DA:50,4
DA:51,4
DA:52,4
DA:53,4
DA:54,4
DA:55,4
DA:56,4
DA:57,4
DA:58,4
DA:59,4
DA:60,4
DA:61,4
DA:62,4
DA:63,33
DA:64,33
DA:65,33
DA:66,7
DA:67,7
DA:68,7
DA:69,7
DA:70,6
DA:71,6
DA:72,6
DA:73,4
DA:74,7
DA:75,7
DA:76,3
DA:77,3
DA:78,3
DA:79,2
DA:80,2
DA:81,2
DA:82,2
DA:83,2
DA:84,33
DA:85,33
DA:86,33
DA:87,3
DA:88,3
DA:89,3
DA:90,3
DA:91,3
DA:92,2
DA:93,2
DA:94,2
DA:95,2
DA:96,2
DA:97,33
DA:98,33
DA:99,33
DA:100,3
DA:101,3
DA:102,3
DA:103,3
DA:104,3
DA:105,2
DA:106,3
DA:107,1
DA:108,1
DA:109,1
DA:110,1
DA:111,1
DA:112,1
DA:113,1
DA:114,1
DA:115,2
DA:116,2
DA:117,33
DA:118,33
DA:119,33
DA:120,2
DA:121,2
DA:122,2
DA:123,33
DA:124,33
DA:125,33
DA:126,0
DA:127,0
DA:128,0
DA:129,33
DA:130,33
DA:131,33
DA:132,2
DA:133,2
DA:134,1
DA:135,33
DA:136,33
DA:137,33
DA:138,5
DA:139,5
DA:140,5
DA:141,5
DA:142,5
DA:143,5
DA:144,5
DA:145,5
DA:146,5
DA:147,5
DA:148,5
DA:149,0
DA:150,0
DA:151,5
DA:152,5
DA:153,5
DA:154,5
DA:155,1
DA:156,1
DA:157,5
DA:158,5
DA:159,6
DA:160,6
DA:161,6
DA:162,6
DA:163,1
DA:164,1
DA:165,5
DA:166,5
DA:167,5
DA:168,2
DA:169,2
DA:170,3
DA:171,3
DA:172,3
DA:173,3
DA:174,3
DA:175,3
DA:176,3
DA:177,3
DA:178,5
DA:179,1
DA:180,1
DA:181,2
DA:182,2
DA:183,2
DA:184,2
DA:185,2
DA:186,33
DA:187,33
LF:187
LH:180
BRDA:16,0,0,33
BRDA:27,1,0,6
BRDA:38,2,0,5
BRDA:38,3,0,2
BRDA:39,4,0,4
BRDA:65,5,0,7
BRDA:69,6,0,1
BRDA:70,7,0,6
BRDA:72,8,0,2
BRDA:73,9,0,4
BRDA:74,10,0,1
BRDA:75,11,0,1
BRDA:76,12,0,3
BRDA:78,13,0,1
BRDA:79,14,0,2
BRDA:86,15,0,3
BRDA:91,16,0,2
BRDA:91,17,0,1
BRDA:99,18,0,3
BRDA:104,19,0,1
BRDA:105,20,0,2
BRDA:106,21,0,1
BRDA:113,22,0,0
BRDA:115,23,0,2
BRDA:119,24,0,2
BRDA:122,25,0,5
BRDA:131,26,0,2
BRDA:133,27,0,1
BRDA:137,28,0,5
BRDA:145,29,0,1
BRDA:145,30,0,4
BRDA:148,31,0,0
BRDA:154,32,0,1
BRDA:167,33,0,2
BRDA:170,34,0,3
BRDA:178,35,0,1
BRDA:181,36,0,2
BRDA:158,37,0,6
BRDA:162,38,0,1
BRDA:17,39,0,14
BRDA:18,40,0,0
BRF:41
BRH:38
end_of_record
TN:
SF:src/services/cart.service.ts
FN:6,CartService
FN:10,getCart
FN:18,addToCart
FN:56,updateCartItem
FN:94,removeFromCart
FN:105,clearCart
FN:113,getCartCount
FNF:7
FNH:7
FNDA:32,CartService
FNDA:2,getCart
FNDA:5,addToCart
FNDA:6,updateCartItem
FNDA:2,removeFromCart
FNDA:2,clearCart
FNDA:2,getCartCount
DA:1,1
DA:2,1
DA:3,1
DA:4,1
DA:5,1
DA:6,32
DA:7,32
DA:8,32
DA:9,32
DA:10,32
DA:11,2
DA:12,2
DA:13,1
DA:14,1
DA:15,1
DA:16,1
DA:17,32
DA:18,32
DA:19,5
DA:20,5
DA:21,1
DA:22,1
DA:23,4
DA:24,5
DA:25,1
DA:26,1
DA:27,3
DA:28,3
DA:29,5
DA:30,1
DA:31,1
DA:32,3
DA:33,3
DA:34,1
DA:35,1
DA:36,3
DA:37,3
DA:38,5
DA:39,1
DA:40,5
DA:41,2
DA:42,2
DA:43,2
DA:44,2
DA:45,2
DA:46,2
DA:47,2
DA:48,2
DA:49,2
DA:50,2
DA:51,2
DA:52,3
DA:53,3
DA:54,3
DA:55,32
DA:56,32
DA:57,6
DA:58,6
DA:59,6
DA:60,6
DA:61,6
DA:62,6
DA:63,1
DA:64,1
DA:65,5
DA:66,5
DA:67,4
DA:68,4
DA:69,5
DA:70,5
DA:71,6
DA:72,1
DA:73,1
DA:74,4
DA:75,6
DA:76,3
DA:77,3
DA:78,1
DA:79,1
DA:80,2
DA:81,2
DA:82,3
DA:83,1
DA:84,1
DA:85,3
DA:86,2
DA:87,2
DA:88,2
DA:89,2
DA:90,2
DA:91,2
DA:92,2
DA:93,32
DA:94,32
DA:95,2
DA:96,2
DA:97,2
DA:98,2
DA:99,2
DA:100,1
DA:101,1
DA:102,1
DA:103,1
DA:104,32
DA:105,32
DA:106,2
DA:107,2
DA:108,1
DA:109,1
DA:110,1
DA:111,1
DA:112,32
DA:113,32
DA:114,2
DA:115,2
DA:116,2
DA:117,32
LF:117
LH:117
BRDA:6,0,0,32
BRDA:10,1,0,2
BRDA:12,2,0,1
BRDA:18,3,0,5
BRDA:20,4,0,1
BRDA:23,5,0,4
BRDA:24,6,0,1
BRDA:27,7,0,3
BRDA:29,8,0,1
BRDA:32,9,0,3
BRDA:38,10,0,1
BRDA:40,11,0,2
BRDA:45,12,0,0
BRDA:52,13,0,3
BRDA:33,14,0,1
BRDA:56,15,0,6
BRDA:62,16,0,1
BRDA:65,17,0,5
BRDA:71,18,0,1
BRDA:74,19,0,4
BRDA:75,20,0,3
BRDA:77,21,0,1
BRDA:80,22,0,2
BRDA:82,23,0,1
BRDA:86,24,0,2
BRDA:66,25,0,4
BRDA:94,26,0,2
BRDA:99,27,0,1
BRDA:105,28,0,2
BRDA:107,29,0,1
BRDA:113,30,0,2
BRDA:115,31,0,1
BRDA:115,32,0,1
BRF:33
BRH:32
end_of_record
TN:
SF:src/services/category.service.ts
FN:6,CategoryService
FN:9,addCategory
FN:22,getCategories
FN:26,getCategoryById
FN:30,updateCategory
FN:41,deleteCategory
FNF:6
FNH:6
FNDA:27,CategoryService
FNDA:4,addCategory
FNDA:3,getCategories
FNDA:2,getCategoryById
FNDA:5,updateCategory
FNDA:2,deleteCategory
DA:1,1
DA:2,1
DA:3,1
DA:4,1
DA:5,1
DA:6,27
DA:7,27
DA:8,27
DA:9,27
DA:10,4
DA:11,4
DA:12,2
DA:13,2
DA:14,4
DA:15,4
DA:16,4
DA:17,4
DA:18,4
DA:19,4
DA:20,4
DA:21,27
DA:22,27
DA:23,3
DA:24,3
DA:25,27
DA:26,27
DA:27,2
DA:28,2
DA:29,27
DA:30,27
DA:31,5
DA:32,3
DA:33,3
DA:34,3
DA:35,5
DA:36,5
DA:37,5
DA:38,5
DA:39,5
DA:40,27
DA:41,27
DA:42,2
DA:43,2
DA:44,27
LF:44
LH:44
BRDA:6,0,0,27
BRDA:9,1,0,4
BRDA:11,2,0,2
BRDA:22,3,0,3
BRDA:26,4,0,2
BRDA:30,5,0,5
BRDA:31,6,0,3
BRDA:41,7,0,2
BRF:8
BRH:8
end_of_record
TN:
SF:src/services/order.service.ts
FN:8,OrderService
FN:13,createOrder
FN:59,getUserOrders
FN:67,getOrderById
FN:71,getBusinessOrders
FN:79,updateOrderStatus
FN:87,updatePaymentStatus
FN:94,getUserOrdersCount
FN:98,getBusinessOrdersCount
FNF:9
FNH:9
FNDA:34,OrderService
FNDA:4,createOrder
FNDA:3,getUserOrders
FNDA:2,getOrderById
FNDA:3,getBusinessOrders
FNDA:3,updateOrderStatus
FNDA:2,updatePaymentStatus
FNDA:2,getUserOrdersCount
FNDA:2,getBusinessOrdersCount
DA:1,1
DA:2,1
DA:3,1
DA:4,1
DA:5,1
DA:6,1
DA:7,1
DA:8,34
DA:9,34
DA:10,34
DA:11,34
DA:12,34
DA:13,34
DA:14,4
DA:15,4
DA:16,4
DA:17,4
DA:18,6
DA:19,6
DA:20,6
DA:21,4
DA:22,4
DA:23,4
DA:24,4
DA:25,4
DA:26,4
DA:27,4
DA:28,4
DA:29,4
DA:30,4
DA:31,4
DA:32,4
DA:33,4
DA:34,4
DA:35,4
DA:36,4
DA:37,4
DA:38,4
DA:39,4
DA:40,4
DA:41,6
DA:42,6
DA:43,6
DA:44,6
DA:45,5
DA:46,5
DA:47,5
DA:48,6
DA:49,4
DA:50,4
DA:51,4
DA:52,4
DA:53,3
DA:54,3
DA:55,4
DA:56,4
DA:57,4
DA:58,34
DA:59,34
DA:60,3
DA:61,3
DA:62,3
DA:63,3
DA:64,3
DA:65,3
DA:66,34
DA:67,34
DA:68,2
DA:69,2
DA:70,34
DA:71,34
DA:72,3
DA:73,3
DA:74,3
DA:75,3
DA:76,3
DA:77,3
DA:78,34
DA:79,34
DA:80,3
DA:81,3
DA:82,3
DA:83,3
DA:84,3
DA:85,3
DA:86,34
DA:87,34
DA:88,2
DA:89,2
DA:90,2
DA:91,2
DA:92,2
DA:93,34
DA:94,34
DA:95,2
DA:96,2
DA:97,34
DA:98,34
DA:99,2
DA:100,2
DA:101,34
LF:101
LH:101
BRDA:8,0,0,34
BRDA:13,1,0,4
BRDA:40,2,0,6
BRDA:44,3,0,5
BRDA:52,4,0,3
BRDA:17,5,0,6
BRDA:19,6,0,3
BRDA:59,7,0,3
BRDA:67,8,0,2
BRDA:71,9,0,3
BRDA:79,10,0,3
BRDA:87,11,0,2
BRDA:94,12,0,2
BRDA:98,13,0,2
BRF:14
BRH:14
end_of_record
TN:
SF:src/services/payment.service.ts
FN:24,PaymentService
FN:42,PaymentService.initiateKhaltiPayment
FN:104,PaymentService.verifyKhaltiPayment
FN:324,PaymentService.getPaymentByOrderId
FN:332,PaymentService.getUserPayments
FN:348,PaymentService.getAllPayments
FN:32,sanitizePayment
FN:38,getSanitizedPayment
FNF:8
FNH:7
FNDA:32,PaymentService
FNDA:4,PaymentService.initiateKhaltiPayment
FNDA:7,PaymentService.verifyKhaltiPayment
FNDA:2,PaymentService.getPaymentByOrderId
FNDA:3,PaymentService.getUserPayments
FNDA:3,PaymentService.getAllPayments
FNDA:14,sanitizePayment
FNDA:0,getSanitizedPayment
DA:1,1
DA:2,1
DA:3,1
DA:4,1
DA:5,1
DA:6,1
DA:7,1
DA:8,1
DA:9,1
DA:10,1
DA:11,1
DA:12,1
DA:13,1
DA:14,1
DA:15,1
DA:16,1
DA:17,1
DA:18,1
DA:19,1
DA:20,1
DA:21,1
DA:22,1
DA:23,1
DA:24,1
DA:25,32
DA:26,32
DA:27,32
DA:28,32
DA:29,32
DA:30,32
DA:31,1
DA:32,1
DA:33,14
DA:34,14
DA:35,14
DA:36,14
DA:37,1
DA:38,1
DA:39,0
DA:40,0
DA:41,1
DA:42,1
DA:43,4
DA:44,4
DA:45,4
DA:46,4
DA:47,4
DA:48,4
DA:49,4
DA:50,1
DA:51,1
DA:52,3
DA:53,3
DA:54,3
DA:55,3
DA:56,4
DA:57,2
DA:58,1
DA:59,1
DA:60,1
DA:61,1
DA:62,1
DA:63,1
DA:64,1
DA:65,1
DA:66,1
DA:67,1
DA:68,1
DA:69,1
DA:70,1
DA:71,1
DA:72,1
DA:73,1
DA:74,1
DA:75,4
DA:76,4
DA:77,4
DA:78,4
DA:79,4
DA:80,4
DA:81,1
DA:82,1
DA:83,1
DA:84,1
DA:85,1
DA:86,1
DA:87,1
DA:88,1
DA:89,1
DA:90,1
DA:91,1
DA:92,1
DA:93,1
DA:94,1
DA:95,1
DA:96,1
DA:97,1
DA:98,1
DA:99,1
DA:100,1
DA:101,1
DA:102,1
DA:103,1
DA:104,1
DA:105,7
DA:106,7
DA:107,7
DA:108,7
DA:109,7
DA:110,7
DA:111,7
DA:112,7
DA:113,7
DA:114,1
DA:115,1
DA:116,1
DA:117,6
DA:118,6
DA:119,7
DA:120,1
DA:121,1
DA:122,1
DA:123,1
DA:124,1
DA:125,5
DA:126,7
DA:127,1
DA:128,1
DA:129,1
DA:130,1
DA:131,1
DA:132,1
DA:133,1
DA:134,1
DA:135,1
DA:136,4
DA:137,4
DA:138,4
DA:139,4
DA:140,4
DA:141,4
DA:142,4
DA:143,4
DA:144,7
DA:145,3
DA:146,3
DA:147,3
DA:148,3
DA:149,3
DA:150,3
DA:151,3
DA:152,3
DA:153,3
DA:154,3
DA:155,3
DA:156,3
DA:157,3
DA:158,3
DA:159,3
DA:160,3
DA:161,3
DA:162,3
DA:163,0
DA:164,0
DA:165,0
DA:166,3
DA:167,3
DA:168,3
DA:169,3
DA:170,3
DA:171,3
DA:172,3
DA:173,3
DA:174,6
DA:175,6
DA:176,6
DA:177,6
DA:178,6
DA:179,5
DA:180,3
DA:181,3
DA:182,5
DA:183,2
DA:184,2
DA:185,2
DA:186,5
DA:187,6
DA:188,6
DA:189,1
DA:190,1
DA:191,1
DA:192,5
DA:193,6
DA:194,6
DA:195,6
DA:196,6
DA:197,6
DA:198,6
DA:199,6
DA:200,6
DA:201,6
DA:202,6
DA:203,6
DA:204,6
DA:205,6
DA:206,6
DA:207,6
DA:208,6
DA:209,6
DA:210,6
DA:211,6
DA:212,6
DA:213,6
DA:214,6
DA:215,6
DA:216,6
DA:217,6
DA:218,3
DA:219,3
DA:220,3
DA:221,3
DA:222,3
DA:223,5
DA:224,5
DA:225,5
DA:226,5
DA:227,5
DA:228,5
DA:229,5
DA:230,5
DA:231,5
DA:232,5
DA:233,5
DA:234,5
DA:235,5
DA:236,5
DA:237,4
DA:238,4
DA:239,4
DA:240,4
DA:241,4
DA:242,4
DA:243,4
DA:244,4
DA:245,4
DA:246,4
DA:247,4
DA:248,4
DA:249,4
DA:250,4
DA:251,4
DA:252,4
DA:253,4
DA:254,4
DA:255,4
DA:256,4
DA:257,4
DA:258,4
DA:259,4
DA:260,4
DA:261,4
DA:262,4
DA:263,4
DA:264,4
DA:265,4
DA:266,4
DA:267,4
DA:268,4
DA:269,4
DA:270,4
DA:271,4
DA:272,4
DA:273,4
DA:274,4
DA:275,4
DA:276,5
DA:277,1
DA:278,1
DA:279,1
DA:280,1
DA:281,5
DA:282,3
DA:283,3
DA:284,3
DA:285,3
DA:286,3
DA:287,3
DA:288,3
DA:289,3
DA:290,3
DA:291,3
DA:292,3
DA:293,3
DA:294,3
DA:295,7
DA:296,1
DA:297,1
DA:298,1
DA:299,1
DA:300,1
DA:301,1
DA:302,1
DA:303,1
DA:304,1
DA:305,1
DA:306,1
DA:307,1
DA:308,1
DA:309,1
DA:310,1
DA:311,1
DA:312,1
DA:313,1
DA:314,1
DA:315,1
DA:316,1
DA:317,7
DA:318,3
DA:319,3
DA:320,3
DA:321,3
DA:322,3
DA:323,1
DA:324,1
DA:325,2
DA:326,2
DA:327,1
DA:328,1
DA:329,1
DA:330,1
DA:331,1
DA:332,1
DA:333,3
DA:334,3
DA:335,3
DA:336,3
DA:337,3
DA:338,3
DA:339,3
DA:340,3
DA:341,3
DA:342,3
DA:343,3
DA:344,3
DA:345,3
DA:346,1
DA:347,1
DA:348,1
DA:349,3
DA:350,3
DA:351,3
DA:352,3
DA:353,3
DA:354,3
DA:355,3
DA:356,3
DA:357,3
DA:358,3
DA:359,3
DA:360,1
DA:361,1
LF:361
LH:356
BRDA:24,0,0,32
BRDA:42,1,0,4
BRDA:49,2,0,1
BRDA:52,3,0,3
BRDA:56,4,0,2
BRDA:57,5,0,1
BRDA:66,6,0,1
BRDA:75,7,0,0
BRDA:81,8,0,1
BRDA:104,9,0,7
BRDA:113,10,0,1
BRDA:117,11,0,6
BRDA:119,12,0,1
BRDA:125,13,0,5
BRDA:126,14,0,1
BRDA:136,15,0,4
BRDA:144,16,0,3
BRDA:162,17,0,0
BRDA:173,18,0,6
BRDA:178,19,0,5
BRDA:179,20,0,3
BRDA:179,21,0,3
BRDA:182,22,0,2
BRDA:188,23,0,1
BRDA:192,24,0,5
BRDA:193,25,0,0
BRDA:193,26,0,0
BRDA:194,27,0,2
BRDA:205,28,0,5
BRDA:214,29,0,5
BRDA:222,30,0,5
BRDA:236,31,0,4
BRDA:257,32,0,0
BRDA:276,33,0,1
BRDA:295,34,0,1
BRDA:317,35,0,3
BRDA:324,36,0,2
BRDA:326,37,0,1
BRDA:332,38,0,3
BRDA:345,39,0,3
BRDA:348,40,0,3
BRDA:359,41,0,4
BRDA:32,42,0,14
BRDA:33,43,0,0
BRF:44
BRH:38
end_of_record
TN:
SF:src/services/product.service.ts
FN:7,ProductService
FN:10,addProduct
FN:29,getBusinessProducts
FN:33,getProductById
FN:38,getProductsByCategory
FN:45,updateProduct
FN:65,deleteProduct
FNF:7
FNH:7
FNDA:32,ProductService
FNDA:5,addProduct
FNDA:3,getBusinessProducts
FNDA:8,getProductById
FNDA:3,getProductsByCategory
FNDA:7,updateProduct
FNDA:3,deleteProduct
DA:1,1
DA:2,1
DA:3,1
DA:4,1
DA:5,1
DA:6,1
DA:7,32
DA:8,32
DA:9,32
DA:10,32
DA:11,5
DA:12,5
DA:13,5
DA:14,5
DA:15,5
DA:16,5
DA:17,4
DA:18,4
DA:19,4
DA:20,4
DA:21,4
DA:22,5
DA:23,5
DA:24,5
DA:25,4
DA:26,4
DA:27,4
DA:28,32
DA:29,32
DA:30,3
DA:31,3
DA:32,32
DA:33,32
DA:34,8
DA:35,8
DA:36,32
DA:37,32
DA:38,32
DA:39,3
DA:40,3
DA:41,2
DA:42,2
DA:43,2
DA:44,32
DA:45,32
DA:46,7
DA:47,7
DA:48,7
DA:49,7
DA:50,7
DA:51,3
DA:52,3
DA:53,2
DA:54,2
DA:55,2
DA:56,6
DA:57,6
DA:58,6
DA:59,6
DA:60,7
DA:61,6
DA:62,6
DA:63,6
DA:64,32
DA:65,32
DA:66,3
DA:67,3
DA:68,32
LF:68
LH:68
BRDA:7,0,0,32
BRDA:10,1,0,5
BRDA:16,2,0,1
BRDA:17,3,0,4
BRDA:22,4,0,2
BRDA:25,5,0,4
BRDA:29,6,0,3
BRDA:33,7,0,8
BRDA:38,8,0,3
BRDA:40,9,0,1
BRDA:41,10,0,2
BRDA:45,11,0,7
BRDA:50,12,0,3
BRDA:52,13,0,1
BRDA:53,14,0,2
BRDA:56,15,0,6
BRDA:60,16,0,2
BRDA:61,17,0,6
BRDA:65,18,0,3
BRF:19
BRH:19
end_of_record
TN:
SF:src/services/user.service.ts
FN:14,UserService
FN:28,UserService.createUser
FN:41,UserService.updateUser
FN:54,UserService.getAllUsers
FN:60,UserService.getUserById
FN:66,UserService.getUserRawByEmail
FN:72,UserService.getUserByEmail
FN:78,UserService.deleteUser
FN:124,UserService.changePassword
FN:18,sanitizeUser
FN:24,getSanitizedUser
FN:86,sendResetPasswordEmail
FN:103,resetPassword
FNF:13
FNH:13
FNDA:39,UserService
FNDA:5,UserService.createUser
FNDA:4,UserService.updateUser
FNDA:3,UserService.getAllUsers
FNDA:3,UserService.getUserById
FNDA:5,UserService.getUserRawByEmail
FNDA:2,UserService.getUserByEmail
FNDA:2,UserService.deleteUser
FNDA:3,UserService.changePassword
FNDA:13,sanitizeUser
FNDA:2,getSanitizedUser
FNDA:3,sendResetPasswordEmail
FNDA:4,resetPassword
DA:1,1
DA:2,1
DA:3,1
DA:4,1
DA:5,1
DA:6,1
DA:7,1
DA:8,1
DA:9,1
DA:10,1
DA:11,1
DA:12,1
DA:13,1
DA:14,1
DA:15,39
DA:16,39
DA:17,1
DA:18,1
DA:19,13
DA:20,13
DA:21,13
DA:22,13
DA:23,1
DA:24,1
DA:25,2
DA:26,2
DA:27,1
DA:28,1
DA:29,5
DA:30,5
DA:31,3
DA:32,3
DA:33,2
DA:34,2
DA:35,2
DA:36,2
DA:37,2
DA:38,2
DA:39,1
DA:40,1
DA:41,1
DA:42,4
DA:43,4
DA:44,3
DA:45,3
DA:46,3
DA:47,3
DA:48,3
DA:49,4
DA:50,2
DA:51,2
DA:52,1
DA:53,1
DA:54,1
DA:55,3
DA:56,3
DA:57,3
DA:58,1
DA:59,1
DA:60,1
DA:61,3
DA:62,3
DA:63,2
DA:64,1
DA:65,1
DA:66,1
DA:67,5
DA:68,5
DA:69,4
DA:70,1
DA:71,1
DA:72,1
DA:73,2
DA:74,2
DA:75,1
DA:76,1
DA:77,1
DA:78,1
DA:79,2
DA:80,2
DA:81,1
DA:82,1
DA:83,1
DA:84,1
DA:85,1
DA:86,1
DA:87,3
DA:88,1
DA:89,1
DA:90,2
DA:91,3
DA:92,1
DA:93,1
DA:94,1
DA:95,1
DA:96,1
DA:97,1
DA:98,1
DA:99,1
DA:100,1
DA:101,1
DA:102,1
DA:103,1
DA:104,4
DA:105,4
DA:106,1
DA:107,1
DA:108,3
DA:109,3
DA:110,3
DA:111,4
DA:112,1
DA:113,1
DA:114,1
DA:115,1
DA:116,1
DA:117,1
DA:118,1
DA:119,4
DA:120,3
DA:121,3
DA:122,4
DA:123,1
DA:124,1
DA:125,3
DA:126,3
DA:127,3
DA:128,3
DA:129,3
DA:130,3
DA:131,1
DA:132,1
DA:133,2
DA:134,2
DA:135,2
DA:136,2
DA:137,2
DA:138,3
DA:139,1
DA:140,1
DA:141,1
DA:142,1
DA:143,1
DA:144,1
DA:145,1
DA:146,1
DA:147,1
DA:148,1
DA:149,1
DA:150,1
LF:150
LH:150
BRDA:14,0,0,39
BRDA:28,1,0,5
BRDA:30,2,0,4
BRDA:30,3,0,3
BRDA:33,4,0,2
BRDA:41,5,0,4
BRDA:43,6,0,1
BRDA:44,7,0,3
BRDA:49,8,0,2
BRDA:49,9,0,1
BRDA:54,10,0,3
BRDA:57,11,0,4
BRDA:60,12,0,3
BRDA:62,13,0,2
BRDA:62,14,0,1
BRDA:66,15,0,5
BRDA:68,16,0,4
BRDA:68,17,0,1
BRDA:72,18,0,2
BRDA:74,19,0,1
BRDA:78,20,0,2
BRDA:80,21,0,1
BRDA:124,22,0,3
BRDA:130,23,0,1
BRDA:133,24,0,2
BRDA:138,25,0,1
BRDA:18,26,0,13
BRDA:19,27,0,0
BRDA:24,28,0,2
BRDA:86,29,0,3
BRDA:87,30,0,1
BRDA:90,31,0,2
BRDA:91,32,0,1
BRDA:103,33,0,4
BRDA:105,34,0,3
BRDA:105,35,0,1
BRDA:108,36,0,3
BRDA:111,37,0,2
BRDA:111,38,0,1
BRDA:119,39,0,3
BRF:40
BRH:39
end_of_record
TN:
SF:src/services/wallet.service.ts
FN:12,WalletService
FN:17,getOrCreateWallet
FN:43,creditUser
FN:134,debitUser
FN:229,getBalance
FN:244,getTransactions
FN:280,checkTransactionExists
FNF:7
FNH:7
FNDA:51,WalletService
FNDA:18,getOrCreateWallet
FNDA:5,creditUser
FNDA:6,debitUser
FNDA:3,getBalance
FNDA:4,getTransactions
FNDA:4,checkTransactionExists
DA:1,1
DA:2,1
DA:3,1
DA:4,1
DA:5,1
DA:6,1
DA:7,1
DA:8,1
DA:9,1
DA:10,1
DA:11,1
DA:12,1
DA:13,51
DA:14,51
DA:15,51
DA:16,1
DA:17,1
DA:18,18
DA:19,18
DA:20,18
DA:21,18
DA:22,18
DA:23,18
DA:24,18
DA:25,18
DA:26,18
DA:27,18
DA:28,18
DA:29,3
DA:30,3
DA:31,3
DA:32,3
DA:33,3
DA:34,3
DA:35,3
DA:36,3
DA:37,3
DA:38,3
DA:39,18
DA:40,18
DA:41,18
DA:42,1
DA:43,1
DA:44,5
DA:45,5
DA:46,5
DA:47,5
DA:48,5
DA:49,5
DA:50,5
DA:51,5
DA:52,3
DA:53,3
DA:54,3
DA:55,3
DA:56,3
DA:57,3
DA:58,3
DA:59,1
DA:60,1
DA:61,2
DA:62,2
DA:63,2
DA:64,2
DA:65,2
DA:66,2
DA:67,2
DA:68,2
DA:69,2
DA:70,2
DA:71,2
DA:72,2
DA:73,2
DA:74,2
DA:75,2
DA:76,2
DA:77,2
DA:78,2
DA:79,2
DA:80,5
DA:81,2
DA:82,2
DA:83,2
DA:84,2
DA:85,2
DA:86,2
DA:87,2
DA:88,2
DA:89,2
DA:90,2
DA:91,2
DA:92,2
DA:93,2
DA:94,2
DA:95,2
DA:96,1
DA:97,2
DA:98,0
DA:99,0
DA:100,1
DA:101,1
DA:102,1
DA:103,1
DA:104,1
DA:105,1
DA:106,1
DA:107,1
DA:108,1
DA:109,1
DA:110,1
DA:111,1
DA:112,1
DA:113,1
DA:114,1
DA:115,1
DA:116,1
DA:117,1
DA:118,1
DA:119,1
DA:120,1
DA:121,1
DA:122,1
DA:123,1
DA:124,1
DA:125,1
DA:126,1
DA:127,1
DA:128,2
DA:129,5
DA:130,2
DA:131,2
DA:132,5
DA:133,1
DA:134,1
DA:135,6
DA:136,6
DA:137,6
DA:138,6
DA:139,6
DA:140,6
DA:141,6
DA:142,6
DA:143,2
DA:144,2
DA:145,4
DA:146,6
DA:147,2
DA:148,2
DA:149,2
DA:150,2
DA:151,2
DA:152,2
DA:153,2
DA:154,1
DA:155,1
DA:156,1
DA:157,1
DA:158,1
DA:159,1
DA:160,1
DA:161,1
DA:162,1
DA:163,1
DA:164,1
DA:165,1
DA:166,1
DA:167,1
DA:168,1
DA:169,1
DA:170,1
DA:171,1
DA:172,1
DA:173,1
DA:174,1
DA:175,2
DA:176,2
DA:177,2
DA:178,2
DA:179,2
DA:180,2
DA:181,2
DA:182,2
DA:183,2
DA:184,2
DA:185,2
DA:186,2
DA:187,2
DA:188,2
DA:189,2
DA:190,2
DA:191,1
DA:192,2
DA:193,0
DA:194,0
DA:195,1
DA:196,1
DA:197,1
DA:198,1
DA:199,1
DA:200,1
DA:201,1
DA:202,1
DA:203,1
DA:204,1
DA:205,1
DA:206,1
DA:207,1
DA:208,1
DA:209,1
DA:210,1
DA:211,1
DA:212,1
DA:213,1
DA:214,1
DA:215,1
DA:216,1
DA:217,1
DA:218,1
DA:219,1
DA:220,1
DA:221,1
DA:222,1
DA:223,2
DA:224,6
DA:225,4
DA:226,4
DA:227,6
DA:228,1
DA:229,1
DA:230,3
DA:231,3
DA:232,3
DA:233,3
DA:234,3
DA:235,3
DA:236,1
DA:237,1
DA:238,1
DA:239,1
DA:240,1
DA:241,1
DA:242,3
DA:243,1
DA:244,1
DA:245,4
DA:246,4
DA:247,4
DA:248,4
DA:249,4
DA:250,4
DA:251,4
DA:252,4
DA:253,4
DA:254,4
DA:255,4
DA:256,4
DA:257,4
DA:258,4
DA:259,4
DA:260,3
DA:261,3
DA:262,3
DA:263,3
DA:264,3
DA:265,3
DA:266,3
DA:267,3
DA:268,3
DA:269,3
DA:270,3
DA:271,3
DA:272,3
DA:273,3
DA:274,3
DA:275,4
DA:276,1
DA:277,1
DA:278,4
DA:279,1
DA:280,1
DA:281,4
DA:282,4
DA:283,4
DA:284,4
DA:285,4
DA:286,4
DA:287,4
DA:288,4
DA:289,4
DA:290,4
DA:291,3
DA:292,4
DA:293,1
DA:294,1
DA:295,4
DA:296,1
LF:296
LH:292
BRDA:12,0,0,51
BRDA:17,1,0,18
BRDA:28,2,0,3
BRDA:43,3,0,5
BRDA:51,4,0,3
BRDA:58,5,0,1
BRDA:61,6,0,2
BRDA:80,7,0,2
BRDA:96,8,0,1
BRDA:97,9,0,0
BRDA:100,10,0,1
BRDA:129,11,0,2
BRDA:134,12,0,6
BRDA:142,13,0,2
BRDA:145,14,0,4
BRDA:146,15,0,2
BRDA:153,16,0,1
BRDA:191,17,0,1
BRDA:192,18,0,0
BRDA:195,19,0,1
BRDA:224,20,0,4
BRDA:229,21,0,3
BRDA:235,22,0,2
BRDA:235,23,0,1
BRDA:244,24,0,4
BRDA:250,25,0,3
BRDA:251,26,0,3
BRDA:260,27,0,3
BRDA:275,28,0,1
BRDA:280,29,0,4
BRDA:291,30,0,3
BRDA:292,31,0,1
BRF:32
BRH:30
end_of_record
TN:
SF:src/types/business.type.ts
FNF:0
FNH:0
DA:1,1
DA:2,1
DA:3,1
DA:4,1
DA:5,1
DA:6,1
DA:7,1
DA:8,1
DA:9,1
DA:10,1
DA:11,1
DA:12,1
DA:13,1
DA:14,1
DA:15,1
DA:16,1
DA:17,1
DA:18,1
DA:19,1
DA:20,1
DA:21,1
DA:22,1
LF:22
LH:22
BRF:0
BRH:0
end_of_record
TN:
SF:src/types/cart.type.ts
FNF:0
FNH:0
DA:1,1
DA:2,1
DA:3,1
DA:4,1
DA:5,1
DA:6,1
DA:7,1
DA:8,1
DA:9,1
DA:10,1
DA:11,1
DA:12,1
DA:13,1
DA:14,1
DA:15,1
DA:16,1
DA:17,1
DA:18,1
DA:19,1
DA:20,1
DA:21,1
DA:22,1
DA:23,1
LF:23
LH:23
BRF:0
BRH:0
end_of_record
TN:
SF:src/types/category.type.ts
FNF:0
FNH:0
DA:1,1
DA:2,1
DA:3,1
DA:4,1
DA:5,1
DA:6,1
DA:7,1
DA:8,1
DA:9,1
DA:10,1
DA:11,1
DA:12,1
LF:12
LH:12
BRF:0
BRH:0
end_of_record
TN:
SF:src/types/order.type.ts
FNF:0
FNH:0
DA:1,1
DA:2,1
DA:3,1
DA:4,1
DA:5,1
DA:6,1
DA:7,1
DA:8,1
DA:9,1
DA:10,1
DA:11,1
DA:12,1
DA:13,1
DA:14,1
DA:15,1
DA:16,1
DA:17,1
DA:18,1
DA:19,1
DA:20,1
DA:21,1
DA:22,1
DA:23,1
DA:24,1
DA:25,1
DA:26,1
DA:27,1
DA:28,1
DA:29,1
DA:30,1
DA:31,1
DA:32,1
DA:33,1
DA:34,1
DA:35,1
DA:36,1
DA:37,1
DA:38,1
DA:39,1
DA:40,1
DA:41,1
DA:42,1
DA:43,1
DA:44,1
LF:44
LH:44
BRF:0
BRH:0
end_of_record
TN:
SF:src/types/payment.type.ts
FNF:0
FNH:0
DA:1,1
DA:2,1
DA:3,1
DA:4,1
DA:5,1
DA:6,1
DA:7,1
DA:8,1
DA:9,1
DA:10,1
DA:11,1
DA:12,1
DA:13,1
DA:14,1
DA:15,1
DA:16,1
DA:17,1
DA:18,1
DA:19,1
DA:20,1
DA:21,1
DA:22,1
DA:23,1
DA:24,1
DA:25,1
DA:26,1
DA:27,1
LF:27
LH:27
BRF:0
BRH:0
end_of_record
TN:
SF:src/types/product.type.ts
FNF:0
FNH:0
DA:1,1
DA:2,1
DA:3,1
DA:4,1
DA:5,1
DA:6,1
DA:7,1
DA:8,1
DA:9,1
DA:10,1
DA:11,1
DA:12,1
DA:13,1
DA:14,1
DA:15,1
DA:16,1
DA:17,1
DA:18,1
DA:19,1
DA:20,1
LF:20
LH:20
BRF:0
BRH:0
end_of_record
TN:
SF:src/types/user.type.ts
FNF:0
FNH:0
DA:1,1
DA:2,1
DA:3,1
DA:4,1
DA:5,1
DA:6,1
DA:7,1
DA:8,1
DA:9,1
DA:10,1
DA:11,1
DA:12,1
DA:13,1
DA:14,1
DA:15,1
LF:15
LH:15
BRF:0
BRH:0
end_of_record
TN:
SF:src/types/wallet.type.ts
FNF:0
FNH:0
DA:1,1
DA:2,1
DA:3,1
DA:4,1
DA:5,1
DA:6,1
DA:7,1
DA:8,1
DA:9,1
DA:10,1
DA:11,1
DA:12,1
DA:13,1
DA:14,1
DA:15,1
DA:16,1
DA:17,1
DA:18,1
DA:19,1
DA:20,1
DA:21,1
DA:22,1
DA:23,1
DA:24,1
DA:25,1
DA:26,1
DA:27,1
DA:28,1
DA:29,1
LF:29
LH:29
BRF:0
BRH:0
end_of_record
